[ 2015-04-28T15:11:41+08:00 ] 127.0.0.1 /Public/bootstrap/images/login_logo.png
INFO: [ app_init ] --START--
INFO: Run Behavior\BuildLiteBehavior [ RunTime:0.000052s ]
INFO: [ app_init ] --END-- [ RunTime:0.000276s ]
ERR: Êó†Ê≥ïÂä†ËΩΩÊ®°Âùó:Public
NOTIC: [8] Array to string conversion F:\phpEnve\Apache\htdocs\lobster\ThinkPHP\Tpl\think_exception.tpl Á¨¨ 43 Ë°å.
NOTIC: [8] Undefined variable: jumpUrl F:\phpEnve\Apache\htdocs\lobster\ThinkPHP\Tpl\think_exception.tpl Á¨¨ 49 Ë°å.
NOTIC: [8] Use of undefined constant __APP__ - assumed '__APP__' F:\phpEnve\Apache\htdocs\lobster\ThinkPHP\Common\functions.php Á¨¨ 974 Ë°å.
NOTIC: [8] Use of undefined constant __APP__ - assumed '__APP__' F:\phpEnve\Apache\htdocs\lobster\ThinkPHP\Common\functions.php Á¨¨ 974 Ë°å.

[ 2015-04-28T15:11:42+08:00 ] 127.0.0.1 /Public/bootstrap/images/icon24_login.png
INFO: [ app_init ] --START--
INFO: Run Behavior\BuildLiteBehavior [ RunTime:0.000025s ]
INFO: [ app_init ] --END-- [ RunTime:0.000119s ]
ERR: Êó†Ê≥ïÂä†ËΩΩÊ®°Âùó:Public
NOTIC: [8] Array to string conversion F:\phpEnve\Apache\htdocs\lobster\ThinkPHP\Tpl\think_exception.tpl Á¨¨ 43 Ë°å.
NOTIC: [8] Undefined variable: jumpUrl F:\phpEnve\Apache\htdocs\lobster\ThinkPHP\Tpl\think_exception.tpl Á¨¨ 49 Ë°å.
NOTIC: [8] Use of undefined constant __APP__ - assumed '__APP__' F:\phpEnve\Apache\htdocs\lobster\ThinkPHP\Common\functions.php Á¨¨ 974 Ë°å.
NOTIC: [8] Use of undefined constant __APP__ - assumed '__APP__' F:\phpEnve\Apache\htdocs\lobster\ThinkPHP\Common\functions.php Á¨¨ 974 Ë°å.

[ 2015-04-28T15:11:42+08:00 ] 127.0.0.1 /favicon.ico
INFO: [ app_init ] --START--
INFO: Run Behavior\BuildLiteBehavior [ RunTime:0.000025s ]
INFO: [ app_init ] --END-- [ RunTime:0.000117s ]
ERR: Êó†Ê≥ïÂä†ËΩΩÊ®°Âùó:Favicon
NOTIC: [8] Array to string conversion F:\phpEnve\Apache\htdocs\lobster\ThinkPHP\Tpl\think_exception.tpl Á¨¨ 43 Ë°å.
NOTIC: [8] Undefined variable: jumpUrl F:\phpEnve\Apache\htdocs\lobster\ThinkPHP\Tpl\think_exception.tpl Á¨¨ 49 Ë°å.
NOTIC: [8] Use of undefined constant __APP__ - assumed '__APP__' F:\phpEnve\Apache\htdocs\lobster\ThinkPHP\Common\functions.php Á¨¨ 974 Ë°å.
NOTIC: [8] Use of undefined constant __APP__ - assumed '__APP__' F:\phpEnve\Apache\htdocs\lobster\ThinkPHP\Common\functions.php Á¨¨ 974 Ë°å.

[ 2015-04-28T15:39:55+08:00 ] 127.0.0.1 /Public/bootstrap/images/loading_icon.gif
INFO: [ app_init ] --START--
INFO: Run Behavior\BuildLiteBehavior [ RunTime:0.000056s ]
INFO: [ app_init ] --END-- [ RunTime:0.000238s ]
ERR: Êó†Ê≥ïÂä†ËΩΩÊ®°Âùó:Public
NOTIC: [8] Array to string conversion F:\phpEnve\Apache\htdocs\lobster\ThinkPHP\Tpl\think_exception.tpl Á¨¨ 43 Ë°å.
NOTIC: [8] Undefined variable: jumpUrl F:\phpEnve\Apache\htdocs\lobster\ThinkPHP\Tpl\think_exception.tpl Á¨¨ 49 Ë°å.
NOTIC: [8] Use of undefined constant __APP__ - assumed '__APP__' F:\phpEnve\Apache\htdocs\lobster\ThinkPHP\Common\functions.php Á¨¨ 974 Ë°å.
NOTIC: [8] Use of undefined constant __APP__ - assumed '__APP__' F:\phpEnve\Apache\htdocs\lobster\ThinkPHP\Common\functions.php Á¨¨ 974 Ë°å.

[ 2015-04-28T15:42:40+08:00 ] 127.0.0.1 /Public/bootstrap/images/icon24_login.png
INFO: [ app_init ] --START--
INFO: Run Behavior\BuildLiteBehavior [ RunTime:0.000033s ]
INFO: [ app_init ] --END-- [ RunTime:0.000163s ]
ERR: Êó†Ê≥ïÂä†ËΩΩÊ®°Âùó:Public
NOTIC: [8] Array to string conversion F:\phpEnve\Apache\htdocs\lobster\ThinkPHP\Tpl\think_exception.tpl Á¨¨ 43 Ë°å.
NOTIC: [8] Undefined variable: jumpUrl F:\phpEnve\Apache\htdocs\lobster\ThinkPHP\Tpl\think_exception.tpl Á¨¨ 49 Ë°å.
NOTIC: [8] Use of undefined constant __APP__ - assumed '__APP__' F:\phpEnve\Apache\htdocs\lobster\ThinkPHP\Common\functions.php Á¨¨ 974 Ë°å.
NOTIC: [8] Use of undefined constant __APP__ - assumed '__APP__' F:\phpEnve\Apache\htdocs\lobster\ThinkPHP\Common\functions.php Á¨¨ 974 Ë°å.

[ 2015-04-28T15:42:40+08:00 ] 127.0.0.1 /Public/bootstrap/images/login_logo.png
INFO: [ app_init ] --START--
INFO: Run Behavior\BuildLiteBehavior [ RunTime:0.000033s ]
INFO: [ app_init ] --END-- [ RunTime:0.000161s ]
ERR: Êó†Ê≥ïÂä†ËΩΩÊ®°Âùó:Public
NOTIC: [8] Array to string conversion F:\phpEnve\Apache\htdocs\lobster\ThinkPHP\Tpl\think_exception.tpl Á¨¨ 43 Ë°å.
NOTIC: [8] Undefined variable: jumpUrl F:\phpEnve\Apache\htdocs\lobster\ThinkPHP\Tpl\think_exception.tpl Á¨¨ 49 Ë°å.
NOTIC: [8] Use of undefined constant __APP__ - assumed '__APP__' F:\phpEnve\Apache\htdocs\lobster\ThinkPHP\Common\functions.php Á¨¨ 974 Ë°å.
NOTIC: [8] Use of undefined constant __APP__ - assumed '__APP__' F:\phpEnve\Apache\htdocs\lobster\ThinkPHP\Common\functions.php Á¨¨ 974 Ë°å.

[ 2015-04-28T15:42:40+08:00 ] 127.0.0.1 /favicon.ico
INFO: [ app_init ] --START--
INFO: Run Behavior\BuildLiteBehavior [ RunTime:0.000030s ]
INFO: [ app_init ] --END-- [ RunTime:0.000145s ]
ERR: Êó†Ê≥ïÂä†ËΩΩÊ®°Âùó:Favicon
NOTIC: [8] Array to string conversion F:\phpEnve\Apache\htdocs\lobster\ThinkPHP\Tpl\think_exception.tpl Á¨¨ 43 Ë°å.
NOTIC: [8] Undefined variable: jumpUrl F:\phpEnve\Apache\htdocs\lobster\ThinkPHP\Tpl\think_exception.tpl Á¨¨ 49 Ë°å.
NOTIC: [8] Use of undefined constant __APP__ - assumed '__APP__' F:\phpEnve\Apache\htdocs\lobster\ThinkPHP\Common\functions.php Á¨¨ 974 Ë°å.
NOTIC: [8] Use of undefined constant __APP__ - assumed '__APP__' F:\phpEnve\Apache\htdocs\lobster\ThinkPHP\Common\functions.php Á¨¨ 974 Ë°å.

[ 2015-04-28T15:42:54+08:00 ] 127.0.0.1 /Public/bootstrap/images/loading_icon.gif
INFO: [ app_init ] --START--
INFO: Run Behavior\BuildLiteBehavior [ RunTime:0.000046s ]
INFO: [ app_init ] --END-- [ RunTime:0.000231s ]
ERR: Êó†Ê≥ïÂä†ËΩΩÊ®°Âùó:Public
NOTIC: [8] Array to string conversion F:\phpEnve\Apache\htdocs\lobster\ThinkPHP\Tpl\think_exception.tpl Á¨¨ 43 Ë°å.
NOTIC: [8] Undefined variable: jumpUrl F:\phpEnve\Apache\htdocs\lobster\ThinkPHP\Tpl\think_exception.tpl Á¨¨ 49 Ë°å.
NOTIC: [8] Use of undefined constant __APP__ - assumed '__APP__' F:\phpEnve\Apache\htdocs\lobster\ThinkPHP\Common\functions.php Á¨¨ 974 Ë°å.
NOTIC: [8] Use of undefined constant __APP__ - assumed '__APP__' F:\phpEnve\Apache\htdocs\lobster\ThinkPHP\Common\functions.php Á¨¨ 974 Ë°å.

[ 2015-04-28T15:45:07+08:00 ] 127.0.0.1 /Public/bootstrap/images/icon24_login.png
INFO: [ app_init ] --START--
INFO: Run Behavior\BuildLiteBehavior [ RunTime:0.000031s ]
INFO: [ app_init ] --END-- [ RunTime:0.000162s ]
ERR: Êó†Ê≥ïÂä†ËΩΩÊ®°Âùó:Public
NOTIC: [8] Array to string conversion F:\phpEnve\Apache\htdocs\lobster\ThinkPHP\Tpl\think_exception.tpl Á¨¨ 43 Ë°å.
NOTIC: [8] Undefined variable: jumpUrl F:\phpEnve\Apache\htdocs\lobster\ThinkPHP\Tpl\think_exception.tpl Á¨¨ 49 Ë°å.
NOTIC: [8] Use of undefined constant __APP__ - assumed '__APP__' F:\phpEnve\Apache\htdocs\lobster\ThinkPHP\Common\functions.php Á¨¨ 974 Ë°å.
NOTIC: [8] Use of undefined constant __APP__ - assumed '__APP__' F:\phpEnve\Apache\htdocs\lobster\ThinkPHP\Common\functions.php Á¨¨ 974 Ë°å.

[ 2015-04-28T15:45:07+08:00 ] 127.0.0.1 /Public/bootstrap/images/login_logo.png
INFO: [ app_init ] --START--
INFO: Run Behavior\BuildLiteBehavior [ RunTime:0.000030s ]
INFO: [ app_init ] --END-- [ RunTime:0.000149s ]
ERR: Êó†Ê≥ïÂä†ËΩΩÊ®°Âùó:Public
NOTIC: [8] Array to string conversion F:\phpEnve\Apache\htdocs\lobster\ThinkPHP\Tpl\think_exception.tpl Á¨¨ 43 Ë°å.
NOTIC: [8] Undefined variable: jumpUrl F:\phpEnve\Apache\htdocs\lobster\ThinkPHP\Tpl\think_exception.tpl Á¨¨ 49 Ë°å.
NOTIC: [8] Use of undefined constant __APP__ - assumed '__APP__' F:\phpEnve\Apache\htdocs\lobster\ThinkPHP\Common\functions.php Á¨¨ 974 Ë°å.
NOTIC: [8] Use of undefined constant __APP__ - assumed '__APP__' F:\phpEnve\Apache\htdocs\lobster\ThinkPHP\Common\functions.php Á¨¨ 974 Ë°å.

[ 2015-04-28T15:46:34+08:00 ] 127.0.0.1 /Public/bootstrap/images/login_logo.png
INFO: [ app_init ] --START--
INFO: Run Behavior\BuildLiteBehavior [ RunTime:0.000032s ]
INFO: [ app_init ] --END-- [ RunTime:0.000191s ]
ERR: Êó†Ê≥ïÂä†ËΩΩÊ®°Âùó:Public
NOTIC: [8] Array to string conversion F:\phpEnve\Apache\htdocs\lobster\ThinkPHP\Tpl\think_exception.tpl Á¨¨ 43 Ë°å.
NOTIC: [8] Undefined variable: jumpUrl F:\phpEnve\Apache\htdocs\lobster\ThinkPHP\Tpl\think_exception.tpl Á¨¨ 49 Ë°å.
NOTIC: [8] Use of undefined constant __APP__ - assumed '__APP__' F:\phpEnve\Apache\htdocs\lobster\ThinkPHP\Common\functions.php Á¨¨ 974 Ë°å.
NOTIC: [8] Use of undefined constant __APP__ - assumed '__APP__' F:\phpEnve\Apache\htdocs\lobster\ThinkPHP\Common\functions.php Á¨¨ 974 Ë°å.

[ 2015-04-28T15:46:34+08:00 ] 127.0.0.1 /Public/bootstrap/images/icon24_login.png
INFO: [ app_init ] --START--
INFO: Run Behavior\BuildLiteBehavior [ RunTime:0.000030s ]
INFO: [ app_init ] --END-- [ RunTime:0.000148s ]
ERR: Êó†Ê≥ïÂä†ËΩΩÊ®°Âùó:Public
NOTIC: [8] Array to string conversion F:\phpEnve\Apache\htdocs\lobster\ThinkPHP\Tpl\think_exception.tpl Á¨¨ 43 Ë°å.
NOTIC: [8] Undefined variable: jumpUrl F:\phpEnve\Apache\htdocs\lobster\ThinkPHP\Tpl\think_exception.tpl Á¨¨ 49 Ë°å.
NOTIC: [8] Use of undefined constant __APP__ - assumed '__APP__' F:\phpEnve\Apache\htdocs\lobster\ThinkPHP\Common\functions.php Á¨¨ 974 Ë°å.
NOTIC: [8] Use of undefined constant __APP__ - assumed '__APP__' F:\phpEnve\Apache\htdocs\lobster\ThinkPHP\Common\functions.php Á¨¨ 974 Ë°å.

[ 2015-04-28T15:46:34+08:00 ] 127.0.0.1 /favicon.ico
INFO: [ app_init ] --START--
INFO: Run Behavior\BuildLiteBehavior [ RunTime:0.000025s ]
INFO: [ app_init ] --END-- [ RunTime:0.000114s ]
ERR: Êó†Ê≥ïÂä†ËΩΩÊ®°Âùó:Favicon
NOTIC: [8] Array to string conversion F:\phpEnve\Apache\htdocs\lobster\ThinkPHP\Tpl\think_exception.tpl Á¨¨ 43 Ë°å.
NOTIC: [8] Undefined variable: jumpUrl F:\phpEnve\Apache\htdocs\lobster\ThinkPHP\Tpl\think_exception.tpl Á¨¨ 49 Ë°å.
NOTIC: [8] Use of undefined constant __APP__ - assumed '__APP__' F:\phpEnve\Apache\htdocs\lobster\ThinkPHP\Common\functions.php Á¨¨ 974 Ë°å.
NOTIC: [8] Use of undefined constant __APP__ - assumed '__APP__' F:\phpEnve\Apache\htdocs\lobster\ThinkPHP\Common\functions.php Á¨¨ 974 Ë°å.

[ 2015-04-28T16:41:33+08:00 ] 127.0.0.1 /Public/bootstrap/images/login_logo.png
INFO: [ app_init ] --START--
INFO: Run Behavior\BuildLiteBehavior [ RunTime:0.000030s ]
INFO: [ app_init ] --END-- [ RunTime:0.000156s ]
ERR: Êó†Ê≥ïÂä†ËΩΩÊ®°Âùó:Public
NOTIC: [8] Array to string conversion F:\phpEnve\Apache\htdocs\lobster\ThinkPHP\Tpl\think_exception.tpl Á¨¨ 43 Ë°å.
NOTIC: [8] Undefined variable: jumpUrl F:\phpEnve\Apache\htdocs\lobster\ThinkPHP\Tpl\think_exception.tpl Á¨¨ 49 Ë°å.
NOTIC: [8] Use of undefined constant __APP__ - assumed '__APP__' F:\phpEnve\Apache\htdocs\lobster\ThinkPHP\Common\functions.php Á¨¨ 974 Ë°å.
NOTIC: [8] Use of undefined constant __APP__ - assumed '__APP__' F:\phpEnve\Apache\htdocs\lobster\ThinkPHP\Common\functions.php Á¨¨ 974 Ë°å.

[ 2015-04-28T16:41:34+08:00 ] 127.0.0.1 /favicon.ico
INFO: [ app_init ] --START--
INFO: Run Behavior\BuildLiteBehavior [ RunTime:0.000025s ]
INFO: [ app_init ] --END-- [ RunTime:0.000118s ]
ERR: Êó†Ê≥ïÂä†ËΩΩÊ®°Âùó:Favicon
NOTIC: [8] Array to string conversion F:\phpEnve\Apache\htdocs\lobster\ThinkPHP\Tpl\think_exception.tpl Á¨¨ 43 Ë°å.
NOTIC: [8] Undefined variable: jumpUrl F:\phpEnve\Apache\htdocs\lobster\ThinkPHP\Tpl\think_exception.tpl Á¨¨ 49 Ë°å.
NOTIC: [8] Use of undefined constant __APP__ - assumed '__APP__' F:\phpEnve\Apache\htdocs\lobster\ThinkPHP\Common\functions.php Á¨¨ 974 Ë°å.
NOTIC: [8] Use of undefined constant __APP__ - assumed '__APP__' F:\phpEnve\Apache\htdocs\lobster\ThinkPHP\Common\functions.php Á¨¨ 974 Ë°å.

[ 2015-04-28T16:41:44+08:00 ] 127.0.0.1 /onethink/Public/static/datetimepicker/css/datetimepicker.css
INFO: [ app_init ] --START--
INFO: Run Behavior\BuildLiteBehavior [ RunTime:0.000048s ]
INFO: [ app_init ] --END-- [ RunTime:0.000253s ]
ERR: Êó†Ê≥ïÂä†ËΩΩÊ®°Âùó:Onethink
NOTIC: [8] Array to string conversion F:\phpEnve\Apache\htdocs\lobster\ThinkPHP\Tpl\think_exception.tpl Á¨¨ 43 Ë°å.
NOTIC: [8] Undefined variable: jumpUrl F:\phpEnve\Apache\htdocs\lobster\ThinkPHP\Tpl\think_exception.tpl Á¨¨ 49 Ë°å.
NOTIC: [8] Use of undefined constant __APP__ - assumed '__APP__' F:\phpEnve\Apache\htdocs\lobster\ThinkPHP\Common\functions.php Á¨¨ 974 Ë°å.
NOTIC: [8] Use of undefined constant __APP__ - assumed '__APP__' F:\phpEnve\Apache\htdocs\lobster\ThinkPHP\Common\functions.php Á¨¨ 974 Ë°å.

[ 2015-04-28T16:41:44+08:00 ] 127.0.0.1 /onethink/Public/static/datetimepicker/css/datetimepicker_blue.css
INFO: [ app_init ] --START--
INFO: Run Behavior\BuildLiteBehavior [ RunTime:0.000045s ]
INFO: [ app_init ] --END-- [ RunTime:0.000224s ]
ERR: Êó†Ê≥ïÂä†ËΩΩÊ®°Âùó:Onethink
NOTIC: [8] Array to string conversion F:\phpEnve\Apache\htdocs\lobster\ThinkPHP\Tpl\think_exception.tpl Á¨¨ 43 Ë°å.
NOTIC: [8] Undefined variable: jumpUrl F:\phpEnve\Apache\htdocs\lobster\ThinkPHP\Tpl\think_exception.tpl Á¨¨ 49 Ë°å.
NOTIC: [8] Use of undefined constant __APP__ - assumed '__APP__' F:\phpEnve\Apache\htdocs\lobster\ThinkPHP\Common\functions.php Á¨¨ 974 Ë°å.
NOTIC: [8] Use of undefined constant __APP__ - assumed '__APP__' F:\phpEnve\Apache\htdocs\lobster\ThinkPHP\Common\functions.php Á¨¨ 974 Ë°å.

[ 2015-04-28T16:41:44+08:00 ] 127.0.0.1 /onethink/Public/static/datetimepicker/css/dropdown.css
INFO: [ app_init ] --START--
INFO: Run Behavior\BuildLiteBehavior [ RunTime:0.000032s ]
INFO: [ app_init ] --END-- [ RunTime:0.000158s ]
ERR: Êó†Ê≥ïÂä†ËΩΩÊ®°Âùó:Onethink
NOTIC: [8] Array to string conversion F:\phpEnve\Apache\htdocs\lobster\ThinkPHP\Tpl\think_exception.tpl Á¨¨ 43 Ë°å.
NOTIC: [8] Undefined variable: jumpUrl F:\phpEnve\Apache\htdocs\lobster\ThinkPHP\Tpl\think_exception.tpl Á¨¨ 49 Ë°å.
NOTIC: [8] Use of undefined constant __APP__ - assumed '__APP__' F:\phpEnve\Apache\htdocs\lobster\ThinkPHP\Common\functions.php Á¨¨ 974 Ë°å.
NOTIC: [8] Use of undefined constant __APP__ - assumed '__APP__' F:\phpEnve\Apache\htdocs\lobster\ThinkPHP\Common\functions.php Á¨¨ 974 Ë°å.

[ 2015-04-28T16:41:45+08:00 ] 127.0.0.1 /onethink/Public/static/think.js
INFO: [ app_init ] --START--
INFO: Run Behavior\BuildLiteBehavior [ RunTime:0.000033s ]
INFO: [ app_init ] --END-- [ RunTime:0.000152s ]
ERR: Êó†Ê≥ïÂä†ËΩΩÊ®°Âùó:Onethink
NOTIC: [8] Array to string conversion F:\phpEnve\Apache\htdocs\lobster\ThinkPHP\Tpl\think_exception.tpl Á¨¨ 43 Ë°å.
NOTIC: [8] Undefined variable: jumpUrl F:\phpEnve\Apache\htdocs\lobster\ThinkPHP\Tpl\think_exception.tpl Á¨¨ 49 Ë°å.
NOTIC: [8] Use of undefined constant __APP__ - assumed '__APP__' F:\phpEnve\Apache\htdocs\lobster\ThinkPHP\Common\functions.php Á¨¨ 974 Ë°å.
NOTIC: [8] Use of undefined constant __APP__ - assumed '__APP__' F:\phpEnve\Apache\htdocs\lobster\ThinkPHP\Common\functions.php Á¨¨ 974 Ë°å.

[ 2015-04-28T16:41:45+08:00 ] 127.0.0.1 /onethink/Public/static/datetimepicker/js/bootstrap-datetimepicker.min.js
INFO: [ app_init ] --START--
INFO: Run Behavior\BuildLiteBehavior [ RunTime:0.000030s ]
INFO: [ app_init ] --END-- [ RunTime:0.000149s ]
ERR: Êó†Ê≥ïÂä†ËΩΩÊ®°Âùó:Onethink
NOTIC: [8] Array to string conversion F:\phpEnve\Apache\htdocs\lobster\ThinkPHP\Tpl\think_exception.tpl Á¨¨ 43 Ë°å.
NOTIC: [8] Undefined variable: jumpUrl F:\phpEnve\Apache\htdocs\lobster\ThinkPHP\Tpl\think_exception.tpl Á¨¨ 49 Ë°å.
NOTIC: [8] Use of undefined constant __APP__ - assumed '__APP__' F:\phpEnve\Apache\htdocs\lobster\ThinkPHP\Common\functions.php Á¨¨ 974 Ë°å.
NOTIC: [8] Use of undefined constant __APP__ - assumed '__APP__' F:\phpEnve\Apache\htdocs\lobster\ThinkPHP\Common\functions.php Á¨¨ 974 Ë°å.

[ 2015-04-28T16:41:45+08:00 ] 127.0.0.1 /onethink/Public/Admin/js/common.js
INFO: [ app_init ] --START--
INFO: Run Behavior\BuildLiteBehavior [ RunTime:0.000031s ]
INFO: [ app_init ] --END-- [ RunTime:0.000163s ]
ERR: Êó†Ê≥ïÂä†ËΩΩÊ®°Âùó:Onethink
NOTIC: [8] Array to string conversion F:\phpEnve\Apache\htdocs\lobster\ThinkPHP\Tpl\think_exception.tpl Á¨¨ 43 Ë°å.
NOTIC: [8] Undefined variable: jumpUrl F:\phpEnve\Apache\htdocs\lobster\ThinkPHP\Tpl\think_exception.tpl Á¨¨ 49 Ë°å.
NOTIC: [8] Use of undefined constant __APP__ - assumed '__APP__' F:\phpEnve\Apache\htdocs\lobster\ThinkPHP\Common\functions.php Á¨¨ 974 Ë°å.
NOTIC: [8] Use of undefined constant __APP__ - assumed '__APP__' F:\phpEnve\Apache\htdocs\lobster\ThinkPHP\Common\functions.php Á¨¨ 974 Ë°å.

[ 2015-04-28T16:41:45+08:00 ] 127.0.0.1 /onethink/Public/static/datetimepicker/js/locales/bootstrap-datetimepicker.zh-CN.js
INFO: [ app_init ] --START--
INFO: Run Behavior\BuildLiteBehavior [ RunTime:0.000027s ]
INFO: [ app_init ] --END-- [ RunTime:0.000127s ]
ERR: Êó†Ê≥ïÂä†ËΩΩÊ®°Âùó:Onethink
NOTIC: [8] Array to string conversion F:\phpEnve\Apache\htdocs\lobster\ThinkPHP\Tpl\think_exception.tpl Á¨¨ 43 Ë°å.
NOTIC: [8] Undefined variable: jumpUrl F:\phpEnve\Apache\htdocs\lobster\ThinkPHP\Tpl\think_exception.tpl Á¨¨ 49 Ë°å.
NOTIC: [8] Use of undefined constant __APP__ - assumed '__APP__' F:\phpEnve\Apache\htdocs\lobster\ThinkPHP\Common\functions.php Á¨¨ 974 Ë°å.
NOTIC: [8] Use of undefined constant __APP__ - assumed '__APP__' F:\phpEnve\Apache\htdocs\lobster\ThinkPHP\Common\functions.php Á¨¨ 974 Ë°å.

[ 2015-04-28T16:41:45+08:00 ] 127.0.0.1 /Public/bootstrap/images/blue_color/bg_icon.png
INFO: [ app_init ] --START--
INFO: Run Behavior\BuildLiteBehavior [ RunTime:0.000034s ]
INFO: [ app_init ] --END-- [ RunTime:0.000182s ]
ERR: Êó†Ê≥ïÂä†ËΩΩÊ®°Âùó:Public
NOTIC: [8] Array to string conversion F:\phpEnve\Apache\htdocs\lobster\ThinkPHP\Tpl\think_exception.tpl Á¨¨ 43 Ë°å.
NOTIC: [8] Undefined variable: jumpUrl F:\phpEnve\Apache\htdocs\lobster\ThinkPHP\Tpl\think_exception.tpl Á¨¨ 49 Ë°å.
NOTIC: [8] Use of undefined constant __APP__ - assumed '__APP__' F:\phpEnve\Apache\htdocs\lobster\ThinkPHP\Common\functions.php Á¨¨ 974 Ë°å.
NOTIC: [8] Use of undefined constant __APP__ - assumed '__APP__' F:\phpEnve\Apache\htdocs\lobster\ThinkPHP\Common\functions.php Á¨¨ 974 Ë°å.

[ 2015-04-28T16:41:45+08:00 ] 127.0.0.1 /Public/bootstrap/images/bg.png
INFO: [ app_init ] --START--
INFO: Run Behavior\BuildLiteBehavior [ RunTime:0.000027s ]
INFO: [ app_init ] --END-- [ RunTime:0.000144s ]
ERR: Êó†Ê≥ïÂä†ËΩΩÊ®°Âùó:Public
NOTIC: [8] Array to string conversion F:\phpEnve\Apache\htdocs\lobster\ThinkPHP\Tpl\think_exception.tpl Á¨¨ 43 Ë°å.
NOTIC: [8] Undefined variable: jumpUrl F:\phpEnve\Apache\htdocs\lobster\ThinkPHP\Tpl\think_exception.tpl Á¨¨ 49 Ë°å.
NOTIC: [8] Use of undefined constant __APP__ - assumed '__APP__' F:\phpEnve\Apache\htdocs\lobster\ThinkPHP\Common\functions.php Á¨¨ 974 Ë°å.
NOTIC: [8] Use of undefined constant __APP__ - assumed '__APP__' F:\phpEnve\Apache\htdocs\lobster\ThinkPHP\Common\functions.php Á¨¨ 974 Ë°å.

[ 2015-04-28T16:41:45+08:00 ] 127.0.0.1 /Public/bootstrap/images/subnav_current.png
INFO: [ app_init ] --START--
INFO: Run Behavior\BuildLiteBehavior [ RunTime:0.000029s ]
INFO: [ app_init ] --END-- [ RunTime:0.000150s ]
ERR: Êó†Ê≥ïÂä†ËΩΩÊ®°Âùó:Public
NOTIC: [8] Array to string conversion F:\phpEnve\Apache\htdocs\lobster\ThinkPHP\Tpl\think_exception.tpl Á¨¨ 43 Ë°å.
NOTIC: [8] Undefined variable: jumpUrl F:\phpEnve\Apache\htdocs\lobster\ThinkPHP\Tpl\think_exception.tpl Á¨¨ 49 Ë°å.
NOTIC: [8] Use of undefined constant __APP__ - assumed '__APP__' F:\phpEnve\Apache\htdocs\lobster\ThinkPHP\Common\functions.php Á¨¨ 974 Ë°å.
NOTIC: [8] Use of undefined constant __APP__ - assumed '__APP__' F:\phpEnve\Apache\htdocs\lobster\ThinkPHP\Common\functions.php Á¨¨ 974 Ë°å.

[ 2015-04-28T16:43:31+08:00 ] 127.0.0.1 /onethink/Public/static/datetimepicker/css/datetimepicker.css
INFO: [ app_init ] --START--
INFO: Run Behavior\BuildLiteBehavior [ RunTime:0.000029s ]
INFO: [ app_init ] --END-- [ RunTime:0.000142s ]
ERR: Êó†Ê≥ïÂä†ËΩΩÊ®°Âùó:Onethink
NOTIC: [8] Array to string conversion F:\phpEnve\Apache\htdocs\lobster\ThinkPHP\Tpl\think_exception.tpl Á¨¨ 43 Ë°å.
NOTIC: [8] Undefined variable: jumpUrl F:\phpEnve\Apache\htdocs\lobster\ThinkPHP\Tpl\think_exception.tpl Á¨¨ 49 Ë°å.
NOTIC: [8] Use of undefined constant __APP__ - assumed '__APP__' F:\phpEnve\Apache\htdocs\lobster\ThinkPHP\Common\functions.php Á¨¨ 974 Ë°å.
NOTIC: [8] Use of undefined constant __APP__ - assumed '__APP__' F:\phpEnve\Apache\htdocs\lobster\ThinkPHP\Common\functions.php Á¨¨ 974 Ë°å.

[ 2015-04-28T16:43:31+08:00 ] 127.0.0.1 /onethink/Public/static/think.js
INFO: [ app_init ] --START--
INFO: Run Behavior\BuildLiteBehavior [ RunTime:0.000028s ]
INFO: [ app_init ] --END-- [ RunTime:0.000149s ]
ERR: Êó†Ê≥ïÂä†ËΩΩÊ®°Âùó:Onethink
NOTIC: [8] Array to string conversion F:\phpEnve\Apache\htdocs\lobster\ThinkPHP\Tpl\think_exception.tpl Á¨¨ 43 Ë°å.
NOTIC: [8] Undefined variable: jumpUrl F:\phpEnve\Apache\htdocs\lobster\ThinkPHP\Tpl\think_exception.tpl Á¨¨ 49 Ë°å.
NOTIC: [8] Use of undefined constant __APP__ - assumed '__APP__' F:\phpEnve\Apache\htdocs\lobster\ThinkPHP\Common\functions.php Á¨¨ 974 Ë°å.
NOTIC: [8] Use of undefined constant __APP__ - assumed '__APP__' F:\phpEnve\Apache\htdocs\lobster\ThinkPHP\Common\functions.php Á¨¨ 974 Ë°å.



\Common\functions.php Á¨¨ 974 Ë[ 2015-04-28T16:43:31+08:00 ] 127.0.0.1 /onethink/Public/static/datetimepicker/css/dropdown.css
INFO: [ app_init ] --START--
INFO: Run Behavior\BuildLiteBehavior [ RunTime:0.000029s ]
INFO: [ app_init ] --END-- [ RunTime:0.000153s ]
ERR: Êó†Ê≥ïÂä†ËΩΩÊ®°Âùó:Onethink
NOTIC: [8] Array to string conversion F:\phpEnve\Apache\htdocs\lobster\ThinkPHP\Tpl\think_exception.tpl Á¨¨ 43 Ë°å.
NOTIC: [8] Undefined variable: jumpUrl F:\phpEnve\Apache\htdocs\lobster\ThinkPHP\Tpl\think_exception.tpl Á¨¨ 49 Ë°å.
NOTIC: [8] Use of undefined constant __APP__ - assumed '__APP__' F:\phpEnve\Apache\htdocs\lobster\ThinkPHP\Common\functions.php Á¨¨ 974 Ë°å.
NOTIC: [8] Use of undefined constant __APP__ - assumed '__APP__' F:\phpEnve\Apache\htdocs\lobster\ThinkPHP\Common\functions.php Á¨¨ 974 Ë°å.

[ 2015-04-28T16:43:31+08:00 ] 127.0.0.1 /onethink/Public/static/datetimepicker/js/locales/bootstrap-datetimepicker.zh-CN.js
INFO: [ app_init ] --START--
INFO: Run Behavior\BuildLiteBehavior [ RunTime:0.000025s ]
INFO: [ app_init ] --END-- [ RunTime:0.000118s ]
ERR: Êó†Ê≥ïÂä†ËΩΩÊ®°Âùó:Onethink
NOTIC: [8] Array to string conversion F:\phpEnve\Apache\htdocs\lobster\ThinkPHP\Tpl\think_exception.tpl Á¨¨ 43 Ë°å.
NOTIC: [8] Undefined variable: jumpUrl F:\phpEnve\Apache\htdocs\lobster\ThinkPHP\Tpl\think_exception.tpl Á¨¨ 49 Ë°å.
NOTIC: [8] Use of undefined constant __APP__ - assumed '__APP__' F:\phpEnve\Apache\htdocs\lobster\ThinkPHP\Common\functions.php Á¨¨ 974 Ë°å.
NOTIC: [8] Use of undefined constant __APP__ - assumed '__APP__' F:\phpEnve\Apache\htdocs\lobster\ThinkPHP\Common\functions.php Á¨¨ 974 Ë°å.

[ 2015-04-28T16:48:20+08:00 ] 127.0.0.1 /Public/bootstrap/js/common.js
INFO: [ app_init ] --START--
INFO: Run Behavior\BuildLiteBehavior [ RunTime:0.000036s ]
INFO: [ app_init ] --END-- [ RunTime:0.000184s ]
ERR: Êó†Ê≥ïÂä†ËΩΩÊ®°Âùó:Public
NOTIC: [8] Array to string conversion F:\phpEnve\Apache\htdocs\lobster\ThinkPHP\Tpl\think_exception.tpl Á¨¨ 43 Ë°å.
NOTIC: [8] Undefined variable: jumpUrl F:\phpEnve\Apache\htdocs\lobster\ThinkPHP\Tpl\think_exception.tpl Á¨¨ 49 Ë°å.
NOTIC: [8] Use of undefined constant __APP__ - assumed '__APP__' F:\phpEnve\Apache\htdocs\lobster\ThinkPHP\Common\functions.php Á¨¨ 974 Ë°å.
NOTIC: [8] Use of undefined constant __APP__ - assumed '__APP__' F:\phpEnve\Apache\htdocs\lobster\ThinkPHP\Common\functions.php Á¨¨ 974 Ë°å.

[ 2015-04-28T16:49:27+08:00 ] 127.0.0.1 /Public/bootstrap/images/subnav_current.png
INFO: [ app_init ] --START--
INFO: Run Behavior\BuildLiteBehavior [ RunTime:0.000025s ]
INFO: [ app_init ] --END-- [ RunTime:0.000114s ]
ERR: Êó†Ê≥ïÂä†ËΩΩÊ®°Âùó:Public
NOTIC: [8] Array to string conversion F:\phpEnve\Apache\htdocs\lobster\ThinkPHP\Tpl\think_exception.tpl Á¨¨ 43 Ë°å.
NOTIC: [8] Undefined variable: jumpUrl F:\phpEnve\Apache\htdocs\lobster\ThinkPHP\Tpl\think_exception.tpl Á¨¨ 49 Ë°å.
NOTIC: [8] Use of undefined constant __APP__ - assumed '__APP__' F:\phpEnve\Apache\htdocs\lobster\ThinkPHP\Common\functions.php Á¨¨ 974 Ë°å.
NOTIC: [8] Use of undefined constant __APP__ - assumed '__APP__' F:\phpEnve\Apache\htdocs\lobster\ThinkPHP\Common\functions.php Á¨¨ 974 Ë°å.

[ 2015-04-28T16:50:10+08:00 ] 127.0.0.1 /Public/bootstrap/js/common.js
INFO: [ app_init ] --START--
INFO: Run Behavior\BuildLiteBehavior [ RunTime:0.000025s ]
INFO: [ app_init ] --END-- [ RunTime:0.000126s ]
ERR: Êó†Ê≥ïÂä†ËΩΩÊ®°Âùó:Public
NOTIC: [8] Array to string conversion F:\phpEnve\Apache\htdocs\lobster\ThinkPHP\Tpl\think_exception.tpl Á¨¨ 43 Ë°å.
NOTIC: [8] Undefined variable: jumpUrl F:\phpEnve\Apache\htdocs\lobster\ThinkPHP\Tpl\think_exception.tpl Á¨¨ 49 Ë°å.
NOTIC: [8] Use of undefined constant __APP__ - assumed '__APP__' F:\phpEnve\Apache\htdocs\lobster\ThinkPHP\Common\functions.php Á¨¨ 974 Ë°å.
NOTIC: [8] Use of undefined constant __APP__ - assumed '__APP__' F:\phpEnve\Apache\htdocs\lobster\ThinkPHP\Common\functions.php Á¨¨ 974 Ë°å.

[ 2015-04-28T16:50:11+08:00 ] 127.0.0.1 /Public/bootstrap/images/bg.png
INFO: [ app_init ] --START--
INFO: Run Behavior\BuildLiteBehavior [ RunTime:0.000030s ]
INFO: [ app_init ] --END-- [ RunTime:0.000141s ]
ERR: Êó†Ê≥ïÂä†ËΩΩÊ®°Âùó:Public
NOTIC: [8] Array to string conversion F:\phpEnve\Apache\htdocs\lobster\ThinkPHP\Tpl\think_exception.tpl Á¨¨ 43 Ë°å.
NOTIC: [8] Undefined variable: jumpUrl F:\phpEnve\Apache\htdocs\lobster\ThinkPHP\Tpl\think_exception.tpl Á¨¨ 49 Ë°å.
NOTIC: [8] Use of undefined constant __APP__ - assumed '__APP__' F:\phpEnve\Apache\htdocs\lobster\ThinkPHP\Common\functions.php Á¨¨ 974 Ë°å.
NOTIC: [8] Use of undefined constant __APP__ - assumed '__APP__' F:\phpEnve\Apache\htdocs\lobster\ThinkPHP\Common\functions.php Á¨¨ 974 Ë°å.

[ 2015-04-28T16:50:11+08:00 ] 127.0.0.1 /Public/bootstrap/images/subnav_current.png
INFO: [ app_init ] --START--
INFO: Run Behavior\BuildLiteBehavior [ RunTime:0.000028s ]
INFO: [ app_init ] --END-- [ RunTime:0.000141s ]
ERR: Êó†Ê≥ïÂä†ËΩΩÊ®°Âùó:Public
NOTIC: [8] Array to string conversion F:\phpEnve\Apache\htdocs\lobster\ThinkPHP\Tpl\think_exception.tpl Á¨¨ 43 Ë°å.
NOTIC: [8] Undefined variable: jumpUrl F:\phpEnve\Apache\htdocs\lobster\ThinkPHP\Tpl\think_exception.tpl Á¨¨ 49 Ë°å.
NOTIC: [8] Use of undefined constant __APP__ - assumed '__APP__' F:\phpEnve\Apache\htdocs\lobster\ThinkPHP\Common\functions.php Á¨¨ 974 Ë°å.
NOTIC: [8] Use of undefined constant __APP__ - assumed '__APP__' F:\phpEnve\Apache\htdocs\lobster\ThinkPHP\Common\functions.php Á¨¨ 974 Ë°å.

[ 2015-04-28T16:50:11+08:00 ] 127.0.0.1 /Public/bootstrap/images/blue_color/bg_icon.png
INFO: [ app_init ] --START--
INFO: Run Behavior\BuildLiteBehavior [ RunTime:0.000035s ]
INFO: [ app_init ] --END-- [ RunTime:0.000173s ]
ERR: Êó†Ê≥ïÂä†ËΩΩÊ®°Âùó:Public
NOTIC: [8] Array to string conversion F:\phpEnve\Apache\htdocs\lobster\ThinkPHP\Tpl\think_exception.tpl Á¨¨ 43 Ë°å.
NOTIC: [8] Undefined variable: jumpUrl F:\phpEnve\Apache\htdocs\lobster\ThinkPHP\Tpl\think_exception.tpl Á¨¨ 49 Ë°å.
NOTIC: [8] Use of undefined constant __APP__ - assumed '__APP__' F:\phpEnve\Apache\htdocs\lobster\ThinkPHP\Common\functions.php Á¨¨ 974 Ë°å.
NOTIC: [8] Use of undefined constant __APP__ - assumed '__APP__' F:\phpEnve\Apache\htdocs\lobster\ThinkPHP\Common\functions.php Á¨¨ 974 Ë°å.

[ 2015-04-28T16:50:11+08:00 ] 127.0.0.1 /favicon.ico
INFO: [ app_init ] --START--
INFO: Run Behavior\BuildLiteBehavior [ RunTime:0.000031s ]
INFO: [ app_init ] --END-- [ RunTime:0.000153s ]
ERR: Êó†Ê≥ïÂä†ËΩΩÊ®°Âùó:Favicon
NOTIC: [8] Array to string conversion F:\phpEnve\Apache\htdocs\lobster\ThinkPHP\Tpl\think_exception.tpl Á¨¨ 43 Ë°å.
NOTIC: [8] Undefined variable: jumpUrl F:\phpEnve\Apache\htdocs\lobster\ThinkPHP\Tpl\think_exception.tpl Á¨¨ 49 Ë°å.
NOTIC: [8] Use of undefined constant __APP__ - assumed '__APP__' F:\phpEnve\Apache\htdocs\lobster\ThinkPHP\Common\functions.php Á¨¨ 974 Ë°å.
NOTIC: [8] Use of undefined constant __APP__ - assumed '__APP__' F:\phpEnve\Apache\htdocs\lobster\ThinkPHP\Common\functions.php Á¨¨ 974 Ë°å.

[ 2015-04-28T16:50:12+08:00 ] 127.0.0.1 /Public/bootstrap/js/common.js
INFO: [ app_init ] --START--
INFO: Run Behavior\BuildLiteBehavior [ RunTime:0.000029s ]
INFO: [ app_init ] --END-- [ RunTime:0.000146s ]
ERR: Êó†Ê≥ïÂä†ËΩΩÊ®°Âùó:Public
NOTIC: [8] Array to string conversion F:\phpEnve\Apache\htdocs\lobster\ThinkPHP\Tpl\think_exception.tpl Á¨¨ 43 Ë°å.
NOTIC: [8] Undefined variable: jumpUrl F:\phpEnve\Apache\htdocs\lobster\ThinkPHP\Tpl\think_exception.tpl Á¨¨ 49 Ë°å.
NOTIC: [8] Use of undefined constant __APP__ - assumed '__APP__' F:\phpEnve\Apache\htdocs\lobster\ThinkPHP\Common\functions.php Á¨¨ 974 Ë°å.
NOTIC: [8] Use of undefined constant __APP__ - assumed '__APP__' F:\phpEnve\Apache\htdocs\lobster\ThinkPHP\Common\functions.php Á¨¨ 974 Ë°å.

[ 2015-04-28T16:50:13+08:00 ] 127.0.0.1 /Public/bootstrap/images/bg.png
INFO: [ app_init ] --START--
INFO: Run Behavior\BuildLiteBehavior [ RunTime:0.000035s ]
INFO: [ app_init ] --END-- [ RunTime:0.000172s ]
ERR: Êó†Ê≥ïÂä†ËΩΩÊ®°Âùó:Public
NOTIC: [8] Array to string conversion F:\phpEnve\Apache\htdocs\lobster\ThinkPHP\Tpl\think_exception.tpl Á¨¨ 43 Ë°å.
NOTIC: [8] Undefined variable: jumpUrl F:\phpEnve\Apache\htdocs\lobster\ThinkPHP\Tpl\think_exception.tpl Á¨¨ 49 Ë°å.
NOTIC: [8] Use of undefined constant __APP__ - assumed '__APP__' F:\phpEnve\Apache\htdocs\lobster\ThinkPHP\Common\functions.php Á¨¨ 974 Ë°å.
NOTIC: [8] Use of undefined constant __APP__ - assumed '__APP__' F:\phpEnve\Apache\htdocs\lobster\ThinkPHP\Common\functions.php Á¨¨ 974 Ë°å.

[ 2015-04-28T16:50:13+08:00 ] 127.0.0.1 /Public/bootstrap/images/subnav_current.png
INFO: [ app_init ] --START--
INFO: Run Behavior\BuildLiteBehavior [ RunTime:0.000037s ]
INFO: [ app_init ] --END-- [ RunTime:0.000967s ]
ERR: Êó†Ê≥ïÂä†ËΩΩÊ®°Âùó:Public
NOTIC: [8] Array to string conversion F:\phpEnve\Apache\htdocs\lobster\ThinkPHP\Tpl\think_exception.tpl Á¨¨ 43 Ë°å.
NOTIC: [8] Undefined variable: jumpUrl F:\phpEnve\Apache\htdocs\lobster\ThinkPHP\Tpl\think_exception.tpl Á¨¨ 49 Ë°å.
NOTIC: [8] Use of undefined constant __APP__ - assumed '__APP__' F:\phpEnve\Apache\htdocs\lobster\ThinkPHP\Common\functions.php Á¨¨ 974 Ë°å.
NOTIC: [8] Use of undefined constant __APP__ - assumed '__APP__' F:\phpEnve\Apache\htdocs\lobster\ThinkPHP\Common\functions.php Á¨¨ 974 Ë°å.

[ 2015-04-28T16:50:13+08:00 ] 127.0.0.1 /Public/bootstrap/images/blue_color/bg_icon.png
INFO: [ app_init ] --START--
INFO: Run Behavior\BuildLiteBehavior [ RunTime:0.000037s ]
INFO: [ app_init ] --END-- [ RunTime:0.000193s ]
ERR: Êó†Ê≥ïÂä†ËΩΩÊ®°Âùó:Public
NOTIC: [8] Array to string conversion F:\phpEnve\Apache\htdocs\lobster\ThinkPHP\Tpl\think_exception.tpl Á¨¨ 43 Ë°å.
NOTIC: [8] Undefined variable: jumpUrl F:\phpEnve\Apache\htdocs\lobster\ThinkPHP\Tpl\think_exception.tpl Á¨¨ 49 Ë°å.
NOTIC: [8] Use of undefined constant __APP__ - assumed '__APP__' F:\phpEnve\Apache\htdocs\lobster\ThinkPHP\Common\functions.php Á¨¨ 974 Ë°å.
NOTIC: [8] Use of undefined constant __APP__ - assumed '__APP__' F:\phpEnve\Apache\htdocs\lobster\ThinkPHP\Common\functions.php Á¨¨ 974 Ë°å.

[ 2015-04-28T16:50:13+08:00 ] 127.0.0.1 /favicon.ico
INFO: [ app_init ] --START--
INFO: Run Behavior\BuildLiteBehavior [ RunTime:0.000026s ]
INFO: [ app_init ] --END-- [ RunTime:0.000128s ]
ERR: Êó†Ê≥ïÂä†ËΩΩÊ®°Âùó:Favicon
NOTIC: [8] Array to string conversion F:\phpEnve\Apache\htdocs\lobster\ThinkPHP\Tpl\think_exception.tpl Á¨¨ 43 Ë°å.
NOTIC: [8] Undefined variable: jumpUrl F:\phpEnve\Apache\htdocs\lobster\ThinkPHP\Tpl\think_exception.tpl Á¨¨ 49 Ë°å.
NOTIC: [8] Use of undefined constant __APP__ - assumed '__APP__' F:\phpEnve\Apache\htdocs\lobster\ThinkPHP\Common\functions.php Á¨¨ 974 Ë°å.
NOTIC: [8] Use of undefined constant __APP__ - assumed '__APP__' F:\phpEnve\Apache\htdocs\lobster\ThinkPHP\Common\functions.php Á¨¨ 974 Ë°å.

[ 2015-04-28T16:54:40+08:00 ] 127.0.0.1 /Public/bootstrap/js/common.js
INFO: [ app_init ] --START--
INFO: Run Behavior\BuildLiteBehavior [ RunTime:0.000032s ]
INFO: [ app_init ] --END-- [ RunTime:0.000158s ]
ERR: Êó†Ê≥ïÂä†ËΩΩÊ®°Âùó:Public
NOTIC: [8] Array to string conversion F:\phpEnve\Apache\htdocs\lobster\ThinkPHP\Tpl\think_exception.tpl Á¨¨ 43 Ë°å.
NOTIC: [8] Undefined variable: jumpUrl F:\phpEnve\Apache\htdocs\lobster\ThinkPHP\Tpl\think_exception.tpl Á¨¨ 49 Ë°å.
NOTIC: [8] Use of undefined constant __APP__ - assumed '__APP__' F:\phpEnve\Apache\htdocs\lobster\ThinkPHP\Common\functions.php Á¨¨ 974 Ë°å.
NOTIC: [8] Use of undefined constant __APP__ - assumed '__APP__' F:\phpEnve\Apache\htdocs\lobster\ThinkPHP\Common\functions.php Á¨¨ 974 Ë°å.

[ 2015-04-28T16:54:41+08:00 ] 127.0.0.1 /Public/bootstrap/images/subnav_current.png
INFO: [ app_init ] --START--
INFO: Run Behavior\BuildLiteBehavior [ RunTime:0.000029s ]
INFO: [ app_init ] --END-- [ RunTime:0.000154s ]
ERR: Êó†Ê≥ïÂä†ËΩΩÊ®°Âùó:Public
NOTIC: [8] Array to string conversion F:\phpEnve\Apache\htdocs\lobster\ThinkPHP\Tpl\think_exception.tpl Á¨¨ 43 Ë°å.
NOTIC: [8] Undefined variable: jumpUrl F:\phpEnve\Apache\htdocs\lobster\ThinkPHP\Tpl\think_exception.tpl Á¨¨ 49 Ë°å.
NOTIC: [8] Use of undefined constant __APP__ - assumed '__APP__' F:\phpEnve\Apache\htdocs\lobster\ThinkPHP\Common\functions.php Á¨¨ 974 Ë°å.
NOTIC: [8] Use of undefined constant __APP__ - assumed '__APP__' F:\phpEnve\Apache\htdocs\lobster\ThinkPHP\Common\functions.php Á¨¨ 974 Ë°å.

[ 2015-04-28T16:54:41+08:00 ] 127.0.0.1 /Public/bootstrap/images/bg.png
INFO: [ app_init ] --START--
INFO: Run Behavior\BuildLiteBehavior [ RunTime:0.000032s ]
INFO: [ app_init ] --END-- [ RunTime:0.000155s ]
ERR: Êó†Ê≥ïÂä†ËΩΩÊ®°Âùó:Public
NOTIC: [8] Array to string conversion F:\phpEnve\Apache\htdocs\lobster\ThinkPHP\Tpl\think_exception.tpl Á¨¨ 43 Ë°å.
NOTIC: [8] Undefined variable: jumpUrl F:\phpEnve\Apache\htdocs\lobster\ThinkPHP\Tpl\think_exception.tpl Á¨¨ 49 Ë°å.
NOTIC: [8] Use of undefined constant __APP__ - assumed '__APP__' F:\phpEnve\Apache\htdocs\lobster\ThinkPHP\Common\functions.php Á¨¨ 974 Ë°å.
NOTIC: [8] Use of undefined constant __APP__ - assumed '__APP__' F:\phpEnve\Apache\htdocs\lobster\ThinkPHP\Common\functions.php Á¨¨ 974 Ë°å.

[ 2015-04-28T16:54:41+08:00 ] 127.0.0.1 /Public/bootstrap/images/blue_color/bg_icon.png
INFO: [ app_init ] --START--
INFO: Run Behavior\BuildLiteBehavior [ RunTime:0.000025s ]
INFO: [ app_init ] --END-- [ RunTime:0.000122s ]
ERR: Êó†Ê≥ïÂä†ËΩΩÊ®°Âùó:Public
NOTIC: [8] Array to string conversion F:\phpEnve\Apache\htdocs\lobster\ThinkPHP\Tpl\think_exception.tpl Á¨¨ 43 Ë°å.
NOTIC: [8] Undefined variable: jumpUrl F:\phpEnve\Apache\htdocs\lobster\ThinkPHP\Tpl\think_exception.tpl Á¨¨ 49 Ë°å.
NOTIC: [8] Use of undefined constant __APP__ - assumed '__APP__' F:\phpEnve\Apache\htdocs\lobster\ThinkPHP\Common\functions.php Á¨¨ 974 Ë°å.
NOTIC: [8] Use of undefined constant __APP__ - assumed '__APP__' F:\phpEnve\Apache\htdocs\lobster\ThinkPHP\Common\functions.php Á¨¨ 974 Ë°å.

[ 2015-04-28T16:54:41+08:00 ] 127.0.0.1 /favicon.ico
INFO: [ app_init ] --START--
INFO: Run Behavior\BuildLiteBehavior [ RunTime:0.000027s ]
INFO: [ app_init ] --END-- [ RunTime:0.000128s ]
ERR: Êó†Ê≥ïÂä†ËΩΩÊ®°Âùó:Favicon
NOTIC: [8] Array to string conversion F:\phpEnve\Apache\htdocs\lobster\ThinkPHP\Tpl\think_exception.tpl Á¨¨ 43 Ë°å.
NOTIC: [8] Undefined variable: jumpUrl F:\phpEnve\Apache\htdocs\lobster\ThinkPHP\Tpl\think_exception.tpl Á¨¨ 49 Ë°å.
NOTIC: [8] Use of undefined constant __APP__ - assumed '__APP__' F:\phpEnve\Apache\htdocs\lobster\ThinkPHP\Common\functions.php Á¨¨ 974 Ë°å.
NOTIC: [8] Use of undefined constant __APP__ - assumed '__APP__' F:\phpEnve\Apache\htdocs\lobster\ThinkPHP\Common\functions.php Á¨¨ 974 Ë°å.

[ 2015-04-28T16:54:42+08:00 ] 127.0.0.1 /Public/bootstrap/js/common.js
INFO: [ app_init ] --START--
INFO: Run Behavior\BuildLiteBehavior [ RunTime:0.000031s ]
INFO: [ app_init ] --END-- [ RunTime:0.000144s ]
ERR: Êó†Ê≥ïÂä†ËΩΩÊ®°Âùó:Public
NOTIC: [8] Array to string conversion F:\phpEnve\Apache\htdocs\lobster\ThinkPHP\Tpl\think_exception.tpl Á¨¨ 43 Ë°å.
NOTIC: [8] Undefined variable: jumpUrl F:\phpEnve\Apache\htdocs\lobster\ThinkPHP\Tpl\think_exception.tpl Á¨¨ 49 Ë°å.
NOTIC: [8] Use of undefined constant __APP__ - assumed '__APP__' F:\phpEnve\Apache\htdocs\lobster\ThinkPHP\Common\functions.php Á¨¨ 974 Ë°å.
NOTIC: [8] Use of undefined constant __APP__ - assumed '__APP__' F:\phpEnve\Apache\htdocs\lobster\ThinkPHP\Common\functions.php Á¨¨ 974 Ë°å.

[ 2015-04-28T16:54:43+08:00 ] 127.0.0.1 /Public/bootstrap/images/bg.png
INFO: [ app_init ] --START--
INFO: Run Behavior\BuildLiteBehavior [ RunTime:0.000032s ]
INFO: [ app_init ] --END-- [ RunTime:0.000148s ]
ERR: Êó†Ê≥ïÂä†ËΩΩÊ®°Âùó:Public
NOTIC: [8] Array to string conversion F:\phpEnve\Apache\htdocs\lobster\ThinkPHP\Tpl\think_exception.tpl Á¨¨ 43 Ë°å.
NOTIC: [8] Undefined variable: jumpUrl F:\phpEnve\Apache\htdocs\lobster\ThinkPHP\Tpl\think_exception.tpl Á¨¨ 49 Ë°å.
NOTIC: [8] Use of undefined constant __APP__ - assumed '__APP__' F:\phpEnve\Apache\htdocs\lobster\ThinkPHP\Common\functions.php Á¨¨ 974 Ë°å.
NOTIC: [8] Use of undefined constant __APP__ - assumed '__APP__' F:\phpEnve\Apache\htdocs\lobster\ThinkPHP\Common\functions.php Á¨¨ 974 Ë°å.

[ 2015-04-28T16:54:43+08:00 ] 127.0.0.1 /Public/bootstrap/images/subnav_current.png
INFO: [ app_init ] --START--
INFO: Run Behavior\BuildLiteBehavior [ RunTime:0.000032s ]
INFO: [ app_init ] --END-- [ RunTime:0.000168s ]
ERR: Êó†Ê≥ïÂä†ËΩΩÊ®°Âùó:Public
NOTIC: [8] Array to string conversion F:\phpEnve\Apache\htdocs\lobster\ThinkPHP\Tpl\think_exception.tpl Á¨¨ 43 Ë°å.
NOTIC: [8] Undefined variable: jumpUrl F:\phpEnve\Apache\htdocs\lobster\ThinkPHP\Tpl\think_exception.tpl Á¨¨ 49 Ë°å.
NOTIC: [8] Use of undefined constant __APP__ - assumed '__APP__' F:\phpEnve\Apache\htdocs\lobster\ThinkPHP\Common\functions.php Á¨¨ 974 Ë°å.
NOTIC: [8] Use of undefined constant __APP__ - assumed '__APP__' F:\phpEnve\Apache\htdocs\lobster\ThinkPHP\Common\functions.php Á¨¨ 974 Ë°å.

[ 2015-04-28T16:54:43+08:00 ] 127.0.0.1 /Public/bootstrap/images/blue_color/bg_icon.png
INFO: [ app_init ] --START--
INFO: Run Behavior\BuildLiteBehavior [ RunTime:0.000031s ]
INFO: [ app_init ] --END-- [ RunTime:0.000170s ]
ERR: Êó†Ê≥ïÂä†ËΩΩÊ®°Âùó:Public
NOTIC: [8] Array to string conversion F:\phpEnve\Apache\htdocs\lobster\ThinkPHP\Tpl\think_exception.tpl Á¨¨ 43 Ë°å.
NOTIC: [8] Undefined variable: jumpUrl F:\phpEnve\Apache\htdocs\lobster\ThinkPHP\Tpl\think_exception.tpl Á¨¨ 49 Ë°å.
NOTIC: [8] Use of undefined constant __APP__ - assumed '__APP__' F:\phpEnve\Apache\htdocs\lobster\ThinkPHP\Common\functions.php Á¨¨ 974 Ë°å.
NOTIC: [8] Use of undefined constant __APP__ - assumed '__APP__' F:\phpEnve\Apache\htdocs\lobster\ThinkPHP\Common\functions.php Á¨¨ 974 Ë°å.

[ 2015-04-28T16:54:43+08:00 ] 127.0.0.1 /favicon.ico
INFO: [ app_init ] --START--
INFO: Run Behavior\BuildLiteBehavior [ RunTime:0.000032s ]
INFO: [ app_init ] --END-- [ RunTime:0.000168s ]
ERR: Êó†Ê≥ïÂä†ËΩΩÊ®°Âùó:Favicon
NOTIC: [8] Array to string conversion F:\phpEnve\Apache\htdocs\lobster\ThinkPHP\Tpl\think_exception.tpl Á¨¨ 43 Ë°å.
NOTIC: [8] Undefined variable: jumpUrl F:\phpEnve\Apache\htdocs\lobster\ThinkPHP\Tpl\think_exception.tpl Á¨¨ 49 Ë°å.
NOTIC: [8] Use of undefined constant __APP__ - assumed '__APP__' F:\phpEnve\Apache\htdocs\lobster\ThinkPHP\Common\functions.php Á¨¨ 974 Ë°å.
NOTIC: [8] Use of undefined constant __APP__ - assumed '__APP__' F:\phpEnve\Apache\htdocs\lobster\ThinkPHP\Common\functions.php Á¨¨ 974 Ë°å.

[ 2015-04-28T16:55:48+08:00 ] 127.0.0.1 /Public/bootstrap/js/common.js
INFO: [ app_init ] --START--
INFO: Run Behavior\BuildLiteBehavior [ RunTime:0.000032s ]
INFO: [ app_init ] --END-- [ RunTime:0.000167s ]
ERR: Êó†Ê≥ïÂä†ËΩΩÊ®°Âùó:Public
NOTIC: [8] Array to string conversion F:\phpEnve\Apache\htdocs\lobster\ThinkPHP\Tpl\think_exception.tpl Á¨¨ 43 Ë°å.
NOTIC: [8] Undefined variable: jumpUrl F:\phpEnve\Apache\htdocs\lobster\ThinkPHP\Tpl\think_exception.tpl Á¨¨ 49 Ë°å.
NOTIC: [8] Use of undefined constant __APP__ - assumed '__APP__' F:\phpEnve\Apache\htdocs\lobster\ThinkPHP\Common\functions.php Á¨¨ 974 Ë°å.
NOTIC: [8] Use of undefined constant __APP__ - assumed '__APP__' F:\phpEnve\Apache\htdocs\lobster\ThinkPHP\Common\functions.php Á¨¨ 974 Ë°å.

[ 2015-04-28T16:55:48+08:00 ] 127.0.0.1 /Public/bootstrap/images/subnav_current.png
INFO: [ app_init ] --START--
INFO: Run Behavior\BuildLiteBehavior [ RunTime:0.000029s ]
INFO: [ app_init ] --END-- [ RunTime:0.000155s ]
ERR: Êó†Ê≥ïÂä†ËΩΩÊ®°Âùó:Public
NOTIC: [8] Array to string conversion F:\phpEnve\Apache\htdocs\lobster\ThinkPHP\Tpl\think_exception.tpl Á¨¨ 43 Ë°å.
NOTIC: [8] Undefined variable: jumpUrl F:\phpEnve\Apache\htdocs\lobster\ThinkPHP\Tpl\think_exception.tpl Á¨¨ 49 Ë°å.
NOTIC: [8] Use of undefined constant __APP__ - assumed '__APP__' F:\phpEnve\Apache\htdocs\lobster\ThinkPHP\Common\functions.php Á¨¨ 974 Ë°å.
NOTIC: [8] Use of undefined constant __APP__ - assumed '__APP__' F:\phpEnve\Apache\htdocs\lobster\ThinkPHP\Common\functions.php Á¨¨ 974 Ë°å.

[ 2015-04-28T16:55:48+08:00 ] 127.0.0.1 /Public/bootstrap/images/blue_color/bg_icon.png
INFO: [ app_init ] --START--
INFO: Run Behavior\BuildLiteBehavior [ RunTime:0.000032s ]
INFO: [ app_init ] --END-- [ RunTime:0.000164s ]
ERR: Êó†Ê≥ïÂä†ËΩΩÊ®°Âùó:Public
NOTIC: [8] Array to string conversion F:\phpEnve\Apache\htdocs\lobster\ThinkPHP\Tpl\think_exception.tpl Á¨¨ 43 Ë°å.
NOTIC: [8] Undefined variable: jumpUrl F:\phpEnve\Apache\htdocs\lobster\ThinkPHP\Tpl\think_exception.tpl Á¨¨ 49 Ë°å.
NOTIC: [8] Use of undefined constant __APP__ - assumed '__APP__' F:\phpEnve\Apache\htdocs\lobster\ThinkPHP\Common\functions.php Á¨¨ 974 Ë°å.
NOTIC: [8] Use of undefined constant __APP__ - assumed '__APP__' F:\phpEnve\Apache\htdocs\lobster\ThinkPHP\Common\functions.php Á¨¨ 974 Ë°å.

[ 2015-04-28T16:55:48+08:00 ] 127.0.0.1 /Public/bootstrap/images/bg.png
INFO: [ app_init ] --START--
INFO: Run Behavior\BuildLiteBehavior [ RunTime:0.000028s ]
INFO: [ app_init ] --END-- [ RunTime:0.000147s ]
ERR: Êó†Ê≥ïÂä†ËΩΩÊ®°Âùó:Public
NOTIC: [8] Array to string conversion F:\phpEnve\Apache\htdocs\lobster\ThinkPHP\Tpl\think_exception.tpl Á¨¨ 43 Ë°å.
NOTIC: [8] Undefined variable: jumpUrl F:\phpEnve\Apache\htdocs\lobster\ThinkPHP\Tpl\think_exception.tpl Á¨¨ 49 Ë°å.
NOTIC: [8] Use of undefined constant __APP__ - assumed '__APP__' F:\phpEnve\Apache\htdocs\lobster\ThinkPHP\Common\functions.php Á¨¨ 974 Ë°å.
NOTIC: [8] Use of undefined constant __APP__ - assumed '__APP__' F:\phpEnve\Apache\htdocs\lobster\ThinkPHP\Common\functions.php Á¨¨ 974 Ë°å.

[ 2015-04-28T16:57:07+08:00 ] 127.0.0.1 /Public/bootstrap/js/common.js
INFO: [ app_init ] --START--
INFO: Run Behavior\BuildLiteBehavior [ RunTime:0.000032s ]
INFO: [ app_init ] --END-- [ RunTime:0.000158s ]
ERR: Êó†Ê≥ïÂä†ËΩΩÊ®°Âùó:Public
NOTIC: [8] Array to string conversion F:\phpEnve\Apache\htdocs\lobster\ThinkPHP\Tpl\think_exception.tpl Á¨¨ 43 Ë°å.
NOTIC: [8] Undefined variable: jumpUrl F:\phpEnve\Apache\htdocs\lobster\ThinkPHP\Tpl\think_exception.tpl Á¨¨ 49 Ë°å.
NOTIC: [8] Use of undefined constant __APP__ - assumed '__APP__' F:\phpEnve\Apache\htdocs\lobster\ThinkPHP\Common\functions.php Á¨¨ 974 Ë°å.
NOTIC: [8] Use of undefined constant __APP__ - assumed '__APP__' F:\phpEnve\Apache\htdocs\lobster\ThinkPHP\Common\functions.php Á¨¨ 974 Ë°å.

[ 2015-04-28T16:57:34+08:00 ] 127.0.0.1 /Public/bootstrap/js/common.js
INFO: [ app_init ] --START--
INFO: Run Behavior\BuildLiteBehavior [ RunTime:0.000031s ]
INFO: [ app_init ] --END-- [ RunTime:0.000159s ]
ERR: Êó†Ê≥ïÂä†ËΩΩÊ®°Âùó:Public
NOTIC: [8] Array to string conversion F:\phpEnve\Apache\htdocs\lobster\ThinkPHP\Tpl\think_exception.tpl Á¨¨ 43 Ë°å.
NOTIC: [8] Undefined variable: jumpUrl F:\phpEnve\Apache\htdocs\lobster\ThinkPHP\Tpl\think_exception.tpl Á¨¨ 49 Ë°å.
NOTIC: [8] Use of undefined constant __APP__ - assumed '__APP__' F:\phpEnve\Apache\htdocs\lobster\ThinkPHP\Common\functions.php Á¨¨ 974 Ë°å.
NOTIC: [8] Use of undefined constant __APP__ - assumed '__APP__' F:\phpEnve\Apache\htdocs\lobster\ThinkPHP\Common\functions.php Á¨¨ 974 Ë°å.

[ 2015-04-28T16:57:50+08:00 ] 127.0.0.1 /Public/bootstrap/images/subnav_current.png
INFO: [ app_init ] --START--
INFO: Run Behavior\BuildLiteBehavior [ RunTime:0.000050s ]
INFO: [ app_init ] --END-- [ RunTime:0.000265s ]
ERR: Êó†Ê≥ïÂä†ËΩΩÊ®°Âùó:Public
NOTIC: [8] Array to string conversion F:\phpEnve\Apache\htdocs\lobster\ThinkPHP\Tpl\think_exception.tpl Á¨¨ 43 Ë°å.
NOTIC: [8] Undefined variable: jumpUrl F:\phpEnve\Apache\htdocs\lobster\ThinkPHP\Tpl\think_exception.tpl Á¨¨ 49 Ë°å.
NOTIC: [8] Use of undefined constant __APP__ - assumed '__APP__' F:\phpEnve\Apache\htdocs\lobster\ThinkPHP\Common\functions.php Á¨¨ 974 Ë°å.
NOTIC: [8] Use of undefined constant __APP__ - assumed '__APP__' F:\phpEnve\Apache\htdocs\lobster\ThinkPHP\Common\functions.php Á¨¨ 974 Ë°å.

[ 2015-04-28T17:04:08+08:00 ] 127.0.0.1 /Public/bootstrap/js/common.js
INFO: [ app_init ] --START--
INFO: Run Behavior\BuildLiteBehavior [ RunTime:0.000048s ]
INFO: [ app_init ] --END-- [ RunTime:0.000218s ]
ERR: Êó†Ê≥ïÂä†ËΩΩÊ®°Âùó:Public
NOTIC: [8] Array to string conversion F:\phpEnve\Apache\htdocs\lobster\ThinkPHP\Tpl\think_exception.tpl Á¨¨ 43 Ë°å.
NOTIC: [8] Undefined variable: jumpUrl F:\phpEnve\Apache\htdocs\lobster\ThinkPHP\Tpl\think_exception.tpl Á¨¨ 49 Ë°å.
NOTIC: [8] Use of undefined constant __APP__ - assumed '__APP__' F:\phpEnve\Apache\htdocs\lobster\ThinkPHP\Common\functions.php Á¨¨ 974 Ë°å.
NOTIC: [8] Use of undefined constant __APP__ - assumed '__APP__' F:\phpEnve\Apache\htdocs\lobster\ThinkPHP\Common\functions.php Á¨¨ 974 Ë°å.

[ 2015-04-28T17:04:43+08:00 ] 127.0.0.1 /Public/bootstrap/js/common.js
INFO: [ app_init ] --START--
INFO: Run Behavior\BuildLiteBehavior [ RunTime:0.000032s ]
INFO: [ app_init ] --END-- [ RunTime:0.000188s ]
ERR: Êó†Ê≥ïÂä†ËΩΩÊ®°Âùó:Public
NOTIC: [8] Array to string conversion F:\phpEnve\Apache\htdocs\lobster\ThinkPHP\Tpl\think_exception.tpl Á¨¨ 43 Ë°å.
NOTIC: [8] Undefined variable: jumpUrl F:\phpEnve\Apache\htdocs\lobster\ThinkPHP\Tpl\think_exception.tpl Á¨¨ 49 Ë°å.
NOTIC: [8] Use of undefined constant __APP__ - assumed '__APP__' F:\phpEnve\Apache\htdocs\lobster\ThinkPHP\Common\functions.php Á¨¨ 974 Ë°å.
NOTIC: [8] Use of undefined constant __APP__ - assumed '__APP__' F:\phpEnve\Apache\htdocs\lobster\ThinkPHP\Common\functions.php Á¨¨ 974 Ë°å.

[ 2015-04-28T17:05:06+08:00 ] 127.0.0.1 /Public/bootstrap/js/common.js
INFO: [ app_init ] --START--
INFO: Run Behavior\BuildLiteBehavior [ RunTime:0.000029s ]
INFO: [ app_init ] --END-- [ RunTime:0.000177s ]
ERR: Êó†Ê≥ïÂä†ËΩΩÊ®°Âùó:Public
NOTIC: [8] Array to string conversion F:\phpEnve\Apache\htdocs\lobster\ThinkPHP\Tpl\think_exception.tpl Á¨¨ 43 Ë°å.
NOTIC: [8] Undefined variable: jumpUrl F:\phpEnve\Apache\htdocs\lobster\ThinkPHP\Tpl\think_exception.tpl Á¨¨ 49 Ë°å.
NOTIC: [8] Use of undefined constant __APP__ - assumed '__APP__' F:\phpEnve\Apache\htdocs\lobster\ThinkPHP\Common\functions.php Á¨¨ 974 Ë°å.
NOTIC: [8] Use of undefined constant __APP__ - assumed '__APP__' F:\phpEnve\Apache\htdocs\lobster\ThinkPHP\Common\functions.php Á¨¨ 974 Ë°å.

[ 2015-04-28T17:05:42+08:00 ] 127.0.0.1 /Public/bootstrap/js/common.js
INFO: [ app_init ] --START--
INFO: Run Behavior\BuildLiteBehavior [ RunTime:0.000031s ]
INFO: [ app_init ] --END-- [ RunTime:0.000150s ]
ERR: Êó†Ê≥ïÂä†ËΩΩÊ®°Âùó:Public
NOTIC: [8] Array to string conversion F:\phpEnve\Apache\htdocs\lobster\ThinkPHP\Tpl\think_exception.tpl Á¨¨ 43 Ë°å.
NOTIC: [8] Undefined variable: jumpUrl F:\phpEnve\Apache\htdocs\lobster\ThinkPHP\Tpl\think_exception.tpl Á¨¨ 49 Ë°å.
NOTIC: [8] Use of undefined constant __APP__ - assumed '__APP__' F:\phpEnve\Apache\htdocs\lobster\ThinkPHP\Common\functions.php Á¨¨ 974 Ë°å.
NOTIC: [8] Use of undefined constant __APP__ - assumed '__APP__' F:\phpEnve\Apache\htdocs\lobster\ThinkPHP\Common\functions.php Á¨¨ 974 Ë°å.

[ 2015-04-28T17:06:09+08:00 ] 127.0.0.1 /Public/bootstrap/js/common.js
INFO: [ app_init ] --START--
INFO: Run Behavior\BuildLiteBehavior [ RunTime:0.000032s ]
INFO: [ app_init ] --END-- [ RunTime:0.000158s ]
ERR: Êó†Ê≥ïÂä†ËΩΩÊ®°Âùó:Public
NOTIC: [8] Array to string conversion F:\phpEnve\Apache\htdocs\lobster\ThinkPHP\Tpl\think_exception.tpl Á¨¨ 43 Ë°å.
NOTIC: [8] Undefined variable: jumpUrl F:\phpEnve\Apache\htdocs\lobster\ThinkPHP\Tpl\think_exception.tpl Á¨¨ 49 Ë°å.
NOTIC: [8] Use of undefined constant __APP__ - assumed '__APP__' F:\phpEnve\Apache\htdocs\lobster\ThinkPHP\Common\functions.php Á¨¨ 974 Ë°å.
NOTIC: [8] Use of undefined constant __APP__ - assumed '__APP__' F:\phpEnve\Apache\htdocs\lobster\ThinkPHP\Common\functions.php Á¨¨ 974 Ë°å.

[ 2015-04-28T17:07:52+08:00 ] 127.0.0.1 /Public/bootstrap/js/common.js
INFO: [ app_init ] --START--
INFO: Run Behavior\BuildLiteBehavior [ RunTime:0.000034s ]
INFO: [ app_init ] --END-- [ RunTime:0.000162s ]
ERR: Êó†Ê≥ïÂä†ËΩΩÊ®°Âùó:Public
NOTIC: [8] Array to string conversion F:\phpEnve\Apache\htdocs\lobster\ThinkPHP\Tpl\think_exception.tpl Á¨¨ 43 Ë°å.
NOTIC: [8] Undefined variable: jumpUrl F:\phpEnve\Apache\htdocs\lobster\ThinkPHP\Tpl\think_exception.tpl Á¨¨ 49 Ë°å.
NOTIC: [8] Use of undefined constant __APP__ - assumed '__APP__' F:\phpEnve\Apache\htdocs\lobster\ThinkPHP\Common\functions.php Á¨¨ 974 Ë°å.
NOTIC: [8] Use of undefined constant __APP__ - assumed '__APP__' F:\phpEnve\Apache\htdocs\lobster\ThinkPHP\Common\functions.php Á¨¨ 974 Ë°å.

[ 2015-04-28T17:08:00+08:00 ] 127.0.0.1 /Public/bootstrap/js/common.js
INFO: [ app_init ] --START--
INFO: Run Behavior\BuildLiteBehavior [ RunTime:0.000035s ]
INFO: [ app_init ] --END-- [ RunTime:0.000160s ]
ERR: Êó†Ê≥ïÂä†ËΩΩÊ®°Âùó:Public
NOTIC: [8] Array to string conversion F:\phpEnve\Apache\htdocs\lobster\ThinkPHP\Tpl\think_exception.tpl Á¨¨ 43 Ë°å.
NOTIC: [8] Undefined variable: jumpUrl F:\phpEnve\Apache\htdocs\lobster\ThinkPHP\Tpl\think_exception.tpl Á¨¨ 49 Ë°å.
NOTIC: [8] Use of undefined constant __APP__ - assumed '__APP__' F:\phpEnve\Apache\htdocs\lobster\ThinkPHP\Common\functions.php Á¨¨ 974 Ë°å.
NOTIC: [8] Use of undefined constant __APP__ - assumed '__APP__' F:\phpEnve\Apache\htdocs\lobster\ThinkPHP\Common\functions.php Á¨¨ 974 Ë°å.

[ 2015-04-28T17:08:17+08:00 ] 127.0.0.1 /Public/bootstrap/js/common.js
INFO: [ app_init ] --START--
INFO: Run Behavior\BuildLiteBehavior [ RunTime:0.000033s ]
INFO: [ app_init ] --END-- [ RunTime:0.000173s ]
ERR: Êó†Ê≥ïÂä†ËΩΩÊ®°Âùó:Public
NOTIC: [8] Array to string conversion F:\phpEnve\Apache\htdocs\lobster\ThinkPHP\Tpl\think_exception.tpl Á¨¨ 43 Ë°å.
NOTIC: [8] Undefined variable: jumpUrl F:\phpEnve\Apache\htdocs\lobster\ThinkPHP\Tpl\think_exception.tpl Á¨¨ 49 Ë°å.
NOTIC: [8] Use of undefined constant __APP__ - assumed '__APP__' F:\phpEnve\Apache\htdocs\lobster\ThinkPHP\Common\functions.php Á¨¨ 974 Ë°å.
NOTIC: [8] Use of undefined constant __APP__ - assumed '__APP__' F:\phpEnve\Apache\htdocs\lobster\ThinkPHP\Common\functions.php Á¨¨ 974 Ë°å.

[ 2015-04-28T17:08:42+08:00 ] 127.0.0.1 /Public/bootstrap/js/common.js
INFO: [ app_init ] --START--
INFO: Run Behavior\BuildLiteBehavior [ RunTime:0.000029s ]
INFO: [ app_init ] --END-- [ RunTime:0.000140s ]
ERR: Êó†Ê≥ïÂä†ËΩΩÊ®°Âùó:Public
NOTIC: [8] Array to string conversion F:\phpEnve\Apache\htdocs\lobster\ThinkPHP\Tpl\think_exception.tpl Á¨¨ 43 Ë°å.
NOTIC: [8] Undefined variable: jumpUrl F:\phpEnve\Apache\htdocs\lobster\ThinkPHP\Tpl\think_exception.tpl Á¨¨ 49 Ë°å.
NOTIC: [8] Use of undefined constant __APP__ - assumed '__APP__' F:\phpEnve\Apache\htdocs\lobster\ThinkPHP\Common\functions.php Á¨¨ 974 Ë°å.
NOTIC: [8] Use of undefined constant __APP__ - assumed '__APP__' F:\phpEnve\Apache\htdocs\lobster\ThinkPHP\Common\functions.php Á¨¨ 974 Ë°å.

[ 2015-04-28T17:08:57+08:00 ] 127.0.0.1 /Public/bootstrap/js/common.js
INFO: [ app_init ] --START--
INFO: Run Behavior\BuildLiteBehavior [ RunTime:0.000031s ]
INFO: [ app_init ] --END-- [ RunTime:0.000152s ]
ERR: Êó†Ê≥ïÂä†ËΩΩÊ®°Âùó:Public
NOTIC: [8] Array to string conversion F:\phpEnve\Apache\htdocs\lobster\ThinkPHP\Tpl\think_exception.tpl Á¨¨ 43 Ë°å.
NOTIC: [8] Undefined variable: jumpUrl F:\phpEnve\Apache\htdocs\lobster\ThinkPHP\Tpl\think_exception.tpl Á¨¨ 49 Ë°å.
NOTIC: [8] Use of undefined constant __APP__ - assumed '__APP__' F:\phpEnve\Apache\htdocs\lobster\ThinkPHP\Common\functions.php Á¨¨ 974 Ë°å.
NOTIC: [8] Use of undefined constant __APP__ - assumed '__APP__' F:\phpEnve\Apache\htdocs\lobster\ThinkPHP\Common\functions.php Á¨¨ 974 Ë°å.

[ 2015-04-28T17:09:26+08:00 ] 127.0.0.1 /Public/bootstrap/js/common.js
INFO: [ app_init ] --START--
INFO: Run Behavior\BuildLiteBehavior [ RunTime:0.000031s ]
INFO: [ app_init ] --END-- [ RunTime:0.000155s ]
ERR: Êó†Ê≥ïÂä†ËΩΩÊ®°Âùó:Public
NOTIC: [8] Array to string conversion F:\phpEnve\Apache\htdocs\lobster\ThinkPHP\Tpl\think_exception.tpl Á¨¨ 43 Ë°å.
NOTIC: [8] Undefined variable: jumpUrl F:\phpEnve\Apache\htdocs\lobster\ThinkPHP\Tpl\think_exception.tpl Á¨¨ 49 Ë°å.
NOTIC: [8] Use of undefined constant __APP__ - assumed '__APP__' F:\phpEnve\Apache\htdocs\lobster\ThinkPHP\Common\functions.php Á¨¨ 974 Ë°å.
NOTIC: [8] Use of undefined constant __APP__ - assumed '__APP__' F:\phpEnve\Apache\htdocs\lobster\ThinkPHP\Common\functions.php Á¨¨ 974 Ë°å.

[ 2015-04-28T17:15:58+08:00 ] 127.0.0.1 /Public/bootstrap/js/common.js
INFO: [ app_init ] --START--
INFO: Run Behavior\BuildLiteBehavior [ RunTime:0.000039s ]
INFO: [ app_init ] --END-- [ RunTime:0.000193s ]
ERR: Êó†Ê≥ïÂä†ËΩΩÊ®°Âùó:Public
NOTIC: [8] Array to string conversion F:\phpEnve\Apache\htdocs\lobster\ThinkPHP\Tpl\think_exception.tpl Á¨¨ 43 Ë°å.
NOTIC: [8] Undefined variable: jumpUrl F:\phpEnve\Apache\htdocs\lobster\ThinkPHP\Tpl\think_exception.tpl Á¨¨ 49 Ë°å.
NOTIC: [8] Use of undefined constant __APP__ - assumed '__APP__' F:\phpEnve\Apache\htdocs\lobster\ThinkPHP\Common\functions.php Á¨¨ 974 Ë°å.
NOTIC: [8] Use of undefined constant __APP__ - assumed '__APP__' F:\phpEnve\Apache\htdocs\lobster\ThinkPHP\Common\functions.php Á¨¨ 974 Ë°å.

[ 2015-04-28T17:16:34+08:00 ] 127.0.0.1 /Public/bootstrap/js/common.js
INFO: [ app_init ] --START--
INFO: Run Behavior\BuildLiteBehavior [ RunTime:0.000033s ]
INFO: [ app_init ] --END-- [ RunTime:0.000178s ]
ERR: Êó†Ê≥ïÂä†ËΩΩÊ®°Âùó:Public
NOTIC: [8] Array to string conversion F:\phpEnve\Apache\htdocs\lobster\ThinkPHP\Tpl\think_exception.tpl Á¨¨ 43 Ë°å.
NOTIC: [8] Undefined variable: jumpUrl F:\phpEnve\Apache\htdocs\lobster\ThinkPHP\Tpl\think_exception.tpl Á¨¨ 49 Ë°å.
NOTIC: [8] Use of undefined constant __APP__ - assumed '__APP__' F:\phpEnve\Apache\htdocs\lobster\ThinkPHP\Common\functions.php Á¨¨ 974 Ë°å.
NOTIC: [8] Use of undefined constant __APP__ - assumed '__APP__' F:\phpEnve\Apache\htdocs\lobster\ThinkPHP\Common\functions.php Á¨¨ 974 Ë°å.

[ 2015-04-28T17:18:28+08:00 ] 127.0.0.1 /Public/bootstrap/js/common.js
INFO: [ app_init ] --START--
INFO: Run Behavior\BuildLiteBehavior [ RunTime:0.000032s ]
INFO: [ app_init ] --END-- [ RunTime:0.000157s ]
ERR: Êó†Ê≥ïÂä†ËΩΩÊ®°Âùó:Public
NOTIC: [8] Array to string conversion F:\phpEnve\Apache\htdocs\lobster\ThinkPHP\Tpl\think_exception.tpl Á¨¨ 43 Ë°å.
NOTIC: [8] Undefined variable: jumpUrl F:\phpEnve\Apache\htdocs\lobster\ThinkPHP\Tpl\think_exception.tpl Á¨¨ 49 Ë°å.
NOTIC: [8] Use of undefined constant __APP__ - assumed '__APP__' F:\phpEnve\Apache\htdocs\lobster\ThinkPHP\Common\functions.php Á¨¨ 974 Ë°å.
NOTIC: [8] Use of undefined constant __APP__ - assumed '__APP__' F:\phpEnve\Apache\htdocs\lobster\ThinkPHP\Common\functions.php Á¨¨ 974 Ë°å.

[ 2015-04-28T17:19:01+08:00 ] 127.0.0.1 /Public/bootstrap/js/common.js
INFO: [ app_init ] --START--
INFO: Run Behavior\BuildLiteBehavior [ RunTime:0.000031s ]
INFO: [ app_init ] --END-- [ RunTime:0.000146s ]
ERR: Êó†Ê≥ïÂä†ËΩΩÊ®°Âùó:Public
NOTIC: [8] Array to string conversion F:\phpEnve\Apache\htdocs\lobster\ThinkPHP\Tpl\think_exception.tpl Á¨¨ 43 Ë°å.
NOTIC: [8] Undefined variable: jumpUrl F:\phpEnve\Apache\htdocs\lobster\ThinkPHP\Tpl\think_exception.tpl Á¨¨ 49 Ë°å.
NOTIC: [8] Use of undefined constant __APP__ - assumed '__APP__' F:\phpEnve\Apache\htdocs\lobster\ThinkPHP\Common\functions.php Á¨¨ 974 Ë°å.
NOTIC: [8] Use of undefined constant __APP__ - assumed '__APP__' F:\phpEnve\Apache\htdocs\lobster\ThinkPHP\Common\functions.php Á¨¨ 974 Ë°å.

[ 2015-04-28T17:19:14+08:00 ] 127.0.0.1 /Public/bootstrap/js/common.js
INFO: [ app_init ] --START--
INFO: Run Behavior\BuildLiteBehavior [ RunTime:0.000037s ]
INFO: [ app_init ] --END-- [ RunTime:0.000190s ]
ERR: Êó†Ê≥ïÂä†ËΩΩÊ®°Âùó:Public
NOTIC: [8] Array to string conversion F:\phpEnve\Apache\htdocs\lobster\ThinkPHP\Tpl\think_exception.tpl Á¨¨ 43 Ë°å.
NOTIC: [8] Undefined variable: jumpUrl F:\phpEnve\Apache\htdocs\lobster\ThinkPHP\Tpl\think_exception.tpl Á¨¨ 49 Ë°å.
NOTIC: [8] Use of undefined constant __APP__ - assumed '__APP__' F:\phpEnve\Apache\htdocs\lobster\ThinkPHP\Common\functions.php Á¨¨ 974 Ë°å.
NOTIC: [8] Use of undefined constant __APP__ - assumed '__APP__' F:\phpEnve\Apache\htdocs\lobster\ThinkPHP\Common\functions.php Á¨¨ 974 Ë°å.

[ 2015-04-28T17:19:24+08:00 ] 127.0.0.1 /Public/bootstrap/js/common.js
INFO: [ app_init ] --START--
INFO: Run Behavior\BuildLiteBehavior [ RunTime:0.000029s ]
INFO: [ app_init ] --END-- [ RunTime:0.000150s ]
ERR: Êó†Ê≥ïÂä†ËΩΩÊ®°Âùó:Public
NOTIC: [8] Array to string conversion F:\phpEnve\Apache\htdocs\lobster\ThinkPHP\Tpl\think_exception.tpl Á¨¨ 43 Ë°å.
NOTIC: [8] Undefined variable: jumpUrl F:\phpEnve\Apache\htdocs\lobster\ThinkPHP\Tpl\think_exception.tpl Á¨¨ 49 Ë°å.
NOTIC: [8] Use of undefined constant __APP__ - assumed '__APP__' F:\phpEnve\Apache\htdocs\lobster\ThinkPHP\Common\functions.php Á¨¨ 974 Ë°å.
NOTIC: [8] Use of undefined constant __APP__ - assumed '__APP__' F:\phpEnve\Apache\htdocs\lobster\ThinkPHP\Common\functions.php Á¨¨ 974 Ë°å.

[ 2015-04-28T17:19:26+08:00 ] 127.0.0.1 /Public/bootstrap/js/common.js
INFO: [ app_init ] --START--
INFO: Run Behavior\BuildLiteBehavior [ RunTime:0.000031s ]
INFO: [ app_init ] --END-- [ RunTime:0.000164s ]
ERR: Êó†Ê≥ïÂä†ËΩΩÊ®°Âùó:Public
NOTIC: [8] Array to string conversion F:\phpEnve\Apache\htdocs\lobster\ThinkPHP\Tpl\think_exception.tpl Á¨¨ 43 Ë°å.
NOTIC: [8] Undefined variable: jumpUrl F:\phpEnve\Apache\htdocs\lobster\ThinkPHP\Tpl\think_exception.tpl Á¨¨ 49 Ë°å.
NOTIC: [8] Use of undefined constant __APP__ - assumed '__APP__' F:\phpEnve\Apache\htdocs\lobster\ThinkPHP\Common\functions.php Á¨¨ 974 Ë°å.
NOTIC: [8] Use of undefined constant __APP__ - assumed '__APP__' F:\phpEnve\Apache\htdocs\lobster\ThinkPHP\Common\functions.php Á¨¨ 974 Ë°å.

[ 2015-04-28T17:20:06+08:00 ] 127.0.0.1 /Public/bootstrap/js/common.js
INFO: [ app_init ] --START--
INFO: Run Behavior\BuildLiteBehavior [ RunTime:0.000028s ]
INFO: [ app_init ] --END-- [ RunTime:0.000149s ]
ERR: Êó†Ê≥ïÂä†ËΩΩÊ®°Âùó:Public
NOTIC: [8] Array to string conversion F:\phpEnve\Apache\htdocs\lobster\ThinkPHP\Tpl\think_exception.tpl Á¨¨ 43 Ë°å.
NOTIC: [8] Undefined variable: jumpUrl F:\phpEnve\Apache\htdocs\lobster\ThinkPHP\Tpl\think_exception.tpl Á¨¨ 49 Ë°å.
NOTIC: [8] Use of undefined constant __APP__ - assumed '__APP__' F:\phpEnve\Apache\htdocs\lobster\ThinkPHP\Common\functions.php Á¨¨ 974 Ë°å.
NOTIC: [8] Use of undefined constant __APP__ - assumed '__APP__' F:\phpEnve\Apache\htdocs\lobster\ThinkPHP\Common\functions.php Á¨¨ 974 Ë°å.

[ 2015-04-28T17:20:07+08:00 ] 127.0.0.1 /Public/bootstrap/js/common.js
INFO: [ app_init ] --START--
INFO: Run Behavior\BuildLiteBehavior [ RunTime:0.000040s ]
INFO: [ app_init ] --END-- [ RunTime:0.000201s ]
ERR: Êó†Ê≥ïÂä†ËΩΩÊ®°Âùó:Public
NOTIC: [8] Array to string conversion F:\phpEnve\Apache\htdocs\lobster\ThinkPHP\Tpl\think_exception.tpl Á¨¨ 43 Ë°å.
NOTIC: [8] Undefined variable: jumpUrl F:\phpEnve\Apache\htdocs\lobster\ThinkPHP\Tpl\think_exception.tpl Á¨¨ 49 Ë°å.
NOTIC: [8] Use of undefined constant __APP__ - assumed '__APP__' F:\phpEnve\Apache\htdocs\lobster\ThinkPHP\Common\functions.php Á¨¨ 974 Ë°å.
NOTIC: [8] Use of undefined constant __APP__ - assumed '__APP__' F:\phpEnve\Apache\htdocs\lobster\ThinkPHP\Common\functions.php Á¨¨ 974 Ë°å.

[ 2015-04-28T17:22:37+08:00 ] 127.0.0.1 /Public/bootstrap/js/common.js
INFO: [ app_init ] --START--
INFO: Run Behavior\BuildLiteBehavior [ RunTime:0.000032s ]
INFO: [ app_init ] --END-- [ RunTime:0.000154s ]
ERR: Êó†Ê≥ïÂä†ËΩΩÊ®°Âùó:Public
NOTIC: [8] Array to string conversion F:\phpEnve\Apache\htdocs\lobster\ThinkPHP\Tpl\think_exception.tpl Á¨¨ 43 Ë°å.
NOTIC: [8] Undefined variable: jumpUrl F:\phpEnve\Apache\htdocs\lobster\ThinkPHP\Tpl\think_exception.tpl Á¨¨ 49 Ë°å.
NOTIC: [8] Use of undefined constant __APP__ - assumed '__APP__' F:\phpEnve\Apache\htdocs\lobster\ThinkPHP\Common\functions.php Á¨¨ 974 Ë°å.
NOTIC: [8] Use of undefined constant __APP__ - assumed '__APP__' F:\phpEnve\Apache\htdocs\lobster\ThinkPHP\Common\functions.php Á¨¨ 974 Ë°å.

[ 2015-04-28T17:22:38+08:00 ] 127.0.0.1 /Public/bootstrap/js/common.js
INFO: [ app_init ] --START--
INFO: Run Behavior\BuildLiteBehavior [ RunTime:0.000032s ]
INFO: [ app_init ] --END-- [ RunTime:0.000167s ]
ERR: Êó†Ê≥ïÂä†ËΩΩÊ®°Âùó:Public
NOTIC: [8] Array to string conversion F:\phpEnve\Apache\htdocs\lobster\ThinkPHP\Tpl\think_exception.tpl Á¨¨ 43 Ë°å.
NOTIC: [8] Undefined variable: jumpUrl F:\phpEnve\Apache\htdocs\lobster\ThinkPHP\Tpl\think_exception.tpl Á¨¨ 49 Ë°å.
NOTIC: [8] Use of undefined constant __APP__ - assumed '__APP__' F:\phpEnve\Apache\htdocs\lobster\ThinkPHP\Common\functions.php Á¨¨ 974 Ë°å.
NOTIC: [8] Use of undefined constant __APP__ - assumed '__APP__' F:\phpEnve\Apache\htdocs\lobster\ThinkPHP\Common\functions.php Á¨¨ 974 Ë°å.

[ 2015-04-28T17:23:07+08:00 ] 127.0.0.1 /Public/bootstrap/js/common.js
INFO: [ app_init ] --START--
INFO: Run Behavior\BuildLiteBehavior [ RunTime:0.000031s ]
INFO: [ app_init ] --END-- [ RunTime:0.000157s ]
ERR: Êó†Ê≥ïÂä†ËΩΩÊ®°Âùó:Public
NOTIC: [8] Array to string conversion F:\phpEnve\Apache\htdocs\lobster\ThinkPHP\Tpl\think_exception.tpl Á¨¨ 43 Ë°å.
NOTIC: [8] Undefined variable: jumpUrl F:\phpEnve\Apache\htdocs\lobster\ThinkPHP\Tpl\think_exception.tpl Á¨¨ 49 Ë°å.
NOTIC: [8] Use of undefined constant __APP__ - assumed '__APP__' F:\phpEnve\Apache\htdocs\lobster\ThinkPHP\Common\functions.php Á¨¨ 974 Ë°å.
NOTIC: [8] Use of undefined constant __APP__ - assumed '__APP__' F:\phpEnve\Apache\htdocs\lobster\ThinkPHP\Common\functions.php Á¨¨ 974 Ë°å.

[ 2015-04-28T17:23:08+08:00 ] 127.0.0.1 /Public/bootstrap/js/common.js
INFO: [ app_init ] --START--
INFO: Run Behavior\BuildLiteBehavior [ RunTime:0.000025s ]
INFO: [ app_init ] --END-- [ RunTime:0.000118s ]
ERR: Êó†Ê≥ïÂä†ËΩΩÊ®°Âùó:Public
NOTIC: [8] Array to string conversion F:\phpEnve\Apache\htdocs\lobster\ThinkPHP\Tpl\think_exception.tpl Á¨¨ 43 Ë°å.
NOTIC: [8] Undefined variable: jumpUrl F:\phpEnve\Apache\htdocs\lobster\ThinkPHP\Tpl\think_exception.tpl Á¨¨ 49 Ë°å.
NOTIC: [8] Use of undefined constant __APP__ - assumed '__APP__' F:\phpEnve\Apache\htdocs\lobster\ThinkPHP\Common\functions.php Á¨¨ 974 Ë°å.
NOTIC: [8] Use of undefined constant __APP__ - assumed '__APP__' F:\phpEnve\Apache\htdocs\lobster\ThinkPHP\Common\functions.php Á¨¨ 974 Ë°å.

[ 2015-04-28T17:23:09+08:00 ] 127.0.0.1 /Public/bootstrap/js/common.js
INFO: [ app_init ] --START--
INFO: Run Behavior\BuildLiteBehavior [ RunTime:0.000026s ]
INFO: [ app_init ] --END-- [ RunTime:0.000124s ]
ERR: Êó†Ê≥ïÂä†ËΩΩÊ®°Âùó:Public
NOTIC: [8] Array to string conversion F:\phpEnve\Apache\htdocs\lobster\ThinkPHP\Tpl\think_exception.tpl Á¨¨ 43 Ë°å.
NOTIC: [8] Undefined variable: jumpUrl F:\phpEnve\Apache\htdocs\lobster\ThinkPHP\Tpl\think_exception.tpl Á¨¨ 49 Ë°å.
NOTIC: [8] Use of undefined constant __APP__ - assumed '__APP__' F:\phpEnve\Apache\htdocs\lobster\ThinkPHP\Common\functions.php Á¨¨ 974 Ë°å.
NOTIC: [8] Use of undefined constant __APP__ - assumed '__APP__' F:\phpEnve\Apache\htdocs\lobster\ThinkPHP\Common\functions.php Á¨¨ 974 Ë°å.

[ 2015-04-28T17:23:39+08:00 ] 127.0.0.1 /Public/bootstrap/js/common.js
INFO: [ app_init ] --START--
INFO: Run Behavior\BuildLiteBehavior [ RunTime:0.000029s ]
INFO: [ app_init ] --END-- [ RunTime:0.000145s ]
ERR: Êó†Ê≥ïÂä†ËΩΩÊ®°Âùó:Public
NOTIC: [8] Array to string conversion F:\phpEnve\Apache\htdocs\lobster\ThinkPHP\Tpl\think_exception.tpl Á¨¨ 43 Ë°å.
NOTIC: [8] Undefined variable: jumpUrl F:\phpEnve\Apache\htdocs\lobster\ThinkPHP\Tpl\think_exception.tpl Á¨¨ 49 Ë°å.
NOTIC: [8] Use of undefined constant __APP__ - assumed '__APP__' F:\phpEnve\Apache\htdocs\lobster\ThinkPHP\Common\functions.php Á¨¨ 974 Ë°å.
NOTIC: [8] Use of undefined constant __APP__ - assumed '__APP__' F:\phpEnve\Apache\htdocs\lobster\ThinkPHP\Common\functions.php Á¨¨ 974 Ë°å.

[ 2015-04-28T17:23:41+08:00 ] 127.0.0.1 /Public/bootstrap/js/common.js
INFO: [ app_init ] --START--
INFO: Run Behavior\BuildLiteBehavior [ RunTime:0.000028s ]
INFO: [ app_init ] --END-- [ RunTime:0.000137s ]
ERR: Êó†Ê≥ïÂä†ËΩΩÊ®°Âùó:Public
NOTIC: [8] Array to string conversion F:\phpEnve\Apache\htdocs\lobster\ThinkPHP\Tpl\think_exception.tpl Á¨¨ 43 Ë°å.
NOTIC: [8] Undefined variable: jumpUrl F:\phpEnve\Apache\htdocs\lobster\ThinkPHP\Tpl\think_exception.tpl Á¨¨ 49 Ë°å.
NOTIC: [8] Use of undefined constant __APP__ - assumed '__APP__' F:\phpEnve\Apache\htdocs\lobster\ThinkPHP\Common\functions.php Á¨¨ 974 Ë°å.
NOTIC: [8] Use of undefined constant __APP__ - assumed '__APP__' F:\phpEnve\Apache\htdocs\lobster\ThinkPHP\Common\functions.php Á¨¨ 974 Ë°å.

[ 2015-04-28T17:23:43+08:00 ] 127.0.0.1 /Public/bootstrap/js/common.js
INFO: [ app_init ] --START--
INFO: Run Behavior\BuildLiteBehavior [ RunTime:0.000031s ]
INFO: [ app_init ] --END-- [ RunTime:0.000140s ]
ERR: Êó†Ê≥ïÂä†ËΩΩÊ®°Âùó:Public
NOTIC: [8] Array to string conversion F:\phpEnve\Apache\htdocs\lobster\ThinkPHP\Tpl\think_exception.tpl Á¨¨ 43 Ë°å.
NOTIC: [8] Undefined variable: jumpUrl F:\phpEnve\Apache\htdocs\lobster\ThinkPHP\Tpl\think_exception.tpl Á¨¨ 49 Ë°å.
NOTIC: [8] Use of undefined constant __APP__ - assumed '__APP__' F:\phpEnve\Apache\htdocs\lobster\ThinkPHP\Common\functions.php Á¨¨ 974 Ë°å.
NOTIC: [8] Use of undefined constant __APP__ - assumed '__APP__' F:\phpEnve\Apache\htdocs\lobster\ThinkPHP\Common\functions.php Á¨¨ 974 Ë°å.

[ 2015-04-28T17:23:44+08:00 ] 127.0.0.1 /Public/bootstrap/images/subnav_current.png
INFO: [ app_init ] --START--
INFO: Run Behavior\BuildLiteBehavior [ RunTime:0.000027s ]
INFO: [ app_init ] --END-- [ RunTime:0.000146s ]
ERR: Êó†Ê≥ïÂä†ËΩΩÊ®°Âùó:Public
NOTIC: [8] Array to string conversion F:\phpEnve\Apache\htdocs\lobster\ThinkPHP\Tpl\think_exception.tpl Á¨¨ 43 Ë°å.
NOTIC: [8] Undefined variable: jumpUrl F:\phpEnve\Apache\htdocs\lobster\ThinkPHP\Tpl\think_exception.tpl Á¨¨ 49 Ë°å.
NOTIC: [8] Use of undefined constant __APP__ - assumed '__APP__' F:\phpEnve\Apache\htdocs\lobster\ThinkPHP\Common\functions.php Á¨¨ 974 Ë°å.
NOTIC: [8] Use of undefined constant __APP__ - assumed '__APP__' F:\phpEnve\Apache\htdocs\lobster\ThinkPHP\Common\functions.php Á¨¨ 974 Ë°å.

[ 2015-04-28T17:23:44+08:00 ] 127.0.0.1 /Public/bootstrap/images/blue_color/bg_icon.png
INFO: [ app_init ] --START--
INFO: Run Behavior\BuildLiteBehavior [ RunTime:0.000029s ]
INFO: [ app_init ] --END-- [ RunTime:0.000149s ]
ERR: Êó†Ê≥ïÂä†ËΩΩÊ®°Âùó:Public
NOTIC: [8] Array to string conversion F:\phpEnve\Apache\htdocs\lobster\ThinkPHP\Tpl\think_exception.tpl Á¨¨ 43 Ë°å.
NOTIC: [8] Undefined variable: jumpUrl F:\phpEnve\Apache\htdocs\lobster\ThinkPHP\Tpl\think_exception.tpl Á¨¨ 49 Ë°å.
NOTIC: [8] Use of undefined constant __APP__ - assumed '__APP__' F:\phpEnve\Apache\htdocs\lobster\ThinkPHP\Common\functions.php Á¨¨ 974 Ë°å.
NOTIC: [8] Use of undefined constant __APP__ - assumed '__APP__' F:\phpEnve\Apache\htdocs\lobster\ThinkPHP\Common\functions.php Á¨¨ 974 Ë°å.

[ 2015-04-28T17:23:44+08:00 ] 127.0.0.1 /Public/bootstrap/images/bg.png
INFO: [ app_init ] --START--
INFO: Run Behavior\BuildLiteBehavior [ RunTime:0.000034s ]
INFO: [ app_init ] --END-- [ RunTime:0.000198s ]
ERR: Êó†Ê≥ïÂä†ËΩΩÊ®°Âùó:Public
NOTIC: [8] Array to string conversion F:\phpEnve\Apache\htdocs\lobster\ThinkPHP\Tpl\think_exception.tpl Á¨¨ 43 Ë°å.
NOTIC: [8] Undefined variable: jumpUrl F:\phpEnve\Apache\htdocs\lobster\ThinkPHP\Tpl\think_exception.tpl Á¨¨ 49 Ë°å.
NOTIC: [8] Use of undefined constant __APP__ - assumed '__APP__' F:\phpEnve\Apache\htdocs\lobster\ThinkPHP\Common\functions.php Á¨¨ 974 Ë°å.
NOTIC: [8] Use of undefined constant __APP__ - assumed '__APP__' F:\phpEnve\Apache\htdocs\lobster\ThinkPHP\Common\functions.php Á¨¨ 974 Ë°å.

[ 2015-04-28T17:23:44+08:00 ] 127.0.0.1 /favicon.ico
INFO: [ app_init ] --START--
INFO: Run Behavior\BuildLiteBehavior [ RunTime:0.000026s ]
INFO: [ app_init ] --END-- [ RunTime:0.000122s ]
ERR: Êó†Ê≥ïÂä†ËΩΩÊ®°Âùó:Favicon
NOTIC: [8] Array to string conversion F:\phpEnve\Apache\htdocs\lobster\ThinkPHP\Tpl\think_exception.tpl Á¨¨ 43 Ë°å.
NOTIC: [8] Undefined variable: jumpUrl F:\phpEnve\Apache\htdocs\lobster\ThinkPHP\Tpl\think_exception.tpl Á¨¨ 49 Ë°å.
NOTIC: [8] Use of undefined constant __APP__ - assumed '__APP__' F:\phpEnve\Apache\htdocs\lobster\ThinkPHP\Common\functions.php Á¨¨ 974 Ë°å.
NOTIC: [8] Use of undefined constant __APP__ - assumed '__APP__' F:\phpEnve\Apache\htdocs\lobster\ThinkPHP\Common\functions.php Á¨¨ 974 Ë°å.

[ 2015-04-28T17:23:45+08:00 ] 127.0.0.1 /Public/bootstrap/images/bg.png
INFO: [ app_init ] --START--
INFO: Run Behavior\BuildLiteBehavior [ RunTime:0.000034s ]
INFO: [ app_init ] --END-- [ RunTime:0.000178s ]
ERR: Êó†Ê≥ïÂä†ËΩΩÊ®°Âùó:Public
NOTIC: [8] Array to string conversion F:\phpEnve\Apache\htdocs\lobster\ThinkPHP\Tpl\think_exception.tpl Á¨¨ 43 Ë°å.
NOTIC: [8] Undefined variable: jumpUrl F:\phpEnve\Apache\htdocs\lobster\ThinkPHP\Tpl\think_exception.tpl Á¨¨ 49 Ë°å.
NOTIC: [8] Use of undefined constant __APP__ - assumed '__APP__' F:\phpEnve\Apache\htdocs\lobster\ThinkPHP\Common\functions.php Á¨¨ 974 Ë°å.
NOTIC: [8] Use of undefined constant __APP__ - assumed '__APP__' F:\phpEnve\Apache\htdocs\lobster\ThinkPHP\Common\functions.php Á¨¨ 974 Ë°å.

[ 2015-04-28T17:23:45+08:00 ] 127.0.0.1 /Public/bootstrap/images/blue_color/bg_icon.png
INFO: [ app_init ] --START--
INFO: Run Behavior\BuildLiteBehavior [ RunTime:0.000027s ]
INFO: [ app_init ] --END-- [ RunTime:0.000139s ]
ERR: Êó†Ê≥ïÂä†ËΩΩÊ®°Âùó:Public
NOTIC: [8] Array to string conversion F:\phpEnve\Apache\htdocs\lobster\ThinkPHP\Tpl\think_exception.tpl Á¨¨ 43 Ë°å.
NOTIC: [8] Undefined variable: jumpUrl F:\phpEnve\Apache\htdocs\lobster\ThinkPHP\Tpl\think_exception.tpl Á¨¨ 49 Ë°å.
NOTIC: [8] Use of undefined constant __APP__ - assumed '__APP__' F:\phpEnve\Apache\htdocs\lobster\ThinkPHP\Common\functions.php Á¨¨ 974 Ë°å.
NOTIC: [8] Use of undefined constant __APP__ - assumed '__APP__' F:\phpEnve\Apache\htdocs\lobster\ThinkPHP\Common\functions.php Á¨¨ 974 Ë°å.

[ 2015-04-28T17:23:45+08:00 ] 127.0.0.1 /Public/bootstrap/images/subnav_current.png
INFO: [ app_init ] --START--
INFO: Run Behavior\BuildLiteBehavior [ RunTime:0.000026s ]
INFO: [ app_init ] --END-- [ RunTime:0.000140s ]
ERR: Êó†Ê≥ïÂä†ËΩΩÊ®°Âùó:Public
NOTIC: [8] Array to string conversion F:\phpEnve\Apache\htdocs\lobster\ThinkPHP\Tpl\think_exception.tpl Á¨¨ 43 Ë°å.
NOTIC: [8] Undefined variable: jumpUrl F:\phpEnve\Apache\htdocs\lobster\ThinkPHP\Tpl\think_exception.tpl Á¨¨ 49 Ë°å.
NOTIC: [8] Use of undefined constant __APP__ - assumed '__APP__' F:\phpEnve\Apache\htdocs\lobster\ThinkPHP\Common\functions.php Á¨¨ 974 Ë°å.
NOTIC: [8] Use of undefined constant __APP__ - assumed '__APP__' F:\phpEnve\Apache\htdocs\lobster\ThinkPHP\Common\functions.php Á¨¨ 974 Ë°å.

[ 2015-04-28T17:23:45+08:00 ] 127.0.0.1 /Public/bootstrap/js/common.js
INFO: [ app_init ] --START--
INFO: Run Behavior\BuildLiteBehavior [ RunTime:0.000033s ]
INFO: [ app_init ] --END-- [ RunTime:0.000185s ]
ERR: Êó†Ê≥ïÂä†ËΩΩÊ®°Âùó:Public
NOTIC: [8] Array to string conversion F:\phpEnve\Apache\htdocs\lobster\ThinkPHP\Tpl\think_exception.tpl Á¨¨ 43 Ë°å.
NOTIC: [8] Undefined variable: jumpUrl F:\phpEnve\Apache\htdocs\lobster\ThinkPHP\Tpl\think_exception.tpl Á¨¨ 49 Ë°å.
NOTIC: [8] Use of undefined constant __APP__ - assumed '__APP__' F:\phpEnve\Apache\htdocs\lobster\ThinkPHP\Common\functions.php Á¨¨ 974 Ë°å.
NOTIC: [8] Use of undefined constant __APP__ - assumed '__APP__' F:\phpEnve\Apache\htdocs\lobster\ThinkPHP\Common\functions.php Á¨¨ 974 Ë°å.

[ 2015-04-28T17:24:37+08:00 ] 127.0.0.1 /Public/bootstrap/js/common.js
INFO: [ app_init ] --START--
INFO: Run Behavior\BuildLiteBehavior [ RunTime:0.000032s ]
INFO: [ app_init ] --END-- [ RunTime:0.000158s ]
ERR: Êó†Ê≥ïÂä†ËΩΩÊ®°Âùó:Public
NOTIC: [8] Array to string conversion F:\phpEnve\Apache\htdocs\lobster\ThinkPHP\Tpl\think_exception.tpl Á¨¨ 43 Ë°å.
NOTIC: [8] Undefined variable: jumpUrl F:\phpEnve\Apache\htdocs\lobster\ThinkPHP\Tpl\think_exception.tpl Á¨¨ 49 Ë°å.
NOTIC: [8] Use of undefined constant __APP__ - assumed '__APP__' F:\phpEnve\Apache\htdocs\lobster\ThinkPHP\Common\functions.php Á¨¨ 974 Ë°å.
NOTIC: [8] Use of undefined constant __APP__ - assumed '__APP__' F:\phpEnve\Apache\htdocs\lobster\ThinkPHP\Common\functions.php Á¨¨ 974 Ë°å.

[ 2015-04-28T17:25:14+08:00 ] 127.0.0.1 /Public/bootstrap/js/common.js
INFO: [ app_init ] --START--
INFO: Run Behavior\BuildLiteBehavior [ RunTime:0.000030s ]
INFO: [ app_init ] --END-- [ RunTime:0.000151s ]
ERR: Êó†Ê≥ïÂä†ËΩΩÊ®°Âùó:Public
NOTIC: [8] Array to string conversion F:\phpEnve\Apache\htdocs\lobster\ThinkPHP\Tpl\think_exception.tpl Á¨¨ 43 Ë°å.
NOTIC: [8] Undefined variable: jumpUrl F:\phpEnve\Apache\htdocs\lobster\ThinkPHP\Tpl\think_exception.tpl Á¨¨ 49 Ë°å.
NOTIC: [8] Use of undefined constant __APP__ - assumed '__APP__' F:\phpEnve\Apache\htdocs\lobster\ThinkPHP\Common\functions.php Á¨¨ 974 Ë°å.
NOTIC: [8] Use of undefined constant __APP__ - assumed '__APP__' F:\phpEnve\Apache\htdocs\lobster\ThinkPHP\Common\functions.php Á¨¨ 974 Ë°å.

[ 2015-04-28T17:25:15+08:00 ] 127.0.0.1 /Public/bootstrap/js/common.js
INFO: [ app_init ] --START--
INFO: Run Behavior\BuildLiteBehavior [ RunTime:0.000035s ]
INFO: [ app_init ] --END-- [ RunTime:0.000194s ]
ERR: Êó†Ê≥ïÂä†ËΩΩÊ®°Âùó:Public
NOTIC: [8] Array to string conversion F:\phpEnve\Apache\htdocs\lobster\ThinkPHP\Tpl\think_exception.tpl Á¨¨ 43 Ë°å.
NOTIC: [8] Undefined variable: jumpUrl F:\phpEnve\Apache\htdocs\lobster\ThinkPHP\Tpl\think_exception.tpl Á¨¨ 49 Ë°å.
NOTIC: [8] Use of undefined constant __APP__ - assumed '__APP__' F:\phpEnve\Apache\htdocs\lobster\ThinkPHP\Common\functions.php Á¨¨ 974 Ë°å.
NOTIC: [8] Use of undefined constant __APP__ - assumed '__APP__' F:\phpEnve\Apache\htdocs\lobster\ThinkPHP\Common\functions.php Á¨¨ 974 Ë°å.

[ 2015-04-28T17:38:50+08:00 ] 127.0.0.1 /Public/bootstrap/images/bg.png
INFO: [ app_init ] --START--
INFO: Run Behavior\BuildLiteBehavior [ RunTime:0.000040s ]
INFO: [ app_init ] --END-- [ RunTime:0.000196s ]
ERR: Êó†Ê≥ïÂä†ËΩΩÊ®°Âùó:Public
NOTIC: [8] Array to string conversion F:\phpEnve\Apache\htdocs\lobster\ThinkPHP\Tpl\think_exception.tpl Á¨¨ 43 Ë°å.
NOTIC: [8] Undefined variable: jumpUrl F:\phpEnve\Apache\htdocs\lobster\ThinkPHP\Tpl\think_exception.tpl Á¨¨ 49 Ë°å.
NOTIC: [8] Use of undefined constant __APP__ - assumed '__APP__' F:\phpEnve\Apache\htdocs\lobster\ThinkPHP\Common\functions.php Á¨¨ 974 Ë°å.
NOTIC: [8] Use of undefined constant __APP__ - assumed '__APP__' F:\phpEnve\Apache\htdocs\lobster\ThinkPHP\Common\functions.php Á¨¨ 974 Ë°å.

[ 2015-04-28T17:38:50+08:00 ] 127.0.0.1 /Public/bootstrap/images/blue_color/bg_icon.png
INFO: [ app_init ] --START--
INFO: Run Behavior\BuildLiteBehavior [ RunTime:0.000038s ]
INFO: [ app_init ] --END-- [ RunTime:0.000193s ]
ERR: Êó†Ê≥ïÂä†ËΩΩÊ®°Âùó:Public
NOTIC: [8] Array to string conversion F:\phpEnve\Apache\htdocs\lobster\ThinkPHP\Tpl\think_exception.tpl Á¨¨ 43 Ë°å.
NOTIC: [8] Undefined variable: jumpUrl F:\phpEnve\Apache\htdocs\lobster\ThinkPHP\Tpl\think_exception.tpl Á¨¨ 49 Ë°å.
NOTIC: [8] Use of undefined constant __APP__ - assumed '__APP__' F:\phpEnve\Apache\htdocs\lobster\ThinkPHP\Common\functions.php Á¨¨ 974 Ë°å.
NOTIC: [8] Use of undefined constant __APP__ - assumed '__APP__' F:\phpEnve\Apache\htdocs\lobster\ThinkPHP\Common\functions.php Á¨¨ 974 Ë°å.

[ 2015-04-28T17:38:51+08:00 ] 127.0.0.1 /favicon.ico
INFO: [ app_init ] --START--
INFO: Run Behavior\BuildLiteBehavior [ RunTime:0.000052s ]
INFO: [ app_init ] --END-- [ RunTime:0.000285s ]
ERR: Êó†Ê≥ïÂä†ËΩΩÊ®°Âùó:Favicon
NOTIC: [8] Array to string conversion F:\phpEnve\Apache\htdocs\lobster\ThinkPHP\Tpl\think_exception.tpl Á¨¨ 43 Ë°å.
NOTIC: [8] Undefined variable: jumpUrl F:\phpEnve\Apache\htdocs\lobster\ThinkPHP\Tpl\think_exception.tpl Á¨¨ 49 Ë°å.
NOTIC: [8] Use of undefined constant __APP__ - assumed '__APP__' F:\phpEnve\Apache\htdocs\lobster\ThinkPHP\Common\functions.php Á¨¨ 974 Ë°å.
NOTIC: [8] Use of undefined constant __APP__ - assumed '__APP__' F:\phpEnve\Apache\htdocs\lobster\ThinkPHP\Common\functions.php Á¨¨ 974 Ë°å.

[ 2015-04-28T17:59:51+08:00 ] 127.0.0.1 /Public/bootstrap/images/blue_color/bg_icon.png
INFO: [ app_init ] --START--
INFO: Run Behavior\BuildLiteBehavior [ RunTime:0.000028s ]
INFO: [ app_init ] --END-- [ RunTime:0.000138s ]
ERR: Êó†Ê≥ïÂä†ËΩΩÊ®°Âùó:Public
NOTIC: [8] Array to string conversion F:\phpEnve\Apache\htdocs\lobster\ThinkPHP\Tpl\think_exception.tpl Á¨¨ 43 Ë°å.
NOTIC: [8] Undefined variable: jumpUrl F:\phpEnve\Apache\htdocs\lobster\ThinkPHP\Tpl\think_exception.tpl Á¨¨ 49 Ë°å.
NOTIC: [8] Use of undefined constant __APP__ - assumed '__APP__' F:\phpEnve\Apache\htdocs\lobster\ThinkPHP\Common\functions.php Á¨¨ 974 Ë°å.
NOTIC: [8] Use of undefined constant __APP__ - assumed '__APP__' F:\phpEnve\Apache\htdocs\lobster\ThinkPHP\Common\functions.php Á¨¨ 974 Ë°å.

[ 2015-04-28T17:59:51+08:00 ] 127.0.0.1 /Public/bootstrap/images/bg.png
INFO: [ app_init ] --START--
INFO: Run Behavior\BuildLiteBehavior [ RunTime:0.000025s ]
INFO: [ app_init ] --END-- [ RunTime:0.000122s ]
ERR: Êó†Ê≥ïÂä†ËΩΩÊ®°Âùó:Public
NOTIC: [8] Array to string conversion F:\phpEnve\Apache\htdocs\lobster\ThinkPHP\Tpl\think_exception.tpl Á¨¨ 43 Ë°å.
NOTIC: [8] Undefined variable: jumpUrl F:\phpEnve\Apache\htdocs\lobster\ThinkPHP\Tpl\think_exception.tpl Á¨¨ 49 Ë°å.
NOTIC: [8] Use of undefined constant __APP__ - assumed '__APP__' F:\phpEnve\Apache\htdocs\lobster\ThinkPHP\Common\functions.php Á¨¨ 974 Ë°å.
NOTIC: [8] Use of undefined constant __APP__ - assumed '__APP__' F:\phpEnve\Apache\htdocs\lobster\ThinkPHP\Common\functions.php Á¨¨ 974 Ë°å.

[ 2015-04-28T18:00:34+08:00 ] 127.0.0.1 /Public/bootstrap/images/bg.png
INFO: [ app_init ] --START--
INFO: Run Behavior\BuildLiteBehavior [ RunTime:0.000029s ]
INFO: [ app_init ] --END-- [ RunTime:0.000145s ]
ERR: Êó†Ê≥ïÂä†ËΩΩÊ®°Âùó:Public
NOTIC: [8] Array to string conversion F:\phpEnve\Apache\htdocs\lobster\ThinkPHP\Tpl\think_exception.tpl Á¨¨ 43 Ë°å.
NOTIC: [8] Undefined variable: jumpUrl F:\phpEnve\Apache\htdocs\lobster\ThinkPHP\Tpl\think_exception.tpl Á¨¨ 49 Ë°å.
NOTIC: [8] Use of undefined constant __APP__ - assumed '__APP__' F:\phpEnve\Apache\htdocs\lobster\ThinkPHP\Common\functions.php Á¨¨ 974 Ë°å.
NOTIC: [8] Use of undefined constant __APP__ - assumed '__APP__' F:\phpEnve\Apache\htdocs\lobster\ThinkPHP\Common\functions.php Á¨¨ 974 Ë°å.

[ 2015-04-28T18:00:34+08:00 ] 127.0.0.1 /Public/bootstrap/images/blue_color/bg_icon.png
INFO: [ app_init ] --START--
INFO: Run Behavior\BuildLiteBehavior [ RunTime:0.000029s ]
INFO: [ app_init ] --END-- [ RunTime:0.000163s ]
ERR: Êó†Ê≥ïÂä†ËΩΩÊ®°Âùó:Public
NOTIC: [8] Array to string conversion F:\phpEnve\Apache\htdocs\lobster\ThinkPHP\Tpl\think_exception.tpl Á¨¨ 43 Ë°å.
NOTIC: [8] Undefined variable: jumpUrl F:\phpEnve\Apache\htdocs\lobster\ThinkPHP\Tpl\think_exception.tpl Á¨¨ 49 Ë°å.
NOTIC: [8] Use of undefined constant __APP__ - assumed '__APP__' F:\phpEnve\Apache\htdocs\lobster\ThinkPHP\Common\functions.php Á¨¨ 974 Ë°å.
NOTIC: [8] Use of undefined constant __APP__ - assumed '__APP__' F:\phpEnve\Apache\htdocs\lobster\ThinkPHP\Common\functions.php Á¨¨ 974 Ë°å.

[ 2015-04-28T18:01:49+08:00 ] 127.0.0.1 /Public/bootstrap/images/blue_color/bg_icon.png
INFO: [ app_init ] --START--
INFO: Run Behavior\BuildLiteBehavior [ RunTime:0.000027s ]
INFO: [ app_init ] --END-- [ RunTime:0.000141s ]
ERR: Êó†Ê≥ïÂä†ËΩΩÊ®°Âùó:Public
NOTIC: [8] Array to string conversion F:\phpEnve\Apache\htdocs\lobster\ThinkPHP\Tpl\think_exception.tpl Á¨¨ 43 Ë°å.
NOTIC: [8] Undefined variable: jumpUrl F:\phpEnve\Apache\htdocs\lobster\ThinkPHP\Tpl\think_exception.tpl Á¨¨ 49 Ë°å.
NOTIC: [8] Use of undefined constant __APP__ - assumed '__APP__' F:\phpEnve\Apache\htdocs\lobster\ThinkPHP\Common\functions.php Á¨¨ 974 Ë°å.
NOTIC: [8] Use of undefined constant __APP__ - assumed '__APP__' F:\phpEnve\Apache\htdocs\lobster\ThinkPHP\Common\functions.php Á¨¨ 974 Ë°å.

[ 2015-04-28T18:01:49+08:00 ] 127.0.0.1 /Public/bootstrap/images/bg.png
INFO: [ app_init ] --START--
INFO: Run Behavior\BuildLiteBehavior [ RunTime:0.000028s ]
INFO: [ app_init ] --END-- [ RunTime:0.000137s ]
ERR: Êó†Ê≥ïÂä†ËΩΩÊ®°Âùó:Public
NOTIC: [8] Array to string conversion F:\phpEnve\Apache\htdocs\lobster\ThinkPHP\Tpl\think_exception.tpl Á¨¨ 43 Ë°å.
NOTIC: [8] Undefined variable: jumpUrl F:\phpEnve\Apache\htdocs\lobster\ThinkPHP\Tpl\think_exception.tpl Á¨¨ 49 Ë°å.
NOTIC: [8] Use of undefined constant __APP__ - assumed '__APP__' F:\phpEnve\Apache\htdocs\lobster\ThinkPHP\Common\functions.php Á¨¨ 974 Ë°å.
NOTIC: [8] Use of undefined constant __APP__ - assumed '__APP__' F:\phpEnve\Apache\htdocs\lobster\ThinkPHP\Common\functions.php Á¨¨ 974 Ë°å.

[ 2015-04-28T18:04:38+08:00 ] 127.0.0.1 /Public/bootstrap/images/login_logo.png
INFO: [ app_init ] --START--
INFO: Run Behavior\BuildLiteBehavior [ RunTime:0.000047s ]
INFO: [ app_init ] --END-- [ RunTime:0.000233s ]
ERR: Êó†Ê≥ïÂä†ËΩΩÊ®°Âùó:Public
NOTIC: [8] Array to string conversion F:\phpEnve\Apache\htdocs\lobster\ThinkPHP\Tpl\think_exception.tpl Á¨¨ 43 Ë°å.
NOTIC: [8] Undefined variable: jumpUrl F:\phpEnve\Apache\htdocs\lobster\ThinkPHP\Tpl\think_exception.tpl Á¨¨ 49 Ë°å.
NOTIC: [8] Use of undefined constant __APP__ - assumed '__APP__' F:\phpEnve\Apache\htdocs\lobster\ThinkPHP\Common\functions.php Á¨¨ 974 Ë°å.
NOTIC: [8] Use of undefined constant __APP__ - assumed '__APP__' F:\phpEnve\Apache\htdocs\lobster\ThinkPHP\Common\functions.php Á¨¨ 974 Ë°å.

[ 2015-04-28T20:27:43+08:00 ] 127.0.0.1 /favicon.ico
INFO: [ app_init ] --START--
INFO: Run Behavior\BuildLiteBehavior [ RunTime:0.000025s ]
INFO: [ app_init ] --END-- [ RunTime:0.000116s ]
ERR: Êó†Ê≥ïÂä†ËΩΩÊ®°Âùó:Favicon
NOTIC: [8] Array to string conversion F:\phpEnve\Apache\htdocs\lobster\ThinkPHP\Tpl\think_exception.tpl Á¨¨ 43 Ë°å.
NOTIC: [8] Undefined variable: jumpUrl F:\phpEnve\Apache\htdocs\lobster\ThinkPHP\Tpl\think_exception.tpl Á¨¨ 49 Ë°å.
NOTIC: [8] Use of undefined constant __APP__ - assumed '__APP__' F:\phpEnve\Apache\htdocs\lobster\ThinkPHP\Common\functions.php Á¨¨ 974 Ë°å.
NOTIC: [8] Use of undefined constant __APP__ - assumed '__APP__' F:\phpEnve\Apache\htdocs\lobster\ThinkPHP\Common\functions.php Á¨¨ 974 Ë°å.

[ 2015-04-28T20:37:52+08:00 ] 127.0.0.1 /Public/bootstrap/images/login_logo.png
INFO: [ app_init ] --START--
INFO: Run Behavior\BuildLiteBehavior [ RunTime:0.000047s ]
INFO: [ app_init ] --END-- [ RunTime:0.000224s ]
ERR: Êó†Ê≥ïÂä†ËΩΩÊ®°Âùó:Public
NOTIC: [8] Array to string conversion F:\phpEnve\Apache\htdocs\lobster\ThinkPHP\Tpl\think_exception.tpl Á¨¨ 43 Ë°å.
NOTIC: [8] Undefined variable: jumpUrl F:\phpEnve\Apache\htdocs\lobster\ThinkPHP\Tpl\think_exception.tpl Á¨¨ 49 Ë°å.
NOTIC: [8] Use of undefined constant __APP__ - assumed '__APP__' F:\phpEnve\Apache\htdocs\lobster\ThinkPHP\Common\functions.php Á¨¨ 974 Ë°å.
NOTIC: [8] Use of undefined constant __APP__ - assumed '__APP__' F:\phpEnve\Apache\htdocs\lobster\ThinkPHP\Common\functions.php Á¨¨ 974 Ë°å.

[ 2015-04-28T20:38:02+08:00 ] 127.0.0.1 /Public/bootstrap/images/blue_color/bg_icon.png
INFO: [ app_init ] --START--
INFO: Run Behavior\BuildLiteBehavior [ RunTime:0.000048s ]
INFO: [ app_init ] --END-- [ RunTime:0.000247s ]
ERR: Êó†Ê≥ïÂä†ËΩΩÊ®°Âùó:Public
NOTIC: [8] Array to string conversion F:\phpEnve\Apache\htdocs\lobster\ThinkPHP\Tpl\think_exception.tpl Á¨¨ 43 Ë°å.
NOTIC: [8] Undefined variable: jumpUrl F:\phpEnve\Apache\htdocs\lobster\ThinkPHP\Tpl\think_exception.tpl Á¨¨ 49 Ë°å.
NOTIC: [8] Use of undefined constant __APP__ - assumed '__APP__' F:\phpEnve\Apache\htdocs\lobster\ThinkPHP\Common\functions.php Á¨¨ 974 Ë°å.
NOTIC: [8] Use of undefined constant __APP__ - assumed '__APP__' F:\phpEnve\Apache\htdocs\lobster\ThinkPHP\Common\functions.php Á¨¨ 974 Ë°å.

[ 2015-04-28T20:38:02+08:00 ] 127.0.0.1 /Public/bootstrap/images/bg.png
INFO: [ app_init ] --START--
INFO: Run Behavior\BuildLiteBehavior [ RunTime:0.000049s ]
INFO: [ app_init ] --END-- [ RunTime:0.000249s ]
ERR: Êó†Ê≥ïÂä†ËΩΩÊ®°Âùó:Public
NOTIC: [8] Array to string conversion F:\phpEnve\Apache\htdocs\lobster\ThinkPHP\Tpl\think_exception.tpl Á¨¨ 43 Ë°å.
NOTIC: [8] Undefined variable: jumpUrl F:\phpEnve\Apache\htdocs\lobster\ThinkPHP\Tpl\think_exception.tpl Á¨¨ 49 Ë°å.
NOTIC: [8] Use of undefined constant __APP__ - assumed '__APP__' F:\phpEnve\Apache\htdocs\lobster\ThinkPHP\Common\functions.php Á¨¨ 974 Ë°å.
NOTIC: [8] Use of undefined constant __APP__ - assumed '__APP__' F:\phpEnve\Apache\htdocs\lobster\ThinkPHP\Common\functions.php Á¨¨ 974 Ë°å.

[ 2015-04-28T20:49:26+08:00 ] 127.0.0.1 /favicon.ico
INFO: [ app_init ] --START--
INFO: Run Behavior\BuildLiteBehavior [ RunTime:0.000024s ]
INFO: [ app_init ] --END-- [ RunTime:0.000117s ]
ERR: Êó†Ê≥ïÂä†ËΩΩÊ®°Âùó:Favicon
NOTIC: [8] Array to string conversion F:\phpEnve\Apache\htdocs\lobster\ThinkPHP\Tpl\think_exception.tpl Á¨¨ 43 Ë°å.
NOTIC: [8] Undefined variable: jumpUrl F:\phpEnve\Apache\htdocs\lobster\ThinkPHP\Tpl\think_exception.tpl Á¨¨ 49 Ë°å.
NOTIC: [8] Use of undefined constant __APP__ - assumed '__APP__' F:\phpEnve\Apache\htdocs\lobster\ThinkPHP\Common\functions.php Á¨¨ 974 Ë°å.
NOTIC: [8] Use of undefined constant __APP__ - assumed '__APP__' F:\phpEnve\Apache\htdocs\lobster\ThinkPHP\Common\functions.php Á¨¨ 974 Ë°å.

[ 2015-04-28T22:39:34+08:00 ] 127.0.0.1 /favicon.ico
INFO: [ app_init ] --START--
INFO: Run Behavior\BuildLiteBehavior [ RunTime:0.000025s ]
INFO: [ app_init ] --END-- [ RunTime:0.000120s ]
ERR: Êó†Ê≥ïÂä†ËΩΩÊ®°Âùó:Favicon
NOTIC: [8] Array to string conversion F:\phpEnve\Apache\htdocs\lobster\ThinkPHP\Tpl\think_exception.tpl Á¨¨ 43 Ë°å.
NOTIC: [8] Undefined variable: jumpUrl F:\phpEnve\Apache\htdocs\lobster\ThinkPHP\Tpl\think_exception.tpl Á¨¨ 49 Ë°å.
NOTIC: [8] Use of undefined constant __APP__ - assumed '__APP__' F:\phpEnve\Apache\htdocs\lobster\ThinkPHP\Common\functions.php Á¨¨ 974 Ë°å.
NOTIC: [8] Use of undefined constant __APP__ - assumed '__APP__' F:\phpEnve\Apache\htdocs\lobster\ThinkPHP\Common\functions.php Á¨¨ 974 Ë°å.

[ 2015-04-28T22:39:36+08:00 ] 127.0.0.1 /Public/bootstrap/images/login_logo.png
INFO: [ app_init ] --START--
INFO: Run Behavior\BuildLiteBehavior [ RunTime:0.000030s ]
INFO: [ app_init ] --END-- [ RunTime:0.000150s ]
ERR: Êó†Ê≥ïÂä†ËΩΩÊ®°Âùó:Public
NOTIC: [8] Array to string conversion F:\phpEnve\Apache\htdocs\lobster\ThinkPHP\Tpl\think_exception.tpl Á¨¨ 43 Ë°å.
NOTIC: [8] Undefined variable: jumpUrl F:\phpEnve\Apache\htdocs\lobster\ThinkPHP\Tpl\think_exception.tpl Á¨¨ 49 Ë°å.
NOTIC: [8] Use of undefined constant __APP__ - assumed '__APP__' F:\phpEnve\Apache\htdocs\lobster\ThinkPHP\Common\functions.php Á¨¨ 974 Ë°å.
NOTIC: [8] Use of undefined constant __APP__ - assumed '__APP__' F:\phpEnve\Apache\htdocs\lobster\ThinkPHP\Common\functions.php Á¨¨ 974 Ë°å.

[ 2015-04-28T22:43:07+08:00 ] 127.0.0.1 /Public/bootstrap/images/login_logo.png
INFO: [ app_init ] --START--
INFO: Run Behavior\BuildLiteBehavior [ RunTime:0.000027s ]
INFO: [ app_init ] --END-- [ RunTime:0.000138s ]
ERR: Êó†Ê≥ïÂä†ËΩΩÊ®°Âùó:Public
NOTIC: [8] Array to string conversion F:\phpEnve\Apache\htdocs\lobster\ThinkPHP\Tpl\think_exception.tpl Á¨¨ 43 Ë°å.
NOTIC: [8] Undefined variable: jumpUrl F:\phpEnve\Apache\htdocs\lobster\ThinkPHP\Tpl\think_exception.tpl Á¨¨ 49 Ë°å.
NOTIC: [8] Use of undefined constant __APP__ - assumed '__APP__' F:\phpEnve\Apache\htdocs\lobster\ThinkPHP\Common\functions.php Á¨¨ 974 Ë°å.
NOTIC: [8] Use of undefined constant __APP__ - assumed '__APP__' F:\phpEnve\Apache\htdocs\lobster\ThinkPHP\Common\functions.php Á¨¨ 974 Ë°å.

[ 2015-04-28T22:43:13+08:00 ] 127.0.0.1 /Public/bootstrap/images/blue_color/bg_icon.png
INFO: [ app_init ] --START--
INFO: Run Behavior\BuildLiteBehavior [ RunTime:0.000027s ]
INFO: [ app_init ] --END-- [ RunTime:0.000145s ]
ERR: Êó†Ê≥ïÂä†ËΩΩÊ®°Âùó:Public
NOTIC: [8] Array to string conversion F:\phpEnve\Apache\htdocs\lobster\ThinkPHP\Tpl\think_exception.tpl Á¨¨ 43 Ë°å.
NOTIC: [8] Undefined variable: jumpUrl F:\phpEnve\Apache\htdocs\lobster\ThinkPHP\Tpl\think_exception.tpl Á¨¨ 49 Ë°å.
NOTIC: [8] Use of undefined constant __APP__ - assumed '__APP__' F:\phpEnve\Apache\htdocs\lobster\ThinkPHP\Common\functions.php Á¨¨ 974 Ë°å.
NOTIC: [8] Use of undefined constant __APP__ - assumed '__APP__' F:\phpEnve\Apache\htdocs\lobster\ThinkPHP\Common\functions.php Á¨¨ 974 Ë°å.

[ 2015-04-28T22:43:13+08:00 ] 127.0.0.1 /Public/bootstrap/images/bg.png
INFO: [ app_init ] --START--
INFO: Run Behavior\BuildLiteBehavior [ RunTime:0.000026s ]
INFO: [ app_init ] --END-- [ RunTime:0.000132s ]
ERR: Êó†Ê≥ïÂä†ËΩΩÊ®°Âùó:Public
NOTIC: [8] Array to string conversion F:\phpEnve\Apache\htdocs\lobster\ThinkPHP\Tpl\think_exception.tpl Á¨¨ 43 Ë°å.
NOTIC: [8] Undefined variable: jumpUrl F:\phpEnve\Apache\htdocs\lobster\ThinkPHP\Tpl\think_exception.tpl Á¨¨ 49 Ë°å.
NOTIC: [8] Use of undefined constant __APP__ - assumed '__APP__' F:\phpEnve\Apache\htdocs\lobster\ThinkPHP\Common\functions.php Á¨¨ 974 Ë°å.
NOTIC: [8] Use of undefined constant __APP__ - assumed '__APP__' F:\phpEnve\Apache\htdocs\lobster\ThinkPHP\Common\functions.php Á¨¨ 974 Ë°å.

