[ 2015-04-28T15:11:36+08:00 ] 127.0.0.1 /index.php/Login/Index/index
INFO: [ app_init ] --START--
INFO: Run Behavior\BuildLiteBehavior [ RunTime:0.018456s ]
INFO: [ app_init ] --END-- [ RunTime:0.167946s ]
INFO: [ app_begin ] --START--
INFO: Run Behavior\ReadHtmlCacheBehavior [ RunTime:0.045967s ]
INFO: [ app_begin ] --END-- [ RunTime:0.046201s ]
INFO: [ view_parse ] --START--
INFO: [ template_filter ] --START--
INFO: Run Behavior\ContentReplaceBehavior [ RunTime:0.026822s ]
INFO: [ template_filter ] --END-- [ RunTime:0.027083s ]
INFO: Run Behavior\ParseTemplateBehavior [ RunTime:0.300570s ]
INFO: [ view_parse ] --END-- [ RunTime:0.300804s ]
INFO: [ view_filter ] --START--
INFO: Run Behavior\WriteHtmlCacheBehavior [ RunTime:0.032089s ]
INFO: [ view_filter ] --END-- [ RunTime:0.032275s ]
INFO: [ app_end ] --START--
INFO: Run Behavior\ShowPageTraceBehavior [ RunTime:0.004083s ]
INFO: [ app_end ] --END-- [ RunTime:0.004362s ]

[ 2015-04-28T15:13:58+08:00 ] 127.0.0.1 /index.php/Login/Index/index
INFO: [ app_init ] --START--
INFO: Run Behavior\BuildLiteBehavior [ RunTime:0.000025s ]
INFO: [ app_init ] --END-- [ RunTime:0.000119s ]
INFO: [ app_begin ] --START--
INFO: Run Behavior\ReadHtmlCacheBehavior [ RunTime:0.001832s ]
INFO: [ app_begin ] --END-- [ RunTime:0.001962s ]
INFO: [ view_parse ] --START--
INFO: [ template_filter ] --START--
INFO: Run Behavior\ContentReplaceBehavior [ RunTime:0.000959s ]
INFO: [ template_filter ] --END-- [ RunTime:0.001158s ]
INFO: Run Behavior\ParseTemplateBehavior [ RunTime:0.083616s ]
INFO: [ view_parse ] --END-- [ RunTime:0.083739s ]
INFO: [ view_filter ] --START--
INFO: Run Behavior\WriteHtmlCacheBehavior [ RunTime:0.000753s ]
INFO: [ view_filter ] --END-- [ RunTime:0.000836s ]
INFO: [ app_end ] --START--
INFO: Run Behavior\ShowPageTraceBehavior [ RunTime:0.001737s ]
INFO: [ app_end ] --END-- [ RunTime:0.001875s ]

[ 2015-04-28T15:15:24+08:00 ] 127.0.0.1 /index.php/Login/Index/index
INFO: [ app_init ] --START--
INFO: Run Behavior\BuildLiteBehavior [ RunTime:0.000043s ]
INFO: [ app_init ] --END-- [ RunTime:0.000226s ]
INFO: [ app_begin ] --START--
INFO: Run Behavior\ReadHtmlCacheBehavior [ RunTime:0.027684s ]
INFO: [ app_begin ] --END-- [ RunTime:0.027949s ]
INFO: [ view_parse ] --START--
INFO: [ template_filter ] --START--
INFO: Run Behavior\ContentReplaceBehavior [ RunTime:0.000795s ]
INFO: [ template_filter ] --END-- [ RunTime:0.001014s ]
INFO: Run Behavior\ParseTemplateBehavior [ RunTime:0.061935s ]
INFO: [ view_parse ] --END-- [ RunTime:0.062140s ]
INFO: [ view_filter ] --START--
INFO: Run Behavior\WriteHtmlCacheBehavior [ RunTime:0.002291s ]
INFO: [ view_filter ] --END-- [ RunTime:0.002476s ]
INFO: [ app_end ] --START--
INFO: Run Behavior\ShowPageTraceBehavior [ RunTime:0.003585s ]
INFO: [ app_end ] --END-- [ RunTime:0.004090s ]

[ 2015-04-28T15:17:57+08:00 ] 127.0.0.1 /index.php/Login/Index/index
INFO: [ app_init ] --START--
INFO: Run Behavior\BuildLiteBehavior [ RunTime:0.000046s ]
INFO: [ app_init ] --END-- [ RunTime:0.000227s ]
INFO: [ app_begin ] --START--
INFO: Run Behavior\ReadHtmlCacheBehavior [ RunTime:0.003980s ]
INFO: [ app_begin ] --END-- [ RunTime:0.004206s ]
INFO: [ view_parse ] --START--
INFO: [ template_filter ] --START--
INFO: Run Behavior\ContentReplaceBehavior [ RunTime:0.000377s ]
INFO: [ template_filter ] --END-- [ RunTime:0.000501s ]
INFO: Run Behavior\ParseTemplateBehavior [ RunTime:0.078333s ]
INFO: [ view_parse ] --END-- [ RunTime:0.078497s ]
INFO: [ view_filter ] --START--
INFO: Run Behavior\WriteHtmlCacheBehavior [ RunTime:0.001289s ]
INFO: [ view_filter ] --END-- [ RunTime:0.001384s ]
INFO: [ app_end ] --START--
INFO: Run Behavior\ShowPageTraceBehavior [ RunTime:0.001829s ]
INFO: [ app_end ] --END-- [ RunTime:0.002023s ]

[ 2015-04-28T15:18:26+08:00 ] 127.0.0.1 /index.php/Login/Index/index
INFO: [ app_init ] --START--
INFO: Run Behavior\BuildLiteBehavior [ RunTime:0.000037s ]
INFO: [ app_init ] --END-- [ RunTime:0.000179s ]
INFO: [ app_begin ] --START--
INFO: Run Behavior\ReadHtmlCacheBehavior [ RunTime:0.016365s ]
INFO: [ app_begin ] --END-- [ RunTime:0.016511s ]
INFO: [ view_parse ] --START--
INFO: [ template_filter ] --START--
INFO: Run Behavior\ContentReplaceBehavior [ RunTime:0.000472s ]
INFO: [ template_filter ] --END-- [ RunTime:0.000641s ]
INFO: Run Behavior\ParseTemplateBehavior [ RunTime:0.025624s ]
INFO: [ view_parse ] --END-- [ RunTime:0.025738s ]
INFO: [ view_filter ] --START--
INFO: Run Behavior\WriteHtmlCacheBehavior [ RunTime:0.001344s ]
INFO: [ view_filter ] --END-- [ RunTime:0.001454s ]
INFO: [ app_end ] --START--
INFO: Run Behavior\ShowPageTraceBehavior [ RunTime:0.001788s ]
INFO: [ app_end ] --END-- [ RunTime:0.001928s ]

[ 2015-04-28T15:27:12+08:00 ] 127.0.0.1 /index.php/Login/Index/index
INFO: [ app_init ] --START--
INFO: Run Behavior\BuildLiteBehavior [ RunTime:0.000047s ]
INFO: [ app_init ] --END-- [ RunTime:0.000236s ]
INFO: [ app_begin ] --START--
INFO: Run Behavior\ReadHtmlCacheBehavior [ RunTime:0.003231s ]
INFO: [ app_begin ] --END-- [ RunTime:0.003498s ]
INFO: [ view_parse ] --START--
INFO: [ template_filter ] --START--
INFO: Run Behavior\ContentReplaceBehavior [ RunTime:0.000789s ]
INFO: [ template_filter ] --END-- [ RunTime:0.001002s ]
INFO: Run Behavior\ParseTemplateBehavior [ RunTime:0.041705s ]
INFO: [ view_parse ] --END-- [ RunTime:0.041859s ]
INFO: [ view_filter ] --START--
INFO: Run Behavior\WriteHtmlCacheBehavior [ RunTime:0.001026s ]
INFO: [ view_filter ] --END-- [ RunTime:0.001113s ]
INFO: [ app_end ] --START--
INFO: Run Behavior\ShowPageTraceBehavior [ RunTime:0.001678s ]
INFO: [ app_end ] --END-- [ RunTime:0.001901s ]

[ 2015-04-28T15:27:20+08:00 ] 127.0.0.1 /index.php/Login/Index/index
INFO: [ app_init ] --START--
INFO: Run Behavior\BuildLiteBehavior [ RunTime:0.000044s ]
INFO: [ app_init ] --END-- [ RunTime:0.000226s ]
INFO: [ app_begin ] --START--
INFO: Run Behavior\ReadHtmlCacheBehavior [ RunTime:0.004472s ]
INFO: [ app_begin ] --END-- [ RunTime:0.004722s ]
INFO: [ view_parse ] --START--
INFO: [ template_filter ] --START--
INFO: Run Behavior\ContentReplaceBehavior [ RunTime:0.000787s ]
INFO: [ template_filter ] --END-- [ RunTime:0.001000s ]
INFO: Run Behavior\ParseTemplateBehavior [ RunTime:0.041824s ]
INFO: [ view_parse ] --END-- [ RunTime:0.042030s ]
INFO: [ view_filter ] --START--
INFO: Run Behavior\WriteHtmlCacheBehavior [ RunTime:0.001785s ]
INFO: [ view_filter ] --END-- [ RunTime:0.001956s ]
INFO: [ app_end ] --START--
INFO: Run Behavior\ShowPageTraceBehavior [ RunTime:0.003346s ]
INFO: [ app_end ] --END-- [ RunTime:0.003705s ]

[ 2015-04-28T15:28:04+08:00 ] 127.0.0.1 /index.php/Login/Index/index
INFO: [ app_init ] --START--
INFO: Run Behavior\BuildLiteBehavior [ RunTime:0.000025s ]
INFO: [ app_init ] --END-- [ RunTime:0.000124s ]
INFO: [ app_begin ] --START--
INFO: Run Behavior\ReadHtmlCacheBehavior [ RunTime:0.001553s ]
INFO: [ app_begin ] --END-- [ RunTime:0.001674s ]
INFO: [ view_parse ] --START--
INFO: [ template_filter ] --START--
INFO: Run Behavior\ContentReplaceBehavior [ RunTime:0.000374s ]
INFO: [ template_filter ] --END-- [ RunTime:0.000494s ]
INFO: Run Behavior\ParseTemplateBehavior [ RunTime:0.036556s ]
INFO: [ view_parse ] --END-- [ RunTime:0.036666s ]
INFO: [ view_filter ] --START--
INFO: Run Behavior\WriteHtmlCacheBehavior [ RunTime:0.001129s ]
INFO: [ view_filter ] --END-- [ RunTime:0.001228s ]
INFO: [ app_end ] --START--
INFO: Run Behavior\ShowPageTraceBehavior [ RunTime:0.003456s ]
INFO: [ app_end ] --END-- [ RunTime:0.005452s ]

[ 2015-04-28T15:29:05+08:00 ] 127.0.0.1 /index.php/Login/Index/index
INFO: [ app_init ] --START--
INFO: Run Behavior\BuildLiteBehavior [ RunTime:0.000051s ]
INFO: [ app_init ] --END-- [ RunTime:0.000256s ]
INFO: [ app_begin ] --START--
INFO: Run Behavior\ReadHtmlCacheBehavior [ RunTime:0.006028s ]
INFO: [ app_begin ] --END-- [ RunTime:0.006263s ]
INFO: [ view_parse ] --START--
INFO: [ template_filter ] --START--
INFO: Run Behavior\ContentReplaceBehavior [ RunTime:0.000371s ]
INFO: [ template_filter ] --END-- [ RunTime:0.000494s ]
INFO: Run Behavior\ParseTemplateBehavior [ RunTime:0.038802s ]
INFO: [ view_parse ] --END-- [ RunTime:0.038948s ]
INFO: [ view_filter ] --START--
INFO: Run Behavior\WriteHtmlCacheBehavior [ RunTime:0.001014s ]
INFO: [ view_filter ] --END-- [ RunTime:0.001101s ]
INFO: [ app_end ] --START--
INFO: Run Behavior\ShowPageTraceBehavior [ RunTime:0.001944s ]
INFO: [ app_end ] --END-- [ RunTime:0.002054s ]

[ 2015-04-28T15:32:34+08:00 ] 127.0.0.1 /index.php/Login/Index/index
INFO: [ app_init ] --START--
INFO: Run Behavior\BuildLiteBehavior [ RunTime:0.000046s ]
INFO: [ app_init ] --END-- [ RunTime:0.000236s ]
INFO: [ app_begin ] --START--
INFO: Run Behavior\ReadHtmlCacheBehavior [ RunTime:0.004503s ]
INFO: [ app_begin ] --END-- [ RunTime:0.004749s ]
INFO: [ view_parse ] --START--
INFO: [ template_filter ] --START--
INFO: Run Behavior\ContentReplaceBehavior [ RunTime:0.000890s ]
INFO: [ template_filter ] --END-- [ RunTime:0.001097s ]
INFO: Run Behavior\ParseTemplateBehavior [ RunTime:0.038684s ]
INFO: [ view_parse ] --END-- [ RunTime:0.038840s ]
INFO: [ view_filter ] --START--
INFO: Run Behavior\WriteHtmlCacheBehavior [ RunTime:0.000704s ]
INFO: [ view_filter ] --END-- [ RunTime:0.000783s ]
INFO: [ app_end ] --START--
INFO: Run Behavior\ShowPageTraceBehavior [ RunTime:0.001723s ]
INFO: [ app_end ] --END-- [ RunTime:0.001967s ]

[ 2015-04-28T15:35:13+08:00 ] 127.0.0.1 /index.php/Login/Index/index
INFO: [ app_init ] --START--
INFO: Run Behavior\BuildLiteBehavior [ RunTime:0.000046s ]
INFO: [ app_init ] --END-- [ RunTime:0.000240s ]
INFO: [ app_begin ] --START--
INFO: Run Behavior\ReadHtmlCacheBehavior [ RunTime:0.003538s ]
INFO: [ app_begin ] --END-- [ RunTime:0.003768s ]
INFO: [ view_parse ] --START--
INFO: [ template_filter ] --START--
INFO: Run Behavior\ContentReplaceBehavior [ RunTime:0.001102s ]
INFO: [ template_filter ] --END-- [ RunTime:0.001347s ]
INFO: Run Behavior\ParseTemplateBehavior [ RunTime:0.052545s ]
INFO: [ view_parse ] --END-- [ RunTime:0.052754s ]
INFO: [ view_filter ] --START--
INFO: Run Behavior\WriteHtmlCacheBehavior [ RunTime:0.001716s ]
INFO: [ view_filter ] --END-- [ RunTime:0.001877s ]
INFO: [ app_end ] --START--
INFO: Run Behavior\ShowPageTraceBehavior [ RunTime:0.003592s ]
INFO: [ app_end ] --END-- [ RunTime:0.003919s ]

[ 2015-04-28T15:38:04+08:00 ] 127.0.0.1 /index.php/Login/Index/index
INFO: [ app_init ] --START--
INFO: Run Behavior\BuildLiteBehavior [ RunTime:0.000046s ]
INFO: [ app_init ] --END-- [ RunTime:0.000230s ]
INFO: [ app_begin ] --START--
INFO: Run Behavior\ReadHtmlCacheBehavior [ RunTime:0.003234s ]
INFO: [ app_begin ] --END-- [ RunTime:0.003445s ]
INFO: [ view_parse ] --START--
INFO: [ template_filter ] --START--
INFO: Run Behavior\ContentReplaceBehavior [ RunTime:0.000465s ]
INFO: [ template_filter ] --END-- [ RunTime:0.000597s ]
INFO: Run Behavior\ParseTemplateBehavior [ RunTime:0.021272s ]
INFO: [ view_parse ] --END-- [ RunTime:0.021395s ]
INFO: [ view_filter ] --START--
INFO: Run Behavior\WriteHtmlCacheBehavior [ RunTime:0.001051s ]
INFO: [ view_filter ] --END-- [ RunTime:0.001132s ]
INFO: [ app_end ] --START--
INFO: Run Behavior\ShowPageTraceBehavior [ RunTime:0.002798s ]
INFO: [ app_end ] --END-- [ RunTime:0.003008s ]

[ 2015-04-28T15:38:39+08:00 ] 127.0.0.1 /index.php/Login/Index/index
INFO: [ app_init ] --START--
INFO: Run Behavior\BuildLiteBehavior [ RunTime:0.000026s ]
INFO: [ app_init ] --END-- [ RunTime:0.000137s ]
INFO: [ app_begin ] --START--
INFO: Run Behavior\ReadHtmlCacheBehavior [ RunTime:0.001237s ]
INFO: [ app_begin ] --END-- [ RunTime:0.001350s ]
INFO: [ view_parse ] --START--
INFO: [ template_filter ] --START--
INFO: Run Behavior\ContentReplaceBehavior [ RunTime:0.000359s ]
INFO: [ template_filter ] --END-- [ RunTime:0.000479s ]
INFO: Run Behavior\ParseTemplateBehavior [ RunTime:0.018238s ]
INFO: [ view_parse ] --END-- [ RunTime:0.018361s ]
INFO: [ view_filter ] --START--
INFO: Run Behavior\WriteHtmlCacheBehavior [ RunTime:0.000746s ]
INFO: [ view_filter ] --END-- [ RunTime:0.000825s ]
INFO: [ app_end ] --START--
INFO: Run Behavior\ShowPageTraceBehavior [ RunTime:0.001514s ]
INFO: [ app_end ] --END-- [ RunTime:0.001628s ]

[ 2015-04-28T15:39:38+08:00 ] 127.0.0.1 /index.php/Login/Index/index
INFO: [ app_init ] --START--
INFO: Run Behavior\BuildLiteBehavior [ RunTime:0.000024s ]
INFO: [ app_init ] --END-- [ RunTime:0.000114s ]
INFO: [ app_begin ] --START--
INFO: Run Behavior\ReadHtmlCacheBehavior [ RunTime:0.001482s ]
INFO: [ app_begin ] --END-- [ RunTime:0.001589s ]
INFO: [ view_parse ] --START--
INFO: [ template_filter ] --START--
INFO: Run Behavior\ContentReplaceBehavior [ RunTime:0.000361s ]
INFO: [ template_filter ] --END-- [ RunTime:0.000475s ]
INFO: Run Behavior\ParseTemplateBehavior [ RunTime:0.019216s ]
INFO: [ view_parse ] --END-- [ RunTime:0.019321s ]
INFO: [ view_filter ] --START--
INFO: Run Behavior\WriteHtmlCacheBehavior [ RunTime:0.001044s ]
INFO: [ view_filter ] --END-- [ RunTime:0.001125s ]
INFO: [ app_end ] --START--
INFO: Run Behavior\ShowPageTraceBehavior [ RunTime:0.002371s ]
INFO: [ app_end ] --END-- [ RunTime:0.002501s ]

[ 2015-04-28T15:39:58+08:00 ] 127.0.0.1 /index.php/Login/Index/index.html
INFO: [ app_init ] --START--
INFO: Run Behavior\BuildLiteBehavior [ RunTime:0.000045s ]
INFO: [ app_init ] --END-- [ RunTime:0.000226s ]
INFO: [ app_begin ] --START--
INFO: Run Behavior\ReadHtmlCacheBehavior [ RunTime:0.002808s ]
INFO: [ app_begin ] --END-- [ RunTime:0.002999s ]
SQL: SHOW COLUMNS FROM `user` [ RunTime:1.2702s ]
SQL: SELECT * FROM `user` WHERE `username` = 'admin' LIMIT 1   [ RunTime:0.1032s ]

[ 2015-04-28T15:40:01+08:00 ] 127.0.0.1 /index.php/Login/Index/index.html
INFO: [ app_init ] --START--
INFO: Run Behavior\BuildLiteBehavior [ RunTime:0.000025s ]
INFO: [ app_init ] --END-- [ RunTime:0.000124s ]
INFO: [ app_begin ] --START--
INFO: Run Behavior\ReadHtmlCacheBehavior [ RunTime:0.001430s ]
INFO: [ app_begin ] --END-- [ RunTime:0.001544s ]
SQL: SHOW COLUMNS FROM `user` [ RunTime:0.0097s ]
SQL: SELECT * FROM `user` WHERE `username` = 'admin' LIMIT 1   [ RunTime:0.0008s ]

[ 2015-04-28T15:40:02+08:00 ] 127.0.0.1 /index.php/Login/Index/index.html
INFO: [ app_init ] --START--
INFO: Run Behavior\BuildLiteBehavior [ RunTime:0.000046s ]
INFO: [ app_init ] --END-- [ RunTime:0.000241s ]
INFO: [ app_begin ] --START--
INFO: Run Behavior\ReadHtmlCacheBehavior [ RunTime:0.002854s ]
INFO: [ app_begin ] --END-- [ RunTime:0.003045s ]
SQL: SHOW COLUMNS FROM `user` [ RunTime:0.0199s ]
SQL: SELECT * FROM `user` WHERE `username` = 'admin' LIMIT 1   [ RunTime:0.0226s ]

[ 2015-04-28T15:42:39+08:00 ] 127.0.0.1 /index.php/Login/Index/index
INFO: [ app_init ] --START--
INFO: Run Behavior\BuildLiteBehavior [ RunTime:0.000024s ]
INFO: [ app_init ] --END-- [ RunTime:0.000117s ]
INFO: [ app_begin ] --START--
INFO: Run Behavior\ReadHtmlCacheBehavior [ RunTime:0.001381s ]
INFO: [ app_begin ] --END-- [ RunTime:0.001515s ]
INFO: [ view_parse ] --START--
INFO: [ template_filter ] --START--
INFO: Run Behavior\ContentReplaceBehavior [ RunTime:0.000364s ]
INFO: [ template_filter ] --END-- [ RunTime:0.000487s ]
INFO: Run Behavior\ParseTemplateBehavior [ RunTime:0.018945s ]
INFO: [ view_parse ] --END-- [ RunTime:0.019050s ]
INFO: [ view_filter ] --START--
INFO: Run Behavior\WriteHtmlCacheBehavior [ RunTime:0.000901s ]
INFO: [ view_filter ] --END-- [ RunTime:0.000982s ]
INFO: [ app_end ] --START--
INFO: Run Behavior\ShowPageTraceBehavior [ RunTime:0.003996s ]
INFO: [ app_end ] --END-- [ RunTime:0.004122s ]

[ 2015-04-28T15:42:54+08:00 ] 127.0.0.1 /index.php/Login/Index/index.html
INFO: [ app_init ] --START--
INFO: Run Behavior\BuildLiteBehavior [ RunTime:0.000046s ]
INFO: [ app_init ] --END-- [ RunTime:0.000250s ]
INFO: [ app_begin ] --START--
INFO: Run Behavior\ReadHtmlCacheBehavior [ RunTime:0.004758s ]
INFO: [ app_begin ] --END-- [ RunTime:0.004955s ]
SQL: SHOW COLUMNS FROM `user` [ RunTime:0.0157s ]
SQL: SELECT * FROM `user` WHERE `username` = 'admin' LIMIT 1   [ RunTime:0.0010s ]

[ 2015-04-28T15:42:56+08:00 ] 127.0.0.1 /index.php/Login/Index/index.html
INFO: [ app_init ] --START--
INFO: Run Behavior\BuildLiteBehavior [ RunTime:0.000027s ]
INFO: [ app_init ] --END-- [ RunTime:0.000135s ]
INFO: [ app_begin ] --START--
INFO: Run Behavior\ReadHtmlCacheBehavior [ RunTime:0.001658s ]
INFO: [ app_begin ] --END-- [ RunTime:0.001807s ]
SQL: SHOW COLUMNS FROM `user` [ RunTime:0.0110s ]
SQL: SELECT * FROM `user` WHERE `username` = 'admin' LIMIT 1   [ RunTime:0.0008s ]

[ 2015-04-28T15:42:57+08:00 ] 127.0.0.1 /index.php/Login/Index/index.html
INFO: [ app_init ] --START--
INFO: Run Behavior\BuildLiteBehavior [ RunTime:0.000024s ]
INFO: [ app_init ] --END-- [ RunTime:0.000116s ]
INFO: [ app_begin ] --START--
INFO: Run Behavior\ReadHtmlCacheBehavior [ RunTime:0.001526s ]
INFO: [ app_begin ] --END-- [ RunTime:0.001632s ]
SQL: SHOW COLUMNS FROM `user` [ RunTime:0.0092s ]
SQL: SELECT * FROM `user` WHERE `username` = 'admin' LIMIT 1   [ RunTime:0.0375s ]

[ 2015-04-28T15:43:09+08:00 ] 127.0.0.1 /index.php/Login/Index/index.html
INFO: [ app_init ] --START--
INFO: Run Behavior\BuildLiteBehavior [ RunTime:0.000046s ]
INFO: [ app_init ] --END-- [ RunTime:0.000234s ]
INFO: [ app_begin ] --START--
INFO: Run Behavior\ReadHtmlCacheBehavior [ RunTime:0.003414s ]
INFO: [ app_begin ] --END-- [ RunTime:0.003625s ]
SQL: SHOW COLUMNS FROM `user` [ RunTime:0.0153s ]
SQL: SELECT * FROM `user` WHERE `username` = 'admin' LIMIT 1   [ RunTime:0.0011s ]

[ 2015-04-28T15:43:10+08:00 ] 127.0.0.1 /index.php/Login/Index/index.html
INFO: [ app_init ] --START--
INFO: Run Behavior\BuildLiteBehavior [ RunTime:0.000048s ]
INFO: [ app_init ] --END-- [ RunTime:0.000248s ]
INFO: [ app_begin ] --START--
INFO: Run Behavior\ReadHtmlCacheBehavior [ RunTime:0.003209s ]
INFO: [ app_begin ] --END-- [ RunTime:0.003402s ]
SQL: SHOW COLUMNS FROM `user` [ RunTime:0.0169s ]
SQL: SELECT * FROM `user` WHERE `username` = 'admin' LIMIT 1   [ RunTime:0.0010s ]

[ 2015-04-28T15:44:48+08:00 ] 127.0.0.1 /index.php/Login/Index/index
INFO: [ app_init ] --START--
INFO: Run Behavior\BuildLiteBehavior [ RunTime:0.000032s ]
INFO: [ app_init ] --END-- [ RunTime:0.000172s ]
INFO: [ app_begin ] --START--
INFO: Run Behavior\ReadHtmlCacheBehavior [ RunTime:0.002726s ]
INFO: [ app_begin ] --END-- [ RunTime:0.002957s ]
INFO: [ view_parse ] --START--
INFO: [ template_filter ] --START--
INFO: Run Behavior\ContentReplaceBehavior [ RunTime:0.000515s ]
INFO: [ template_filter ] --END-- [ RunTime:0.000720s ]
INFO: Run Behavior\ParseTemplateBehavior [ RunTime:0.032756s ]
INFO: [ view_parse ] --END-- [ RunTime:0.032932s ]
INFO: [ view_filter ] --START--
INFO: Run Behavior\WriteHtmlCacheBehavior [ RunTime:0.002057s ]
INFO: [ view_filter ] --END-- [ RunTime:0.002205s ]
INFO: [ app_end ] --START--
INFO: Run Behavior\ShowPageTraceBehavior [ RunTime:0.004032s ]
INFO: [ app_end ] --END-- [ RunTime:0.004243s ]

[ 2015-04-28T15:44:57+08:00 ] 127.0.0.1 /index.php/Login/Index/index.html
INFO: [ app_init ] --START--
INFO: Run Behavior\BuildLiteBehavior [ RunTime:0.000047s ]
INFO: [ app_init ] --END-- [ RunTime:0.000300s ]
INFO: [ app_begin ] --START--
INFO: Run Behavior\ReadHtmlCacheBehavior [ RunTime:0.003547s ]
INFO: [ app_begin ] --END-- [ RunTime:0.003791s ]
SQL: SHOW COLUMNS FROM `user` [ RunTime:0.0111s ]
SQL: SELECT * FROM `user` WHERE `username` = 'admin' LIMIT 1   [ RunTime:0.0856s ]

[ 2015-04-28T15:45:07+08:00 ] 127.0.0.1 /index.php/Login/Index/index.html
INFO: [ app_init ] --START--
INFO: Run Behavior\BuildLiteBehavior [ RunTime:0.000044s ]
INFO: [ app_init ] --END-- [ RunTime:0.000223s ]
INFO: [ app_begin ] --START--
INFO: Run Behavior\ReadHtmlCacheBehavior [ RunTime:0.002336s ]
INFO: [ app_begin ] --END-- [ RunTime:0.002558s ]
INFO: [ view_parse ] --START--
INFO: [ template_filter ] --START--
INFO: Run Behavior\ContentReplaceBehavior [ RunTime:0.000789s ]
INFO: [ template_filter ] --END-- [ RunTime:0.000998s ]
INFO: Run Behavior\ParseTemplateBehavior [ RunTime:0.040231s ]
INFO: [ view_parse ] --END-- [ RunTime:0.040426s ]
INFO: [ view_filter ] --START--
INFO: Run Behavior\WriteHtmlCacheBehavior [ RunTime:0.001476s ]
INFO: [ view_filter ] --END-- [ RunTime:0.001640s ]
INFO: [ app_end ] --START--
INFO: Run Behavior\ShowPageTraceBehavior [ RunTime:0.003223s ]
INFO: [ app_end ] --END-- [ RunTime:0.003516s ]

[ 2015-04-28T15:45:14+08:00 ] 127.0.0.1 /index.php/Login/Index/index.html
INFO: [ app_init ] --START--
INFO: Run Behavior\BuildLiteBehavior [ RunTime:0.000046s ]
INFO: [ app_init ] --END-- [ RunTime:0.000229s ]
INFO: [ app_begin ] --START--
INFO: Run Behavior\ReadHtmlCacheBehavior [ RunTime:0.003026s ]
INFO: [ app_begin ] --END-- [ RunTime:0.003247s ]
SQL: SHOW COLUMNS FROM `user` [ RunTime:0.0097s ]
SQL: SELECT * FROM `user` WHERE `username` = 'admin' LIMIT 1   [ RunTime:0.0007s ]
INFO: [ view_parse ] --START--
INFO: [ template_filter ] --START--
INFO: Run Behavior\ContentReplaceBehavior [ RunTime:0.000091s ]
INFO: [ template_filter ] --END-- [ RunTime:0.000180s ]
INFO: Run Behavior\ParseTemplateBehavior [ RunTime:0.063597s ]
INFO: [ view_parse ] --END-- [ RunTime:0.063723s ]
INFO: [ view_filter ] --START--
INFO: Run Behavior\WriteHtmlCacheBehavior [ RunTime:0.000916s ]
INFO: [ view_filter ] --END-- [ RunTime:0.000997s ]

[ 2015-04-28T15:45:17+08:00 ] 127.0.0.1 /index.php/Login/Index/index.html
INFO: [ app_init ] --START--
INFO: Run Behavior\BuildLiteBehavior [ RunTime:0.000025s ]
INFO: [ app_init ] --END-- [ RunTime:0.000118s ]
INFO: [ app_begin ] --START--
INFO: Run Behavior\ReadHtmlCacheBehavior [ RunTime:0.001341s ]
INFO: [ app_begin ] --END-- [ RunTime:0.001450s ]
INFO: [ view_parse ] --START--
INFO: [ template_filter ] --START--
INFO: Run Behavior\ContentReplaceBehavior [ RunTime:0.000362s ]
INFO: [ template_filter ] --END-- [ RunTime:0.000487s ]
INFO: Run Behavior\ParseTemplateBehavior [ RunTime:0.019272s ]
INFO: [ view_parse ] --END-- [ RunTime:0.019381s ]
INFO: [ view_filter ] --START--
INFO: Run Behavior\WriteHtmlCacheBehavior [ RunTime:0.000970s ]
INFO: [ view_filter ] --END-- [ RunTime:0.001057s ]
INFO: [ app_end ] --START--
INFO: Run Behavior\ShowPageTraceBehavior [ RunTime:0.002441s ]
INFO: [ app_end ] --END-- [ RunTime:0.002584s ]

[ 2015-04-28T15:46:34+08:00 ] 127.0.0.1 /index.php/Login/Index/index.html
INFO: [ app_init ] --START--
INFO: Run Behavior\BuildLiteBehavior [ RunTime:0.000026s ]
INFO: [ app_init ] --END-- [ RunTime:0.000124s ]
INFO: [ app_begin ] --START--
INFO: Run Behavior\ReadHtmlCacheBehavior [ RunTime:0.001371s ]
INFO: [ app_begin ] --END-- [ RunTime:0.001495s ]
INFO: [ view_parse ] --START--
INFO: [ template_filter ] --START--
INFO: Run Behavior\ContentReplaceBehavior [ RunTime:0.000365s ]
INFO: [ template_filter ] --END-- [ RunTime:0.000489s ]
INFO: Run Behavior\ParseTemplateBehavior [ RunTime:0.019549s ]
INFO: [ view_parse ] --END-- [ RunTime:0.019655s ]
INFO: [ view_filter ] --START--
INFO: Run Behavior\WriteHtmlCacheBehavior [ RunTime:0.000922s ]
INFO: [ view_filter ] --END-- [ RunTime:0.001004s ]
INFO: [ app_end ] --START--
INFO: Run Behavior\ShowPageTraceBehavior [ RunTime:0.002469s ]
INFO: [ app_end ] --END-- [ RunTime:0.004577s ]

[ 2015-04-28T15:47:05+08:00 ] 127.0.0.1 /index.php/Login/Index/index.html
INFO: [ app_init ] --START--
INFO: Run Behavior\BuildLiteBehavior [ RunTime:0.000025s ]
INFO: [ app_init ] --END-- [ RunTime:0.000117s ]
INFO: [ app_begin ] --START--
INFO: Run Behavior\ReadHtmlCacheBehavior [ RunTime:0.001872s ]
INFO: [ app_begin ] --END-- [ RunTime:0.002004s ]
INFO: [ view_parse ] --START--
INFO: [ template_filter ] --START--
INFO: Run Behavior\ContentReplaceBehavior [ RunTime:0.000401s ]
INFO: [ template_filter ] --END-- [ RunTime:0.000522s ]
INFO: Run Behavior\ParseTemplateBehavior [ RunTime:0.020673s ]
INFO: [ view_parse ] --END-- [ RunTime:0.020783s ]
INFO: [ view_filter ] --START--
INFO: Run Behavior\WriteHtmlCacheBehavior [ RunTime:0.002121s ]
INFO: [ view_filter ] --END-- [ RunTime:0.002222s ]
INFO: [ app_end ] --START--
INFO: Run Behavior\ShowPageTraceBehavior [ RunTime:0.001951s ]
INFO: [ app_end ] --END-- [ RunTime:0.002076s ]

[ 2015-04-28T15:47:42+08:00 ] 127.0.0.1 /index.php/Login/Index/index.html
INFO: [ app_init ] --START--
INFO: Run Behavior\BuildLiteBehavior [ RunTime:0.000048s ]
INFO: [ app_init ] --END-- [ RunTime:0.000248s ]
INFO: [ app_begin ] --START--
INFO: Run Behavior\ReadHtmlCacheBehavior [ RunTime:0.003069s ]
INFO: [ app_begin ] --END-- [ RunTime:0.003300s ]
INFO: [ view_parse ] --START--
INFO: [ template_filter ] --START--
INFO: Run Behavior\ContentReplaceBehavior [ RunTime:0.000835s ]
INFO: [ template_filter ] --END-- [ RunTime:0.001047s ]
INFO: Run Behavior\ParseTemplateBehavior [ RunTime:0.049002s ]
INFO: [ view_parse ] --END-- [ RunTime:0.049206s ]
INFO: [ view_filter ] --START--
INFO: Run Behavior\WriteHtmlCacheBehavior [ RunTime:0.001881s ]
INFO: [ view_filter ] --END-- [ RunTime:0.002056s ]
INFO: [ app_end ] --START--
INFO: Run Behavior\ShowPageTraceBehavior [ RunTime:0.004102s ]
INFO: [ app_end ] --END-- [ RunTime:0.004474s ]

[ 2015-04-28T15:48:30+08:00 ] 127.0.0.1 /index.php/Login/Index/index.html
INFO: [ app_init ] --START--
INFO: Run Behavior\BuildLiteBehavior [ RunTime:0.000030s ]
INFO: [ app_init ] --END-- [ RunTime:0.000147s ]
INFO: [ app_begin ] --START--
INFO: Run Behavior\ReadHtmlCacheBehavior [ RunTime:0.003441s ]
INFO: [ app_begin ] --END-- [ RunTime:0.003584s ]
INFO: [ view_parse ] --START--
INFO: [ template_filter ] --START--
INFO: Run Behavior\ContentReplaceBehavior [ RunTime:0.000394s ]
INFO: [ template_filter ] --END-- [ RunTime:0.000518s ]
INFO: Run Behavior\ParseTemplateBehavior [ RunTime:0.021318s ]
INFO: [ view_parse ] --END-- [ RunTime:0.021434s ]
INFO: [ view_filter ] --START--
INFO: Run Behavior\WriteHtmlCacheBehavior [ RunTime:0.001128s ]
INFO: [ view_filter ] --END-- [ RunTime:0.001225s ]
INFO: [ app_end ] --START--
INFO: Run Behavior\ShowPageTraceBehavior [ RunTime:0.002247s ]
INFO: [ app_end ] --END-- [ RunTime:0.002433s ]

[ 2015-04-28T15:49:43+08:00 ] 127.0.0.1 /index.php/Login/Index/index.html
INFO: [ app_init ] --START--
INFO: Run Behavior\BuildLiteBehavior [ RunTime:0.000045s ]
INFO: [ app_init ] --END-- [ RunTime:0.000223s ]
INFO: [ app_begin ] --START--
INFO: Run Behavior\ReadHtmlCacheBehavior [ RunTime:0.003479s ]
INFO: [ app_begin ] --END-- [ RunTime:0.003714s ]
SQL: SHOW COLUMNS FROM `user` [ RunTime:0.0092s ]
SQL: SELECT * FROM `user` WHERE `username` = 'admin' LIMIT 1   [ RunTime:0.0006s ]
INFO: [ view_parse ] --START--
INFO: [ template_filter ] --START--
INFO: Run Behavior\ContentReplaceBehavior [ RunTime:0.000088s ]
INFO: [ template_filter ] --END-- [ RunTime:0.000182s ]
INFO: Run Behavior\ParseTemplateBehavior [ RunTime:0.013702s ]
INFO: [ view_parse ] --END-- [ RunTime:0.013820s ]
INFO: [ view_filter ] --START--
INFO: Run Behavior\WriteHtmlCacheBehavior [ RunTime:0.000984s ]
INFO: [ view_filter ] --END-- [ RunTime:0.001061s ]

[ 2015-04-28T15:49:46+08:00 ] 127.0.0.1 /index.php/Login/Index/index.html
INFO: [ app_init ] --START--
INFO: Run Behavior\BuildLiteBehavior [ RunTime:0.000026s ]
INFO: [ app_init ] --END-- [ RunTime:0.000132s ]
INFO: [ app_begin ] --START--
INFO: Run Behavior\ReadHtmlCacheBehavior [ RunTime:0.001880s ]
INFO: [ app_begin ] --END-- [ RunTime:0.002017s ]
INFO: [ view_parse ] --START--
INFO: [ template_filter ] --START--
INFO: Run Behavior\ContentReplaceBehavior [ RunTime:0.000399s ]
INFO: [ template_filter ] --END-- [ RunTime:0.000525s ]
INFO: Run Behavior\ParseTemplateBehavior [ RunTime:0.020274s ]
INFO: [ view_parse ] --END-- [ RunTime:0.020390s ]
INFO: [ view_filter ] --START--
INFO: Run Behavior\WriteHtmlCacheBehavior [ RunTime:0.001223s ]
INFO: [ view_filter ] --END-- [ RunTime:0.001318s ]
INFO: [ app_end ] --START--
INFO: Run Behavior\ShowPageTraceBehavior [ RunTime:0.004166s ]
INFO: [ app_end ] --END-- [ RunTime:0.004332s ]

[ 2015-04-28T16:41:28+08:00 ] 127.0.0.1 /Login/Index/index
INFO: [ app_init ] --START--
INFO: Run Behavior\BuildLiteBehavior [ RunTime:0.000053s ]
INFO: [ app_init ] --END-- [ RunTime:0.000279s ]
INFO: [ app_begin ] --START--
INFO: Run Behavior\ReadHtmlCacheBehavior [ RunTime:0.004726s ]
INFO: [ app_begin ] --END-- [ RunTime:0.004955s ]
INFO: [ view_parse ] --START--
INFO: [ template_filter ] --START--
INFO: Run Behavior\ContentReplaceBehavior [ RunTime:0.000946s ]
INFO: [ template_filter ] --END-- [ RunTime:0.001171s ]
INFO: Run Behavior\ParseTemplateBehavior [ RunTime:0.293932s ]
INFO: [ view_parse ] --END-- [ RunTime:0.294139s ]
INFO: [ view_filter ] --START--
INFO: Run Behavior\WriteHtmlCacheBehavior [ RunTime:0.045465s ]
INFO: [ view_filter ] --END-- [ RunTime:0.045651s ]
INFO: [ app_end ] --START--
INFO: Run Behavior\ShowPageTraceBehavior [ RunTime:0.003819s ]
INFO: [ app_end ] --END-- [ RunTime:0.004031s ]

[ 2015-04-28T16:41:43+08:00 ] 127.0.0.1 /index.php/Login/Index/index.html
INFO: [ app_init ] --START--
INFO: Run Behavior\BuildLiteBehavior [ RunTime:0.000045s ]
INFO: [ app_init ] --END-- [ RunTime:0.000235s ]
INFO: [ app_begin ] --START--
INFO: Run Behavior\ReadHtmlCacheBehavior [ RunTime:0.003423s ]
INFO: [ app_begin ] --END-- [ RunTime:0.003643s ]
SQL: SHOW COLUMNS FROM `user` [ RunTime:0.0362s ]
SQL: SELECT * FROM `user` WHERE `username` = 'admin' LIMIT 1   [ RunTime:0.0015s ]

[ 2015-04-28T18:04:38+08:00 ] 127.0.0.1 /index.php/Login/Index/index.html
INFO: [ app_init ] --START--
INFO: Run Behavior\BuildLiteBehavior [ RunTime:0.000046s ]
INFO: [ app_init ] --END-- [ RunTime:0.000232s ]
INFO: [ app_begin ] --START--
INFO: Run Behavior\ReadHtmlCacheBehavior [ RunTime:0.003189s ]
INFO: [ app_begin ] --END-- [ RunTime:0.003399s ]
INFO: [ view_parse ] --START--
INFO: [ template_filter ] --START--
INFO: Run Behavior\ContentReplaceBehavior [ RunTime:0.000816s ]
INFO: [ template_filter ] --END-- [ RunTime:0.001014s ]
INFO: Run Behavior\ParseTemplateBehavior [ RunTime:0.108537s ]
INFO: [ view_parse ] --END-- [ RunTime:0.108739s ]
INFO: [ view_filter ] --START--
INFO: Run Behavior\WriteHtmlCacheBehavior [ RunTime:0.001780s ]
INFO: [ view_filter ] --END-- [ RunTime:0.001945s ]
INFO: [ app_end ] --START--
INFO: Run Behavior\ShowPageTraceBehavior [ RunTime:0.008500s ]
INFO: [ app_end ] --END-- [ RunTime:0.008787s ]

[ 2015-04-28T18:04:47+08:00 ] 127.0.0.1 /index.php/Login/Index/index.html
INFO: [ app_init ] --START--
INFO: Run Behavior\BuildLiteBehavior [ RunTime:0.000046s ]
INFO: [ app_init ] --END-- [ RunTime:0.000230s ]
INFO: [ app_begin ] --START--
INFO: Run Behavior\ReadHtmlCacheBehavior [ RunTime:0.003051s ]
INFO: [ app_begin ] --END-- [ RunTime:0.003300s ]
SQL: SHOW COLUMNS FROM `user` [ RunTime:0.0170s ]
SQL: SELECT * FROM `user` WHERE `username` = 'admin' LIMIT 1   [ RunTime:0.0012s ]

[ 2015-04-28T20:37:50+08:00 ] 127.0.0.1 /index.php/Login/Index/index
INFO: [ app_init ] --START--
INFO: Run Behavior\BuildLiteBehavior [ RunTime:0.000025s ]
INFO: [ app_init ] --END-- [ RunTime:0.000121s ]
INFO: [ app_begin ] --START--
INFO: Run Behavior\ReadHtmlCacheBehavior [ RunTime:0.001366s ]
INFO: [ app_begin ] --END-- [ RunTime:0.001485s ]
INFO: [ view_parse ] --START--
INFO: [ template_filter ] --START--
INFO: Run Behavior\ContentReplaceBehavior [ RunTime:0.000393s ]
INFO: [ template_filter ] --END-- [ RunTime:0.000518s ]
INFO: Run Behavior\ParseTemplateBehavior [ RunTime:0.037595s ]
INFO: [ view_parse ] --END-- [ RunTime:0.037715s ]
INFO: [ view_filter ] --START--
INFO: Run Behavior\WriteHtmlCacheBehavior [ RunTime:0.000868s ]
INFO: [ view_filter ] --END-- [ RunTime:0.000947s ]
INFO: [ app_end ] --START--
INFO: Run Behavior\ShowPageTraceBehavior [ RunTime:0.001988s ]
INFO: [ app_end ] --END-- [ RunTime:0.002098s ]

[ 2015-04-28T20:38:00+08:00 ] 127.0.0.1 /index.php/Login/Index/index.html
INFO: [ app_init ] --START--
INFO: Run Behavior\BuildLiteBehavior [ RunTime:0.000045s ]
INFO: [ app_init ] --END-- [ RunTime:0.000223s ]
INFO: [ app_begin ] --START--
INFO: Run Behavior\ReadHtmlCacheBehavior [ RunTime:0.003231s ]
INFO: [ app_begin ] --END-- [ RunTime:0.003454s ]
SQL: SHOW COLUMNS FROM `user` [ RunTime:0.0602s ]
SQL: SELECT * FROM `user` WHERE `username` = 'admin' LIMIT 1   [ RunTime:0.0936s ]

[ 2015-04-28T22:39:36+08:00 ] 127.0.0.1 /index.php/Login/Index/index
INFO: [ app_init ] --START--
INFO: Run Behavior\BuildLiteBehavior [ RunTime:0.000023s ]
INFO: [ app_init ] --END-- [ RunTime:0.000118s ]
INFO: [ app_begin ] --START--
INFO: Run Behavior\ReadHtmlCacheBehavior [ RunTime:0.001368s ]
INFO: [ app_begin ] --END-- [ RunTime:0.001481s ]
INFO: [ view_parse ] --START--
INFO: [ template_filter ] --START--
INFO: Run Behavior\ContentReplaceBehavior [ RunTime:0.000424s ]
INFO: [ template_filter ] --END-- [ RunTime:0.000563s ]
INFO: Run Behavior\ParseTemplateBehavior [ RunTime:0.029230s ]
INFO: [ view_parse ] --END-- [ RunTime:0.029345s ]
INFO: [ view_filter ] --START--
INFO: Run Behavior\WriteHtmlCacheBehavior [ RunTime:0.000851s ]
INFO: [ view_filter ] --END-- [ RunTime:0.000934s ]
INFO: [ app_end ] --START--
INFO: Run Behavior\ShowPageTraceBehavior [ RunTime:0.002342s ]
INFO: [ app_end ] --END-- [ RunTime:0.002501s ]

[ 2015-04-28T22:42:51+08:00 ] 127.0.0.1 /index.php/Login/Index/index3412
INFO: [ app_init ] --START--
INFO: Run Behavior\BuildLiteBehavior [ RunTime:0.000044s ]
INFO: [ app_init ] --END-- [ RunTime:0.000227s ]
INFO: [ app_begin ] --START--
INFO: Run Behavior\ReadHtmlCacheBehavior [ RunTime:0.002464s ]
INFO: [ app_begin ] --END-- [ RunTime:0.002673s ]
ERR: 非法操作:index3412
NOTIC: [8] Array to string conversion F:\phpEnve\Apache\htdocs\lobster\ThinkPHP\Tpl\think_exception.tpl 第 43 行.
NOTIC: [8] Undefined variable: jumpUrl F:\phpEnve\Apache\htdocs\lobster\ThinkPHP\Tpl\think_exception.tpl 第 49 行.

[ 2015-04-28T22:43:07+08:00 ] 127.0.0.1 /index.php/Login/Index/index
INFO: [ app_init ] --START--
INFO: Run Behavior\BuildLiteBehavior [ RunTime:0.000024s ]
INFO: [ app_init ] --END-- [ RunTime:0.000120s ]
INFO: [ app_begin ] --START--
INFO: Run Behavior\ReadHtmlCacheBehavior [ RunTime:0.001365s ]
INFO: [ app_begin ] --END-- [ RunTime:0.001476s ]
INFO: [ view_parse ] --START--
INFO: [ template_filter ] --START--
INFO: Run Behavior\ContentReplaceBehavior [ RunTime:0.000393s ]
INFO: [ template_filter ] --END-- [ RunTime:0.000531s ]
INFO: Run Behavior\ParseTemplateBehavior [ RunTime:0.018662s ]
INFO: [ view_parse ] --END-- [ RunTime:0.018778s ]
INFO: [ view_filter ] --START--
INFO: Run Behavior\WriteHtmlCacheBehavior [ RunTime:0.000929s ]
INFO: [ view_filter ] --END-- [ RunTime:0.001019s ]
INFO: [ app_end ] --START--
INFO: Run Behavior\ShowPageTraceBehavior [ RunTime:0.003253s ]
INFO: [ app_end ] --END-- [ RunTime:0.003424s ]

[ 2015-04-28T22:43:13+08:00 ] 127.0.0.1 /index.php/Login/Index/index.html
INFO: [ app_init ] --START--
INFO: Run Behavior\BuildLiteBehavior [ RunTime:0.000044s ]
INFO: [ app_init ] --END-- [ RunTime:0.000222s ]
INFO: [ app_begin ] --START--
INFO: Run Behavior\ReadHtmlCacheBehavior [ RunTime:0.002396s ]
INFO: [ app_begin ] --END-- [ RunTime:0.002599s ]
SQL: SHOW COLUMNS FROM `user` [ RunTime:0.0392s ]
SQL: SELECT * FROM `user` WHERE `username` = 'admin' LIMIT 1   [ RunTime:0.0010s ]

