[ 2015-04-28T09:45:08+08:00 ] 127.0.0.1 /index.php/Admin/Seats/addSeats.html
INFO: [ app_init ] --START--
INFO: Run Behavior\BuildLiteBehavior [ RunTime:0.000011s ]
INFO: [ app_init ] --END-- [ RunTime:0.000056s ]
INFO: [ app_begin ] --START--
INFO: Run Behavior\ReadHtmlCacheBehavior [ RunTime:0.000713s ]
INFO: [ app_begin ] --END-- [ RunTime:0.000757s ]
INFO: [ action_begin ] --START--
INFO: Run Admin\Behavior\CheckPermissionBehavior [ RunTime:0.002384s ]
INFO: [ action_begin ] --END-- [ RunTime:0.002430s ]
NOTIC: [2048] Declaration of Admin\Model\BaseModel::page() should be compatible with Think\Model::page($page, $listRows = NULL) F:\phpEnve\Apache\htdocs\lobster\Application\Admin\Model\BaseModel.class.php 第 16 行.
SQL: SHOW COLUMNS FROM `seats` [ RunTime:0.0063s ]
INFO: [ view_parse ] --START--
INFO: [ template_filter ] --START--
INFO: Run Behavior\ContentReplaceBehavior [ RunTime:0.000045s ]
INFO: [ template_filter ] --END-- [ RunTime:0.000086s ]
INFO: Run Behavior\ParseTemplateBehavior [ RunTime:0.007586s ]
INFO: [ view_parse ] --END-- [ RunTime:0.007631s ]
INFO: [ view_filter ] --START--
INFO: Run Behavior\WriteHtmlCacheBehavior [ RunTime:0.000430s ]
INFO: [ view_filter ] --END-- [ RunTime:0.000467s ]

[ 2015-04-28T09:45:11+08:00 ] 127.0.0.1 /index.php/Admin/Admin/seats.html
INFO: [ app_init ] --START--
INFO: Run Behavior\BuildLiteBehavior [ RunTime:0.000015s ]
INFO: [ app_init ] --END-- [ RunTime:0.000082s ]
INFO: [ app_begin ] --START--
INFO: Run Behavior\ReadHtmlCacheBehavior [ RunTime:0.001017s ]
INFO: [ app_begin ] --END-- [ RunTime:0.001079s ]
INFO: [ action_begin ] --START--
INFO: Run Admin\Behavior\CheckPermissionBehavior [ RunTime:0.003324s ]
INFO: [ action_begin ] --END-- [ RunTime:0.003388s ]
NOTIC: [2048] Declaration of Admin\Model\BaseModel::page() should be compatible with Think\Model::page($page, $listRows = NULL) F:\phpEnve\Apache\htdocs\lobster\Application\Admin\Model\BaseModel.class.php 第 16 行.
SQL: SHOW COLUMNS FROM `seats` [ RunTime:0.0063s ]
SQL: SELECT COUNT(*) AS tp_count FROM `seats` LIMIT 1   [ RunTime:0.0002s ]
SQL: SELECT * FROM `seats` LIMIT 0,10   [ RunTime:0.0003s ]
INFO: [ view_parse ] --START--
INFO: [ template_filter ] --START--
INFO: Run Behavior\ContentReplaceBehavior [ RunTime:0.000117s ]
INFO: [ template_filter ] --END-- [ RunTime:0.000161s ]
INFO: Run Behavior\ParseTemplateBehavior [ RunTime:0.012355s ]
INFO: [ view_parse ] --END-- [ RunTime:0.012399s ]
INFO: [ view_filter ] --START--
INFO: Run Behavior\WriteHtmlCacheBehavior [ RunTime:0.000431s ]
INFO: [ view_filter ] --END-- [ RunTime:0.000468s ]
INFO: [ app_end ] --START--
INFO: Run Behavior\ShowPageTraceBehavior [ RunTime:0.000842s ]
INFO: [ app_end ] --END-- [ RunTime:0.000887s ]

[ 2015-04-28T09:46:09+08:00 ] 127.0.0.1 /index.php/Admin/Admin/index.html
INFO: [ app_init ] --START--
INFO: Run Behavior\BuildLiteBehavior [ RunTime:0.000011s ]
INFO: [ app_init ] --END-- [ RunTime:0.000058s ]
INFO: [ app_begin ] --START--
INFO: Run Behavior\ReadHtmlCacheBehavior [ RunTime:0.000995s ]
INFO: [ app_begin ] --END-- [ RunTime:0.001040s ]
INFO: [ action_begin ] --START--
INFO: Run Admin\Behavior\CheckPermissionBehavior [ RunTime:0.002019s ]
INFO: [ action_begin ] --END-- [ RunTime:0.002064s ]
NOTIC: [2048] Declaration of Admin\Model\BaseModel::page() should be compatible with Think\Model::page($page, $listRows = NULL) F:\phpEnve\Apache\htdocs\lobster\Application\Admin\Model\BaseModel.class.php 第 16 行.
SQL: SHOW COLUMNS FROM `user` [ RunTime:0.0074s ]
SQL: SELECT COUNT(*) AS tp_count FROM `user` WHERE `status` >= 0 LIMIT 1   [ RunTime:0.0003s ]
SQL: SELECT * FROM `user` WHERE `status` >= 0 LIMIT 0,10   [ RunTime:0.0003s ]
INFO: [ view_parse ] --START--
INFO: [ template_filter ] --START--
INFO: Run Behavior\ContentReplaceBehavior [ RunTime:0.000111s ]
INFO: [ template_filter ] --END-- [ RunTime:0.000157s ]
INFO: Run Behavior\ParseTemplateBehavior [ RunTime:0.012913s ]
INFO: [ view_parse ] --END-- [ RunTime:0.012956s ]
INFO: [ view_filter ] --START--
INFO: Run Behavior\WriteHtmlCacheBehavior [ RunTime:0.000625s ]
INFO: [ view_filter ] --END-- [ RunTime:0.000662s ]
INFO: [ app_end ] --START--
INFO: Run Behavior\ShowPageTraceBehavior [ RunTime:0.000967s ]
INFO: [ app_end ] --END-- [ RunTime:0.001012s ]

[ 2015-04-28T09:48:06+08:00 ] 127.0.0.1 /index.php/Admin/Admin/index.html
INFO: [ app_init ] --START--
INFO: Run Behavior\BuildLiteBehavior [ RunTime:0.000012s ]
INFO: [ app_init ] --END-- [ RunTime:0.000063s ]
INFO: [ app_begin ] --START--
INFO: Run Behavior\ReadHtmlCacheBehavior [ RunTime:0.000828s ]
INFO: [ app_begin ] --END-- [ RunTime:0.000878s ]
INFO: [ action_begin ] --START--

[ 2015-04-28T09:48:47+08:00 ] 127.0.0.1 /index.php/Admin/Admin/index.html
INFO: [ app_init ] --START--
INFO: Run Behavior\BuildLiteBehavior [ RunTime:0.000017s ]
INFO: [ app_init ] --END-- [ RunTime:0.000085s ]
INFO: [ app_begin ] --START--
INFO: Run Behavior\ReadHtmlCacheBehavior [ RunTime:0.001569s ]
INFO: [ app_begin ] --END-- [ RunTime:0.001651s ]
INFO: [ action_begin ] --START--

[ 2015-04-28T09:49:08+08:00 ] 127.0.0.1 /index.php/Admin/Admin/index.html
INFO: [ app_init ] --START--
INFO: Run Behavior\BuildLiteBehavior [ RunTime:0.000013s ]
INFO: [ app_init ] --END-- [ RunTime:0.000062s ]
INFO: [ app_begin ] --START--
INFO: Run Behavior\ReadHtmlCacheBehavior [ RunTime:0.000782s ]
INFO: [ app_begin ] --END-- [ RunTime:0.000829s ]
INFO: [ action_begin ] --START--

[ 2015-04-28T09:49:32+08:00 ] 127.0.0.1 /index.php/Admin/Admin/index.html
INFO: [ app_init ] --START--
INFO: Run Behavior\BuildLiteBehavior [ RunTime:0.000012s ]
INFO: [ app_init ] --END-- [ RunTime:0.000065s ]
INFO: [ app_begin ] --START--
INFO: Run Behavior\ReadHtmlCacheBehavior [ RunTime:0.000812s ]
INFO: [ app_begin ] --END-- [ RunTime:0.000863s ]
INFO: [ action_begin ] --START--

[ 2015-04-28T09:49:44+08:00 ] 127.0.0.1 /index.php/Admin/Admin/index.html
INFO: [ app_init ] --START--
INFO: Run Behavior\BuildLiteBehavior [ RunTime:0.000015s ]
INFO: [ app_init ] --END-- [ RunTime:0.000080s ]
INFO: [ app_begin ] --START--
INFO: Run Behavior\ReadHtmlCacheBehavior [ RunTime:0.001016s ]
INFO: [ app_begin ] --END-- [ RunTime:0.001079s ]
INFO: [ action_begin ] --START--

[ 2015-04-28T09:50:00+08:00 ] 127.0.0.1 /index.php/Admin/Admin/index.html
INFO: [ app_init ] --START--
INFO: Run Behavior\BuildLiteBehavior [ RunTime:0.000015s ]
INFO: [ app_init ] --END-- [ RunTime:0.000077s ]
INFO: [ app_begin ] --START--
INFO: Run Behavior\ReadHtmlCacheBehavior [ RunTime:0.000951s ]
INFO: [ app_begin ] --END-- [ RunTime:0.001010s ]
INFO: [ action_begin ] --START--

[ 2015-04-28T09:50:44+08:00 ] 127.0.0.1 /index.php/Admin/Admin/lists.html
INFO: [ app_init ] --START--
INFO: Run Behavior\BuildLiteBehavior [ RunTime:0.000011s ]
INFO: [ app_init ] --END-- [ RunTime:0.000056s ]
INFO: [ app_begin ] --START--
INFO: Run Behavior\ReadHtmlCacheBehavior [ RunTime:0.000710s ]
INFO: [ app_begin ] --END-- [ RunTime:0.000754s ]
INFO: [ action_begin ] --START--
INFO: Run Admin\Behavior\CheckPermissionBehavior [ RunTime:0.002023s ]
INFO: [ action_begin ] --END-- [ RunTime:0.002069s ]
NOTIC: [2048] Declaration of Admin\Model\BaseModel::page() should be compatible with Think\Model::page($page, $listRows = NULL) F:\phpEnve\Apache\htdocs\lobster\Application\Admin\Model\BaseModel.class.php 第 16 行.
SQL: SHOW COLUMNS FROM `goods` [ RunTime:0.0068s ]
SQL: SELECT COUNT(*) AS tp_count FROM `goods` LIMIT 1   [ RunTime:0.0002s ]
SQL: SELECT * FROM `goods` LIMIT 0,10   [ RunTime:0.0004s ]
INFO: [ view_parse ] --START--
INFO: [ template_filter ] --START--
INFO: Run Behavior\ContentReplaceBehavior [ RunTime:0.000149s ]
INFO: [ template_filter ] --END-- [ RunTime:0.000190s ]
INFO: Run Behavior\ParseTemplateBehavior [ RunTime:0.013761s ]
INFO: [ view_parse ] --END-- [ RunTime:0.013804s ]
INFO: [ view_filter ] --START--
INFO: Run Behavior\WriteHtmlCacheBehavior [ RunTime:0.000529s ]
INFO: [ view_filter ] --END-- [ RunTime:0.000567s ]
INFO: [ app_end ] --START--
INFO: Run Behavior\ShowPageTraceBehavior [ RunTime:0.000819s ]
INFO: [ app_end ] --END-- [ RunTime:0.000863s ]

[ 2015-04-28T09:50:49+08:00 ] 127.0.0.1 /index.php/Admin/Admin/reservation.html
INFO: [ app_init ] --START--
INFO: Run Behavior\BuildLiteBehavior [ RunTime:0.000012s ]
INFO: [ app_init ] --END-- [ RunTime:0.000062s ]
INFO: [ app_begin ] --START--
INFO: Run Behavior\ReadHtmlCacheBehavior [ RunTime:0.001083s ]
INFO: [ app_begin ] --END-- [ RunTime:0.001132s ]
INFO: [ action_begin ] --START--
INFO: Run Admin\Behavior\CheckPermissionBehavior [ RunTime:0.001644s ]
INFO: [ action_begin ] --END-- [ RunTime:0.001694s ]
NOTIC: [2048] Declaration of Admin\Model\BaseModel::page() should be compatible with Think\Model::page($page, $listRows = NULL) F:\phpEnve\Apache\htdocs\lobster\Application\Admin\Model\BaseModel.class.php 第 16 行.
SQL: SHOW COLUMNS FROM `reservation` [ RunTime:0.0066s ]
SQL: SELECT COUNT(*) AS tp_count FROM `reservation` LIMIT 1   [ RunTime:0.0003s ]
SQL: SELECT * FROM `reservation` LIMIT 0,10   [ RunTime:0.0004s ]
SQL: select * from seats where seat_number=9 [ RunTime:0.0003s ]
SQL: select * from seats where seat_number=9 [ RunTime:0.0002s ]
INFO: [ view_parse ] --START--
INFO: [ template_filter ] --START--
INFO: Run Behavior\ContentReplaceBehavior [ RunTime:0.000070s ]
INFO: [ template_filter ] --END-- [ RunTime:0.000114s ]
INFO: Run Behavior\ParseTemplateBehavior [ RunTime:0.010848s ]
INFO: [ view_parse ] --END-- [ RunTime:0.010893s ]
INFO: [ view_filter ] --START--
INFO: Run Behavior\WriteHtmlCacheBehavior [ RunTime:0.000828s ]
INFO: [ view_filter ] --END-- [ RunTime:0.000867s ]
INFO: [ app_end ] --START--
INFO: Run Behavior\ShowPageTraceBehavior [ RunTime:0.001100s ]
INFO: [ app_end ] --END-- [ RunTime:0.001139s ]

[ 2015-04-28T10:08:20+08:00 ] 127.0.0.1 /index.php/Admin/Admin/reservation.html
INFO: [ app_init ] --START--
INFO: Run Behavior\BuildLiteBehavior [ RunTime:0.000015s ]
INFO: [ app_init ] --END-- [ RunTime:0.000080s ]
INFO: [ app_begin ] --START--
INFO: Run Behavior\ReadHtmlCacheBehavior [ RunTime:0.001432s ]
INFO: [ app_begin ] --END-- [ RunTime:0.001497s ]
INFO: [ action_begin ] --START--
INFO: Run Admin\Behavior\CheckPermissionBehavior [ RunTime:0.002137s ]
INFO: [ action_begin ] --END-- [ RunTime:0.002202s ]
NOTIC: [2048] Declaration of Admin\Model\BaseModel::page() should be compatible with Think\Model::page($page, $listRows = NULL) F:\phpEnve\Apache\htdocs\lobster\Application\Admin\Model\BaseModel.class.php 第 16 行.
SQL: SHOW COLUMNS FROM `reservation` [ RunTime:0.0068s ]
SQL: SELECT COUNT(*) AS tp_count FROM `reservation` LIMIT 1   [ RunTime:0.0003s ]
SQL: SELECT * FROM `reservation` LIMIT 0,10   [ RunTime:0.0004s ]
SQL: select * from seats where seat_number=9 [ RunTime:0.0006s ]
SQL: select * from seats where seat_number=9 [ RunTime:0.0002s ]
INFO: [ view_parse ] --START--
INFO: [ template_filter ] --START--
INFO: Run Behavior\ContentReplaceBehavior [ RunTime:0.000073s ]
INFO: [ template_filter ] --END-- [ RunTime:0.000129s ]
INFO: Run Behavior\ParseTemplateBehavior [ RunTime:0.011177s ]
INFO: [ view_parse ] --END-- [ RunTime:0.011222s ]
INFO: [ view_filter ] --START--
INFO: Run Behavior\WriteHtmlCacheBehavior [ RunTime:0.000829s ]
INFO: [ view_filter ] --END-- [ RunTime:0.000868s ]
INFO: [ app_end ] --START--
INFO: Run Behavior\ShowPageTraceBehavior [ RunTime:0.001103s ]
INFO: [ app_end ] --END-- [ RunTime:0.001143s ]

[ 2015-04-28T10:19:40+08:00 ] 127.0.0.1 /index.php/Admin/Admin/reservation.html
INFO: [ app_init ] --START--
INFO: Run Behavior\BuildLiteBehavior [ RunTime:0.000014s ]
INFO: [ app_init ] --END-- [ RunTime:0.000075s ]
INFO: [ app_begin ] --START--
INFO: Run Behavior\ReadHtmlCacheBehavior [ RunTime:0.001221s ]
INFO: [ app_begin ] --END-- [ RunTime:0.001273s ]
INFO: [ action_begin ] --START--
INFO: Run Admin\Behavior\CheckPermissionBehavior [ RunTime:0.001508s ]
INFO: [ action_begin ] --END-- [ RunTime:0.001554s ]
NOTIC: [2048] Declaration of Admin\Model\BaseModel::page() should be compatible with Think\Model::page($page, $listRows = NULL) F:\phpEnve\Apache\htdocs\lobster\Application\Admin\Model\BaseModel.class.php 第 16 行.
SQL: SHOW COLUMNS FROM `reservation` [ RunTime:0.0069s ]
SQL: SELECT COUNT(*) AS tp_count FROM `reservation` LIMIT 1   [ RunTime:0.0003s ]
SQL: SELECT * FROM `reservation` LIMIT 0,10   [ RunTime:0.0004s ]
SQL: select * from seats where seat_number=9 [ RunTime:0.0003s ]
SQL: select * from seats where seat_number=9 [ RunTime:0.0002s ]
INFO: [ view_parse ] --START--
INFO: [ template_filter ] --START--
INFO: Run Behavior\ContentReplaceBehavior [ RunTime:0.000078s ]
INFO: [ template_filter ] --END-- [ RunTime:0.000122s ]
INFO: Run Behavior\ParseTemplateBehavior [ RunTime:0.011177s ]
INFO: [ view_parse ] --END-- [ RunTime:0.011223s ]
INFO: [ view_filter ] --START--
INFO: Run Behavior\WriteHtmlCacheBehavior [ RunTime:0.000825s ]
INFO: [ view_filter ] --END-- [ RunTime:0.000864s ]
INFO: [ app_end ] --START--
INFO: Run Behavior\ShowPageTraceBehavior [ RunTime:0.001088s ]
INFO: [ app_end ] --END-- [ RunTime:0.001128s ]

[ 2015-04-28T10:19:42+08:00 ] 127.0.0.1 /index.php/Admin/Admin/reservation.html
INFO: [ app_init ] --START--
INFO: Run Behavior\BuildLiteBehavior [ RunTime:0.000014s ]
INFO: [ app_init ] --END-- [ RunTime:0.000068s ]
INFO: [ app_begin ] --START--
INFO: Run Behavior\ReadHtmlCacheBehavior [ RunTime:0.001006s ]
INFO: [ app_begin ] --END-- [ RunTime:0.001049s ]
INFO: [ action_begin ] --START--
INFO: Run Admin\Behavior\CheckPermissionBehavior [ RunTime:0.002031s ]
INFO: [ action_begin ] --END-- [ RunTime:0.002075s ]
NOTIC: [2048] Declaration of Admin\Model\BaseModel::page() should be compatible with Think\Model::page($page, $listRows = NULL) F:\phpEnve\Apache\htdocs\lobster\Application\Admin\Model\BaseModel.class.php 第 16 行.
SQL: SHOW COLUMNS FROM `reservation` [ RunTime:0.0071s ]
ERR: SQLSTATE[42000]: Syntax error or access violation: 1064 You have an error in your SQL syntax; check the manual that corresponds to your MySQL server version for the right syntax to use near ')' at line 1
NOTIC: [8] Array to string conversion F:\phpEnve\Apache\htdocs\lobster\ThinkPHP\Tpl\think_exception.tpl 第 43 行.
NOTIC: [8] Undefined variable: jumpUrl F:\phpEnve\Apache\htdocs\lobster\ThinkPHP\Tpl\think_exception.tpl 第 49 行.

[ 2015-04-28T10:19:46+08:00 ] 127.0.0.1 /index.php/Admin/Admin/reservation.html
INFO: [ app_init ] --START--
INFO: Run Behavior\BuildLiteBehavior [ RunTime:0.000012s ]
INFO: [ app_init ] --END-- [ RunTime:0.000067s ]
INFO: [ app_begin ] --START--
INFO: Run Behavior\ReadHtmlCacheBehavior [ RunTime:0.000845s ]
INFO: [ app_begin ] --END-- [ RunTime:0.000893s ]
INFO: [ action_begin ] --START--
INFO: Run Admin\Behavior\CheckPermissionBehavior [ RunTime:0.002396s ]
INFO: [ action_begin ] --END-- [ RunTime:0.002445s ]
NOTIC: [2048] Declaration of Admin\Model\BaseModel::page() should be compatible with Think\Model::page($page, $listRows = NULL) F:\phpEnve\Apache\htdocs\lobster\Application\Admin\Model\BaseModel.class.php 第 16 行.
SQL: SHOW COLUMNS FROM `reservation` [ RunTime:0.0066s ]
ERR: SQLSTATE[42000]: Syntax error or access violation: 1064 You have an error in your SQL syntax; check the manual that corresponds to your MySQL server version for the right syntax to use near ')' at line 1
NOTIC: [8] Array to string conversion F:\phpEnve\Apache\htdocs\lobster\ThinkPHP\Tpl\think_exception.tpl 第 43 行.
NOTIC: [8] Undefined variable: jumpUrl F:\phpEnve\Apache\htdocs\lobster\ThinkPHP\Tpl\think_exception.tpl 第 49 行.

[ 2015-04-28T10:19:58+08:00 ] 127.0.0.1 /index.php/Admin/Admin/reservation.html
INFO: [ app_init ] --START--
INFO: Run Behavior\BuildLiteBehavior [ RunTime:0.000014s ]
INFO: [ app_init ] --END-- [ RunTime:0.000071s ]
INFO: [ app_begin ] --START--
INFO: Run Behavior\ReadHtmlCacheBehavior [ RunTime:0.001250s ]
INFO: [ app_begin ] --END-- [ RunTime:0.001301s ]
INFO: [ action_begin ] --START--
INFO: Run Admin\Behavior\CheckPermissionBehavior [ RunTime:0.001988s ]
INFO: [ action_begin ] --END-- [ RunTime:0.002039s ]
NOTIC: [2048] Declaration of Admin\Model\BaseModel::page() should be compatible with Think\Model::page($page, $listRows = NULL) F:\phpEnve\Apache\htdocs\lobster\Application\Admin\Model\BaseModel.class.php 第 16 行.
SQL: SHOW COLUMNS FROM `reservation` [ RunTime:0.0066s ]
ERR: SQLSTATE[42000]: Syntax error or access violation: 1064 You have an error in your SQL syntax; check the manual that corresponds to your MySQL server version for the right syntax to use near ')' at line 1
NOTIC: [8] Array to string conversion F:\phpEnve\Apache\htdocs\lobster\ThinkPHP\Tpl\think_exception.tpl 第 43 行.
NOTIC: [8] Undefined variable: jumpUrl F:\phpEnve\Apache\htdocs\lobster\ThinkPHP\Tpl\think_exception.tpl 第 49 行.

[ 2015-04-28T10:21:22+08:00 ] 127.0.0.1 /index.php/Admin/Admin/reservation.html
INFO: [ app_init ] --START--
INFO: Run Behavior\BuildLiteBehavior [ RunTime:0.000013s ]
INFO: [ app_init ] --END-- [ RunTime:0.000064s ]
INFO: [ app_begin ] --START--
INFO: Run Behavior\ReadHtmlCacheBehavior [ RunTime:0.000789s ]
INFO: [ app_begin ] --END-- [ RunTime:0.000838s ]
INFO: [ action_begin ] --START--
INFO: Run Admin\Behavior\CheckPermissionBehavior [ RunTime:0.001027s ]
INFO: [ action_begin ] --END-- [ RunTime:0.001079s ]
NOTIC: [2048] Declaration of Admin\Model\BaseModel::page() should be compatible with Think\Model::page($page, $listRows = NULL) F:\phpEnve\Apache\htdocs\lobster\Application\Admin\Model\BaseModel.class.php 第 16 行.
SQL: SHOW COLUMNS FROM `reservation` [ RunTime:0.0069s ]
SQL: SELECT COUNT(*) AS tp_count FROM `reservation` LIMIT 1   [ RunTime:0.0003s ]
SQL: SELECT * FROM `reservation` LIMIT 0,10   [ RunTime:0.0004s ]
SQL: select * from seats where seat_number=9 [ RunTime:0.0003s ]
SQL: select * from seats where seat_number=9 [ RunTime:0.0002s ]
INFO: [ view_parse ] --START--
INFO: [ template_filter ] --START--
INFO: Run Behavior\ContentReplaceBehavior [ RunTime:0.000073s ]
INFO: [ template_filter ] --END-- [ RunTime:0.000117s ]
INFO: Run Behavior\ParseTemplateBehavior [ RunTime:0.011242s ]
INFO: [ view_parse ] --END-- [ RunTime:0.011288s ]
INFO: [ view_filter ] --START--
INFO: Run Behavior\WriteHtmlCacheBehavior [ RunTime:0.000815s ]
INFO: [ view_filter ] --END-- [ RunTime:0.000853s ]
INFO: [ app_end ] --START--
INFO: Run Behavior\ShowPageTraceBehavior [ RunTime:0.001089s ]
INFO: [ app_end ] --END-- [ RunTime:0.001130s ]

[ 2015-04-28T10:22:17+08:00 ] 127.0.0.1 /index.php/Admin/Admin/reservation.html
INFO: [ app_init ] --START--
INFO: Run Behavior\BuildLiteBehavior [ RunTime:0.000012s ]
INFO: [ app_init ] --END-- [ RunTime:0.000059s ]
INFO: [ app_begin ] --START--
INFO: Run Behavior\ReadHtmlCacheBehavior [ RunTime:0.001072s ]
INFO: [ app_begin ] --END-- [ RunTime:0.001123s ]
INFO: [ action_begin ] --START--
INFO: Run Admin\Behavior\CheckPermissionBehavior [ RunTime:0.001559s ]
INFO: [ action_begin ] --END-- [ RunTime:0.001606s ]
NOTIC: [2048] Declaration of Admin\Model\BaseModel::page() should be compatible with Think\Model::page($page, $listRows = NULL) F:\phpEnve\Apache\htdocs\lobster\Application\Admin\Model\BaseModel.class.php 第 16 行.
SQL: SHOW COLUMNS FROM `reservation` [ RunTime:0.0069s ]
SQL: SELECT COUNT(*) AS tp_count FROM `reservation` LIMIT 1   [ RunTime:0.0003s ]
SQL: SELECT * FROM `reservation` LIMIT 0,10   [ RunTime:0.0004s ]
SQL: select * from seats where seat_number=9 [ RunTime:0.0003s ]
SQL: select * from seats where seat_number=9 [ RunTime:0.0003s ]
INFO: [ view_parse ] --START--
INFO: [ template_filter ] --START--
INFO: Run Behavior\ContentReplaceBehavior [ RunTime:0.000077s ]
INFO: [ template_filter ] --END-- [ RunTime:0.000124s ]
INFO: Run Behavior\ParseTemplateBehavior [ RunTime:0.011336s ]
INFO: [ view_parse ] --END-- [ RunTime:0.011385s ]
INFO: [ view_filter ] --START--
INFO: Run Behavior\WriteHtmlCacheBehavior [ RunTime:0.000896s ]
INFO: [ view_filter ] --END-- [ RunTime:0.000945s ]
INFO: [ app_end ] --START--
INFO: Run Behavior\ShowPageTraceBehavior [ RunTime:0.001181s ]
INFO: [ app_end ] --END-- [ RunTime:0.001225s ]

[ 2015-04-28T10:23:56+08:00 ] 127.0.0.1 /index.php/Admin/Admin/reservation.html
INFO: [ app_init ] --START--
INFO: Run Behavior\BuildLiteBehavior [ RunTime:0.000012s ]
INFO: [ app_init ] --END-- [ RunTime:0.000057s ]
INFO: [ app_begin ] --START--
INFO: Run Behavior\ReadHtmlCacheBehavior [ RunTime:0.000993s ]
INFO: [ app_begin ] --END-- [ RunTime:0.001039s ]
INFO: [ action_begin ] --START--
INFO: Run Admin\Behavior\CheckPermissionBehavior [ RunTime:0.001485s ]
INFO: [ action_begin ] --END-- [ RunTime:0.001531s ]
NOTIC: [2048] Declaration of Admin\Model\BaseModel::page() should be compatible with Think\Model::page($page, $listRows = NULL) F:\phpEnve\Apache\htdocs\lobster\Application\Admin\Model\BaseModel.class.php 第 16 行.
SQL: SHOW COLUMNS FROM `reservation` [ RunTime:0.0066s ]
SQL: SELECT COUNT(*) AS tp_count FROM `reservation` LIMIT 1   [ RunTime:0.0003s ]
SQL: SELECT * FROM `reservation` LIMIT 0,10   [ RunTime:0.0004s ]
SQL: select * from seats where seat_number=9 [ RunTime:0.0003s ]
SQL: select * from seats where seat_number=9 [ RunTime:0.0002s ]
INFO: [ view_parse ] --START--
INFO: [ template_filter ] --START--
INFO: Run Behavior\ContentReplaceBehavior [ RunTime:0.000079s ]
INFO: [ template_filter ] --END-- [ RunTime:0.000123s ]
INFO: Run Behavior\ParseTemplateBehavior [ RunTime:0.011071s ]
INFO: [ view_parse ] --END-- [ RunTime:0.011115s ]
INFO: [ view_filter ] --START--
INFO: Run Behavior\WriteHtmlCacheBehavior [ RunTime:0.000808s ]
INFO: [ view_filter ] --END-- [ RunTime:0.000846s ]
INFO: [ app_end ] --START--
INFO: Run Behavior\ShowPageTraceBehavior [ RunTime:0.001114s ]
INFO: [ app_end ] --END-- [ RunTime:0.001157s ]

[ 2015-04-28T10:24:00+08:00 ] 127.0.0.1 /index.php/Admin/Admin/reservation.html
INFO: [ app_init ] --START--
INFO: Run Behavior\BuildLiteBehavior [ RunTime:0.000012s ]
INFO: [ app_init ] --END-- [ RunTime:0.000064s ]
INFO: [ app_begin ] --START--
INFO: Run Behavior\ReadHtmlCacheBehavior [ RunTime:0.001131s ]
INFO: [ app_begin ] --END-- [ RunTime:0.001178s ]
INFO: [ action_begin ] --START--
INFO: Run Admin\Behavior\CheckPermissionBehavior [ RunTime:0.001727s ]
INFO: [ action_begin ] --END-- [ RunTime:0.001774s ]
NOTIC: [2048] Declaration of Admin\Model\BaseModel::page() should be compatible with Think\Model::page($page, $listRows = NULL) F:\phpEnve\Apache\htdocs\lobster\Application\Admin\Model\BaseModel.class.php 第 16 行.
SQL: SHOW COLUMNS FROM `reservation` [ RunTime:0.0066s ]
SQL: DELETE FROM `reservation` WHERE ( id=4 ) [ RunTime:0.0068s ]

[ 2015-04-28T10:24:07+08:00 ] 127.0.0.1 /index.php/Admin/Admin/reservation.html
INFO: [ app_init ] --START--
INFO: Run Behavior\BuildLiteBehavior [ RunTime:0.000011s ]
INFO: [ app_init ] --END-- [ RunTime:0.000057s ]
INFO: [ app_begin ] --START--
INFO: Run Behavior\ReadHtmlCacheBehavior [ RunTime:0.000705s ]
INFO: [ app_begin ] --END-- [ RunTime:0.000747s ]
INFO: [ action_begin ] --START--
INFO: Run Admin\Behavior\CheckPermissionBehavior [ RunTime:0.000942s ]
INFO: [ action_begin ] --END-- [ RunTime:0.000982s ]
NOTIC: [2048] Declaration of Admin\Model\BaseModel::page() should be compatible with Think\Model::page($page, $listRows = NULL) F:\phpEnve\Apache\htdocs\lobster\Application\Admin\Model\BaseModel.class.php 第 16 行.
SQL: SHOW COLUMNS FROM `reservation` [ RunTime:0.0066s ]
SQL: DELETE FROM `reservation` WHERE ( id=4 ) [ RunTime:0.0003s ]

[ 2015-04-28T10:24:28+08:00 ] 127.0.0.1 /index.php/Admin/Admin/reservation.html
INFO: [ app_init ] --START--
INFO: Run Behavior\BuildLiteBehavior [ RunTime:0.000013s ]
INFO: [ app_init ] --END-- [ RunTime:0.000063s ]
INFO: [ app_begin ] --START--
INFO: Run Behavior\ReadHtmlCacheBehavior [ RunTime:0.000813s ]
INFO: [ app_begin ] --END-- [ RunTime:0.000863s ]
INFO: [ action_begin ] --START--
INFO: Run Admin\Behavior\CheckPermissionBehavior [ RunTime:0.001077s ]
INFO: [ action_begin ] --END-- [ RunTime:0.001130s ]
NOTIC: [2048] Declaration of Admin\Model\BaseModel::page() should be compatible with Think\Model::page($page, $listRows = NULL) F:\phpEnve\Apache\htdocs\lobster\Application\Admin\Model\BaseModel.class.php 第 16 行.
SQL: SHOW COLUMNS FROM `reservation` [ RunTime:0.0069s ]
SQL: SELECT COUNT(*) AS tp_count FROM `reservation` LIMIT 1   [ RunTime:0.0002s ]
SQL: SELECT * FROM `reservation` LIMIT 0,10   [ RunTime:0.0003s ]
SQL: select * from seats where seat_number=9 [ RunTime:0.0003s ]
INFO: [ view_parse ] --START--
INFO: [ template_filter ] --START--
INFO: Run Behavior\ContentReplaceBehavior [ RunTime:0.000076s ]
INFO: [ template_filter ] --END-- [ RunTime:0.000120s ]
INFO: Run Behavior\ParseTemplateBehavior [ RunTime:0.011632s ]
INFO: [ view_parse ] --END-- [ RunTime:0.011678s ]
INFO: [ view_filter ] --START--
INFO: Run Behavior\WriteHtmlCacheBehavior [ RunTime:0.000798s ]
INFO: [ view_filter ] --END-- [ RunTime:0.000836s ]
INFO: [ app_end ] --START--
INFO: Run Behavior\ShowPageTraceBehavior [ RunTime:0.001081s ]
INFO: [ app_end ] --END-- [ RunTime:0.001125s ]

[ 2015-04-28T10:27:24+08:00 ] 127.0.0.1 /index.php/Admin/Admin/reservation.html
INFO: [ app_init ] --START--
INFO: Run Behavior\BuildLiteBehavior [ RunTime:0.000012s ]
INFO: [ app_init ] --END-- [ RunTime:0.000056s ]
INFO: [ app_begin ] --START--
INFO: Run Behavior\ReadHtmlCacheBehavior [ RunTime:0.000720s ]
INFO: [ app_begin ] --END-- [ RunTime:0.000765s ]
INFO: [ action_begin ] --START--
INFO: Run Admin\Behavior\CheckPermissionBehavior [ RunTime:0.001553s ]
INFO: [ action_begin ] --END-- [ RunTime:0.001598s ]
NOTIC: [2048] Declaration of Admin\Model\BaseModel::page() should be compatible with Think\Model::page($page, $listRows = NULL) F:\phpEnve\Apache\htdocs\lobster\Application\Admin\Model\BaseModel.class.php 第 16 行.
SQL: SHOW COLUMNS FROM `reservation` [ RunTime:0.0066s ]
SQL: SELECT COUNT(*) AS tp_count FROM `reservation` LIMIT 1   [ RunTime:0.0002s ]
SQL: SELECT * FROM `reservation` LIMIT 0,10   [ RunTime:0.0004s ]
SQL: select * from seats where seat_number=9 [ RunTime:0.0003s ]
SQL: select * from seats where seat_number=9 [ RunTime:0.0002s ]
INFO: [ view_parse ] --START--
INFO: [ template_filter ] --START--
INFO: Run Behavior\ContentReplaceBehavior [ RunTime:0.000076s ]
INFO: [ template_filter ] --END-- [ RunTime:0.000121s ]
INFO: Run Behavior\ParseTemplateBehavior [ RunTime:0.010076s ]
INFO: [ view_parse ] --END-- [ RunTime:0.010121s ]
INFO: [ view_filter ] --START--
INFO: Run Behavior\WriteHtmlCacheBehavior [ RunTime:0.000542s ]
INFO: [ view_filter ] --END-- [ RunTime:0.000581s ]
INFO: [ app_end ] --START--
INFO: Run Behavior\ShowPageTraceBehavior [ RunTime:0.001129s ]
INFO: [ app_end ] --END-- [ RunTime:0.001170s ]

[ 2015-04-28T10:27:28+08:00 ] 127.0.0.1 /index.php/Admin/Admin/reservation.html
INFO: [ app_init ] --START--
INFO: Run Behavior\BuildLiteBehavior [ RunTime:0.000012s ]
INFO: [ app_init ] --END-- [ RunTime:0.000067s ]
INFO: [ app_begin ] --START--
INFO: Run Behavior\ReadHtmlCacheBehavior [ RunTime:0.001185s ]
INFO: [ app_begin ] --END-- [ RunTime:0.001235s ]
INFO: [ action_begin ] --START--
INFO: Run Admin\Behavior\CheckPermissionBehavior [ RunTime:0.002407s ]
INFO: [ action_begin ] --END-- [ RunTime:0.002455s ]
NOTIC: [2048] Declaration of Admin\Model\BaseModel::page() should be compatible with Think\Model::page($page, $listRows = NULL) F:\phpEnve\Apache\htdocs\lobster\Application\Admin\Model\BaseModel.class.php 第 16 行.
SQL: SHOW COLUMNS FROM `reservation` [ RunTime:0.0066s ]
SQL: DELETE FROM `reservation` WHERE ( id=5 ) [ RunTime:0.0035s ]

[ 2015-04-28T10:27:29+08:00 ] 127.0.0.1 /index.php/Admin/Admin/reservation.html
INFO: [ app_init ] --START--
INFO: Run Behavior\BuildLiteBehavior [ RunTime:0.000012s ]
INFO: [ app_init ] --END-- [ RunTime:0.000066s ]
INFO: [ app_begin ] --START--
INFO: Run Behavior\ReadHtmlCacheBehavior [ RunTime:0.000810s ]
INFO: [ app_begin ] --END-- [ RunTime:0.000860s ]
INFO: [ action_begin ] --START--
INFO: Run Admin\Behavior\CheckPermissionBehavior [ RunTime:0.002207s ]
INFO: [ action_begin ] --END-- [ RunTime:0.002261s ]
NOTIC: [2048] Declaration of Admin\Model\BaseModel::page() should be compatible with Think\Model::page($page, $listRows = NULL) F:\phpEnve\Apache\htdocs\lobster\Application\Admin\Model\BaseModel.class.php 第 16 行.
SQL: SHOW COLUMNS FROM `reservation` [ RunTime:0.0067s ]
SQL: SELECT COUNT(*) AS tp_count FROM `reservation` LIMIT 1   [ RunTime:0.0003s ]
SQL: SELECT * FROM `reservation` LIMIT 0,10   [ RunTime:0.0004s ]
SQL: select * from seats where seat_number=9 [ RunTime:0.0003s ]
INFO: [ view_parse ] --START--
INFO: [ template_filter ] --START--
INFO: Run Behavior\ContentReplaceBehavior [ RunTime:0.000075s ]
INFO: [ template_filter ] --END-- [ RunTime:0.000121s ]
INFO: Run Behavior\ParseTemplateBehavior [ RunTime:0.012029s ]
INFO: [ view_parse ] --END-- [ RunTime:0.012074s ]
INFO: [ view_filter ] --START--
INFO: Run Behavior\WriteHtmlCacheBehavior [ RunTime:0.000620s ]
INFO: [ view_filter ] --END-- [ RunTime:0.000659s ]
INFO: [ app_end ] --START--
INFO: Run Behavior\ShowPageTraceBehavior [ RunTime:0.000901s ]
INFO: [ app_end ] --END-- [ RunTime:0.000941s ]

[ 2015-04-28T10:28:41+08:00 ] 127.0.0.1 /index.php/Admin/Admin/reservation.html
INFO: [ app_init ] --START--
INFO: Run Behavior\BuildLiteBehavior [ RunTime:0.000014s ]
INFO: [ app_init ] --END-- [ RunTime:0.000071s ]
INFO: [ app_begin ] --START--
INFO: Run Behavior\ReadHtmlCacheBehavior [ RunTime:0.000904s ]
INFO: [ app_begin ] --END-- [ RunTime:0.000959s ]
INFO: [ action_begin ] --START--
INFO: Run Admin\Behavior\CheckPermissionBehavior [ RunTime:0.002420s ]
INFO: [ action_begin ] --END-- [ RunTime:0.002476s ]
NOTIC: [2048] Declaration of Admin\Model\BaseModel::page() should be compatible with Think\Model::page($page, $listRows = NULL) F:\phpEnve\Apache\htdocs\lobster\Application\Admin\Model\BaseModel.class.php 第 16 行.
SQL: SHOW COLUMNS FROM `reservation` [ RunTime:0.0066s ]
SQL: SELECT COUNT(*) AS tp_count FROM `reservation` LIMIT 1   [ RunTime:0.0003s ]
SQL: SELECT * FROM `reservation` LIMIT 0,10   [ RunTime:0.0003s ]
SQL: select * from seats where seat_number=9 [ RunTime:0.0003s ]
INFO: [ view_parse ] --START--
INFO: [ template_filter ] --START--
INFO: Run Behavior\ContentReplaceBehavior [ RunTime:0.000076s ]
INFO: [ template_filter ] --END-- [ RunTime:0.000119s ]
INFO: Run Behavior\ParseTemplateBehavior [ RunTime:0.011181s ]
INFO: [ view_parse ] --END-- [ RunTime:0.011225s ]
INFO: [ view_filter ] --START--
INFO: Run Behavior\WriteHtmlCacheBehavior [ RunTime:0.000526s ]
INFO: [ view_filter ] --END-- [ RunTime:0.000563s ]
INFO: [ app_end ] --START--
INFO: Run Behavior\ShowPageTraceBehavior [ RunTime:0.000700s ]
INFO: [ app_end ] --END-- [ RunTime:0.000740s ]

[ 2015-04-28T10:29:36+08:00 ] 127.0.0.1 /index.php/Admin/Admin/reservation.html
INFO: [ app_init ] --START--
INFO: Run Behavior\BuildLiteBehavior [ RunTime:0.000013s ]
INFO: [ app_init ] --END-- [ RunTime:0.000065s ]
INFO: [ app_begin ] --START--
INFO: Run Behavior\ReadHtmlCacheBehavior [ RunTime:0.000818s ]
INFO: [ app_begin ] --END-- [ RunTime:0.000869s ]
INFO: [ action_begin ] --START--
INFO: Run Admin\Behavior\CheckPermissionBehavior [ RunTime:0.001695s ]
INFO: [ action_begin ] --END-- [ RunTime:0.001745s ]
NOTIC: [2048] Declaration of Admin\Model\BaseModel::page() should be compatible with Think\Model::page($page, $listRows = NULL) F:\phpEnve\Apache\htdocs\lobster\Application\Admin\Model\BaseModel.class.php 第 16 行.
SQL: SHOW COLUMNS FROM `reservation` [ RunTime:0.0066s ]
SQL: SELECT COUNT(*) AS tp_count FROM `reservation` LIMIT 1   [ RunTime:0.0002s ]
SQL: SELECT * FROM `reservation` LIMIT 0,10   [ RunTime:0.0004s ]
SQL: select * from seats where seat_number=9 [ RunTime:0.0003s ]
SQL: select * from seats where seat_number=9 [ RunTime:0.0002s ]
INFO: [ view_parse ] --START--
INFO: [ template_filter ] --START--
INFO: Run Behavior\ContentReplaceBehavior [ RunTime:0.000076s ]
INFO: [ template_filter ] --END-- [ RunTime:0.000121s ]
INFO: Run Behavior\ParseTemplateBehavior [ RunTime:0.010579s ]
INFO: [ view_parse ] --END-- [ RunTime:0.010624s ]
INFO: [ view_filter ] --START--
INFO: Run Behavior\WriteHtmlCacheBehavior [ RunTime:0.000819s ]
INFO: [ view_filter ] --END-- [ RunTime:0.000857s ]
INFO: [ app_end ] --START--
INFO: Run Behavior\ShowPageTraceBehavior [ RunTime:0.001158s ]
INFO: [ app_end ] --END-- [ RunTime:0.001198s ]

[ 2015-04-28T10:29:44+08:00 ] 127.0.0.1 /index.php/Admin/Admin/reservation.html
INFO: [ app_init ] --START--
INFO: Run Behavior\BuildLiteBehavior [ RunTime:0.000013s ]
INFO: [ app_init ] --END-- [ RunTime:0.000068s ]
INFO: [ app_begin ] --START--
INFO: Run Behavior\ReadHtmlCacheBehavior [ RunTime:0.001126s ]
INFO: [ app_begin ] --END-- [ RunTime:0.001170s ]
INFO: [ action_begin ] --START--
INFO: Run Admin\Behavior\CheckPermissionBehavior [ RunTime:0.001854s ]
INFO: [ action_begin ] --END-- [ RunTime:0.001895s ]
NOTIC: [2048] Declaration of Admin\Model\BaseModel::page() should be compatible with Think\Model::page($page, $listRows = NULL) F:\phpEnve\Apache\htdocs\lobster\Application\Admin\Model\BaseModel.class.php 第 16 行.
SQL: SHOW COLUMNS FROM `reservation` [ RunTime:0.0066s ]
SQL: DELETE FROM `reservation` WHERE ( id=6 ) [ RunTime:0.0053s ]

[ 2015-04-28T10:29:45+08:00 ] 127.0.0.1 /index.php/Admin/Admin/reservation.html
INFO: [ app_init ] --START--
INFO: Run Behavior\BuildLiteBehavior [ RunTime:0.000014s ]
INFO: [ app_init ] --END-- [ RunTime:0.000064s ]
INFO: [ app_begin ] --START--
INFO: Run Behavior\ReadHtmlCacheBehavior [ RunTime:0.000781s ]
INFO: [ app_begin ] --END-- [ RunTime:0.000830s ]
INFO: [ action_begin ] --START--
INFO: Run Admin\Behavior\CheckPermissionBehavior [ RunTime:0.001820s ]
INFO: [ action_begin ] --END-- [ RunTime:0.001870s ]
NOTIC: [2048] Declaration of Admin\Model\BaseModel::page() should be compatible with Think\Model::page($page, $listRows = NULL) F:\phpEnve\Apache\htdocs\lobster\Application\Admin\Model\BaseModel.class.php 第 16 行.
SQL: SHOW COLUMNS FROM `reservation` [ RunTime:0.0067s ]
SQL: SELECT COUNT(*) AS tp_count FROM `reservation` LIMIT 1   [ RunTime:0.0002s ]
SQL: SELECT * FROM `reservation` LIMIT 0,10   [ RunTime:0.0004s ]
SQL: select * from seats where seat_number=9 [ RunTime:0.0003s ]
INFO: [ view_parse ] --START--
INFO: [ template_filter ] --START--
INFO: Run Behavior\ContentReplaceBehavior [ RunTime:0.000075s ]
INFO: [ template_filter ] --END-- [ RunTime:0.000118s ]
INFO: Run Behavior\ParseTemplateBehavior [ RunTime:0.012224s ]
INFO: [ view_parse ] --END-- [ RunTime:0.012271s ]
INFO: [ view_filter ] --START--
INFO: Run Behavior\WriteHtmlCacheBehavior [ RunTime:0.000678s ]
INFO: [ view_filter ] --END-- [ RunTime:0.000717s ]
INFO: [ app_end ] --START--
INFO: Run Behavior\ShowPageTraceBehavior [ RunTime:0.000905s ]
INFO: [ app_end ] --END-- [ RunTime:0.000945s ]

