[ 2015-04-19T10:59:59+08:00 ] 127.0.0.1 /index.php/Admin/Admin/index.html
INFO: [ app_init ] --START--
INFO: Run Behavior\BuildLiteBehavior [ RunTime:0.000056s ]
INFO: [ app_init ] --END-- [ RunTime:0.000456s ]
INFO: [ app_begin ] --START--
INFO: Run Behavior\ReadHtmlCacheBehavior [ RunTime:0.003498s ]
INFO: [ app_begin ] --END-- [ RunTime:0.003719s ]
INFO: [ action_begin ] --START--
INFO: Run Admin\Behavior\CheckPermissionBehavior [ RunTime:0.051165s ]
INFO: [ action_begin ] --END-- [ RunTime:0.051312s ]
NOTIC: [2048] Declaration of Admin\Model\BaseModel::page() should be compatible with Think\Model::page($page, $listRows = NULL) F:\phpEnve\Apache\htdocs\lobster\Application\Admin\Model\BaseModel.class.php 第 16 行.
SQL: SHOW COLUMNS FROM `user` [ RunTime:0.1096s ]
SQL: SELECT COUNT(*) AS tp_count FROM `user` WHERE `status` >= 0 LIMIT 1   [ RunTime:0.0996s ]
SQL: SELECT * FROM `user` WHERE `status` >= 0 LIMIT 0,10   [ RunTime:0.0185s ]
INFO: [ view_parse ] --START--
INFO: [ template_filter ] --START--
INFO: Run Behavior\ContentReplaceBehavior [ RunTime:0.000348s ]
INFO: [ template_filter ] --END-- [ RunTime:0.000534s ]
INFO: Run Behavior\ParseTemplateBehavior [ RunTime:0.452300s ]
INFO: [ view_parse ] --END-- [ RunTime:0.452570s ]
INFO: [ view_filter ] --START--
INFO: Run Behavior\WriteHtmlCacheBehavior [ RunTime:0.003668s ]
INFO: [ view_filter ] --END-- [ RunTime:0.003887s ]
INFO: [ app_end ] --START--
INFO: Run Behavior\ShowPageTraceBehavior [ RunTime:0.004990s ]
INFO: [ app_end ] --END-- [ RunTime:0.005229s ]

[ 2015-04-19T11:00:08+08:00 ] 127.0.0.1 /index.php/Admin/Admin/lists.html
INFO: [ app_init ] --START--
INFO: Run Behavior\BuildLiteBehavior [ RunTime:0.000050s ]
INFO: [ app_init ] --END-- [ RunTime:0.000255s ]
INFO: [ app_begin ] --START--
INFO: Run Behavior\ReadHtmlCacheBehavior [ RunTime:0.004456s ]
INFO: [ app_begin ] --END-- [ RunTime:0.004744s ]
INFO: [ action_begin ] --START--
INFO: Run Admin\Behavior\CheckPermissionBehavior [ RunTime:0.004446s ]
INFO: [ action_begin ] --END-- [ RunTime:0.004670s ]
NOTIC: [2048] Declaration of Admin\Model\BaseModel::page() should be compatible with Think\Model::page($page, $listRows = NULL) F:\phpEnve\Apache\htdocs\lobster\Application\Admin\Model\BaseModel.class.php 第 16 行.
SQL: SHOW COLUMNS FROM `goods` [ RunTime:0.1010s ]
SQL: SELECT COUNT(*) AS tp_count FROM `goods` LIMIT 1   [ RunTime:0.0100s ]
SQL: SELECT * FROM `goods` LIMIT 0,10   [ RunTime:0.0007s ]
INFO: [ view_parse ] --START--
INFO: [ template_filter ] --START--
INFO: Run Behavior\ContentReplaceBehavior [ RunTime:0.000218s ]
INFO: [ template_filter ] --END-- [ RunTime:0.000317s ]
INFO: Run Behavior\ParseTemplateBehavior [ RunTime:0.086218s ]
INFO: [ view_parse ] --END-- [ RunTime:0.086378s ]
INFO: [ view_filter ] --START--
INFO: Run Behavior\WriteHtmlCacheBehavior [ RunTime:0.001143s ]
INFO: [ view_filter ] --END-- [ RunTime:0.001229s ]
INFO: [ app_end ] --START--
INFO: Run Behavior\ShowPageTraceBehavior [ RunTime:0.008368s ]
INFO: [ app_end ] --END-- [ RunTime:0.008489s ]

[ 2015-04-19T11:02:20+08:00 ] 127.0.0.1 /index.php/Admin/Admin/lists.html
INFO: [ app_init ] --START--
INFO: Run Behavior\BuildLiteBehavior [ RunTime:0.000033s ]
INFO: [ app_init ] --END-- [ RunTime:0.000127s ]
INFO: [ app_begin ] --START--
INFO: Run Behavior\ReadHtmlCacheBehavior [ RunTime:0.001264s ]
INFO: [ app_begin ] --END-- [ RunTime:0.001386s ]
INFO: [ action_begin ] --START--
INFO: Run Admin\Behavior\CheckPermissionBehavior [ RunTime:0.001469s ]
INFO: [ action_begin ] --END-- [ RunTime:0.001590s ]
NOTIC: [2048] Declaration of Admin\Model\BaseModel::page() should be compatible with Think\Model::page($page, $listRows = NULL) F:\phpEnve\Apache\htdocs\lobster\Application\Admin\Model\BaseModel.class.php 第 16 行.
SQL: SHOW COLUMNS FROM `goods` [ RunTime:0.0367s ]
SQL: SELECT COUNT(*) AS tp_count FROM `goods` LIMIT 1   [ RunTime:0.0008s ]
SQL: SELECT * FROM `goods` LIMIT 0,10   [ RunTime:0.0008s ]
INFO: [ view_parse ] --START--
INFO: [ template_filter ] --START--
INFO: Run Behavior\ContentReplaceBehavior [ RunTime:0.000191s ]
INFO: [ template_filter ] --END-- [ RunTime:0.000290s ]
INFO: Run Behavior\ParseTemplateBehavior [ RunTime:0.021306s ]
INFO: [ view_parse ] --END-- [ RunTime:0.021457s ]
INFO: [ view_filter ] --START--
INFO: Run Behavior\WriteHtmlCacheBehavior [ RunTime:0.001286s ]
INFO: [ view_filter ] --END-- [ RunTime:0.001378s ]
INFO: [ app_end ] --START--
INFO: Run Behavior\ShowPageTraceBehavior [ RunTime:0.004060s ]
INFO: [ app_end ] --END-- [ RunTime:0.004174s ]

[ 2015-04-19T11:02:23+08:00 ] 127.0.0.1 /index.php/Admin/Goods/findGoods.html
INFO: [ app_init ] --START--
INFO: Run Behavior\BuildLiteBehavior [ RunTime:0.000038s ]
INFO: [ app_init ] --END-- [ RunTime:0.000186s ]
INFO: [ app_begin ] --START--
INFO: Run Behavior\ReadHtmlCacheBehavior [ RunTime:0.002579s ]
INFO: [ app_begin ] --END-- [ RunTime:0.003304s ]
INFO: [ action_begin ] --START--
INFO: Run Admin\Behavior\CheckPermissionBehavior [ RunTime:0.013419s ]
INFO: [ action_begin ] --END-- [ RunTime:0.013588s ]
NOTIC: [2048] Declaration of Admin\Model\BaseModel::page() should be compatible with Think\Model::page($page, $listRows = NULL) F:\phpEnve\Apache\htdocs\lobster\Application\Admin\Model\BaseModel.class.php 第 16 行.
SQL: SHOW COLUMNS FROM `goods` [ RunTime:0.0254s ]
SQL: SELECT * FROM `goods` WHERE `id` = 1 LIMIT 1   [ RunTime:0.0007s ]

[ 2015-04-19T11:06:00+08:00 ] 127.0.0.1 /index.php/Admin/Admin/lists.html
INFO: [ app_init ] --START--
INFO: Run Behavior\BuildLiteBehavior [ RunTime:0.000063s ]
INFO: [ app_init ] --END-- [ RunTime:0.000274s ]
INFO: [ app_begin ] --START--
INFO: Run Behavior\ReadHtmlCacheBehavior [ RunTime:0.004016s ]
INFO: [ app_begin ] --END-- [ RunTime:0.004247s ]
INFO: [ action_begin ] --START--
INFO: Run Admin\Behavior\CheckPermissionBehavior [ RunTime:0.005546s ]
INFO: [ action_begin ] --END-- [ RunTime:0.005770s ]
NOTIC: [2048] Declaration of Admin\Model\BaseModel::page() should be compatible with Think\Model::page($page, $listRows = NULL) F:\phpEnve\Apache\htdocs\lobster\Application\Admin\Model\BaseModel.class.php 第 16 行.
SQL: SHOW COLUMNS FROM `goods` [ RunTime:0.0272s ]
SQL: SELECT COUNT(*) AS tp_count FROM `goods` LIMIT 1   [ RunTime:0.0011s ]
SQL: SELECT * FROM `goods` LIMIT 0,10   [ RunTime:0.0032s ]
INFO: [ view_parse ] --START--
INFO: [ template_filter ] --START--
INFO: Run Behavior\ContentReplaceBehavior [ RunTime:0.000196s ]
INFO: [ template_filter ] --END-- [ RunTime:0.000295s ]
INFO: Run Behavior\ParseTemplateBehavior [ RunTime:0.139653s ]
INFO: [ view_parse ] --END-- [ RunTime:0.139872s ]
INFO: [ view_filter ] --START--
INFO: Run Behavior\WriteHtmlCacheBehavior [ RunTime:0.001103s ]
INFO: [ view_filter ] --END-- [ RunTime:0.001183s ]
INFO: [ app_end ] --START--
INFO: Run Behavior\ShowPageTraceBehavior [ RunTime:0.005015s ]
INFO: [ app_end ] --END-- [ RunTime:0.005132s ]

[ 2015-04-19T11:07:55+08:00 ] 127.0.0.1 /index.php/Admin/Admin/lists.html
INFO: [ app_init ] --START--
INFO: Run Behavior\BuildLiteBehavior [ RunTime:0.000049s ]
INFO: [ app_init ] --END-- [ RunTime:0.000250s ]
INFO: [ app_begin ] --START--
INFO: Run Behavior\ReadHtmlCacheBehavior [ RunTime:0.003679s ]
INFO: [ app_begin ] --END-- [ RunTime:0.003923s ]
INFO: [ action_begin ] --START--
INFO: Run Admin\Behavior\CheckPermissionBehavior [ RunTime:0.004277s ]
INFO: [ action_begin ] --END-- [ RunTime:0.004516s ]
NOTIC: [2048] Declaration of Admin\Model\BaseModel::page() should be compatible with Think\Model::page($page, $listRows = NULL) F:\phpEnve\Apache\htdocs\lobster\Application\Admin\Model\BaseModel.class.php 第 16 行.
SQL: SHOW COLUMNS FROM `goods` [ RunTime:0.0204s ]
SQL: SELECT COUNT(*) AS tp_count FROM `goods` LIMIT 1   [ RunTime:0.0022s ]
SQL: SELECT * FROM `goods` LIMIT 0,10   [ RunTime:0.0033s ]
INFO: [ view_parse ] --START--
INFO: [ template_filter ] --START--
INFO: Run Behavior\ContentReplaceBehavior [ RunTime:0.000442s ]
INFO: [ template_filter ] --END-- [ RunTime:0.000629s ]
INFO: Run Behavior\ParseTemplateBehavior [ RunTime:0.095611s ]
INFO: [ view_parse ] --END-- [ RunTime:0.095862s ]
INFO: [ view_filter ] --START--
INFO: Run Behavior\WriteHtmlCacheBehavior [ RunTime:0.002360s ]
INFO: [ view_filter ] --END-- [ RunTime:0.002527s ]
INFO: [ app_end ] --START--
INFO: Run Behavior\ShowPageTraceBehavior [ RunTime:0.015336s ]
INFO: [ app_end ] --END-- [ RunTime:0.015543s ]

[ 2015-04-19T11:08:52+08:00 ] 127.0.0.1 /index.php/Admin/Admin/lists.html
INFO: [ app_init ] --START--
INFO: Run Behavior\BuildLiteBehavior [ RunTime:0.000044s ]
INFO: [ app_init ] --END-- [ RunTime:0.000240s ]
INFO: [ app_begin ] --START--
INFO: Run Behavior\ReadHtmlCacheBehavior [ RunTime:0.002167s ]
INFO: [ app_begin ] --END-- [ RunTime:0.002367s ]
INFO: [ action_begin ] --START--
INFO: Run Admin\Behavior\CheckPermissionBehavior [ RunTime:0.002758s ]
INFO: [ action_begin ] --END-- [ RunTime:0.003089s ]
NOTIC: [2048] Declaration of Admin\Model\BaseModel::page() should be compatible with Think\Model::page($page, $listRows = NULL) F:\phpEnve\Apache\htdocs\lobster\Application\Admin\Model\BaseModel.class.php 第 16 行.
SQL: SHOW COLUMNS FROM `goods` [ RunTime:0.0279s ]
SQL: SELECT COUNT(*) AS tp_count FROM `goods` LIMIT 1   [ RunTime:0.0462s ]
SQL: SELECT * FROM `goods` LIMIT 0,10   [ RunTime:0.0006s ]
INFO: [ view_parse ] --START--
INFO: [ template_filter ] --START--
INFO: Run Behavior\ContentReplaceBehavior [ RunTime:0.000267s ]
INFO: [ template_filter ] --END-- [ RunTime:0.000412s ]
INFO: Run Behavior\ParseTemplateBehavior [ RunTime:0.023338s ]
INFO: [ view_parse ] --END-- [ RunTime:0.023467s ]
INFO: [ view_filter ] --START--
INFO: Run Behavior\WriteHtmlCacheBehavior [ RunTime:0.000974s ]
INFO: [ view_filter ] --END-- [ RunTime:0.010545s ]
INFO: [ app_end ] --START--
INFO: Run Behavior\ShowPageTraceBehavior [ RunTime:0.004143s ]
INFO: [ app_end ] --END-- [ RunTime:0.005133s ]

[ 2015-04-19T11:09:32+08:00 ] 127.0.0.1 /index.php/Admin/Admin/lists.html
INFO: [ app_init ] --START--
INFO: Run Behavior\BuildLiteBehavior [ RunTime:0.000025s ]
INFO: [ app_init ] --END-- [ RunTime:0.000116s ]
INFO: [ app_begin ] --START--
INFO: Run Behavior\ReadHtmlCacheBehavior [ RunTime:0.001520s ]
INFO: [ app_begin ] --END-- [ RunTime:0.001656s ]
INFO: [ action_begin ] --START--
INFO: Run Admin\Behavior\CheckPermissionBehavior [ RunTime:0.001040s ]
INFO: [ action_begin ] --END-- [ RunTime:0.001157s ]
NOTIC: [2048] Declaration of Admin\Model\BaseModel::page() should be compatible with Think\Model::page($page, $listRows = NULL) F:\phpEnve\Apache\htdocs\lobster\Application\Admin\Model\BaseModel.class.php 第 16 行.
SQL: SHOW COLUMNS FROM `goods` [ RunTime:0.0170s ]
SQL: SELECT COUNT(*) AS tp_count FROM `goods` LIMIT 1   [ RunTime:0.0019s ]
SQL: SELECT * FROM `goods` LIMIT 0,10   [ RunTime:0.0008s ]
INFO: [ view_parse ] --START--
INFO: [ template_filter ] --START--
INFO: Run Behavior\ContentReplaceBehavior [ RunTime:0.000197s ]
INFO: [ template_filter ] --END-- [ RunTime:0.000299s ]
INFO: Run Behavior\ParseTemplateBehavior [ RunTime:0.023520s ]
INFO: [ view_parse ] --END-- [ RunTime:0.023693s ]
INFO: [ view_filter ] --START--
INFO: Run Behavior\WriteHtmlCacheBehavior [ RunTime:0.001003s ]
INFO: [ view_filter ] --END-- [ RunTime:0.001097s ]
INFO: [ app_end ] --START--
INFO: Run Behavior\ShowPageTraceBehavior [ RunTime:0.005547s ]
INFO: [ app_end ] --END-- [ RunTime:0.005691s ]

[ 2015-04-19T11:10:52+08:00 ] 127.0.0.1 /index.php/Admin/Admin/lists.html
INFO: [ app_init ] --START--
INFO: Run Behavior\BuildLiteBehavior [ RunTime:0.000033s ]
INFO: [ app_init ] --END-- [ RunTime:0.000191s ]
INFO: [ app_begin ] --START--
INFO: Run Behavior\ReadHtmlCacheBehavior [ RunTime:0.002472s ]
INFO: [ app_begin ] --END-- [ RunTime:0.002660s ]
INFO: [ action_begin ] --START--
INFO: Run Admin\Behavior\CheckPermissionBehavior [ RunTime:0.003915s ]
INFO: [ action_begin ] --END-- [ RunTime:0.004071s ]
NOTIC: [2048] Declaration of Admin\Model\BaseModel::page() should be compatible with Think\Model::page($page, $listRows = NULL) F:\phpEnve\Apache\htdocs\lobster\Application\Admin\Model\BaseModel.class.php 第 16 行.
SQL: SHOW COLUMNS FROM `goods` [ RunTime:0.0137s ]
SQL: SELECT COUNT(*) AS tp_count FROM `goods` LIMIT 1   [ RunTime:0.0025s ]
SQL: SELECT * FROM `goods` LIMIT 0,10   [ RunTime:0.0489s ]
INFO: [ view_parse ] --START--
INFO: [ template_filter ] --START--
INFO: Run Behavior\ContentReplaceBehavior [ RunTime:0.000237s ]
INFO: [ template_filter ] --END-- [ RunTime:0.000375s ]
INFO: Run Behavior\ParseTemplateBehavior [ RunTime:0.029105s ]
INFO: [ view_parse ] --END-- [ RunTime:0.029286s ]
INFO: [ view_filter ] --START--
INFO: Run Behavior\WriteHtmlCacheBehavior [ RunTime:0.001679s ]
INFO: [ view_filter ] --END-- [ RunTime:0.001815s ]
INFO: [ app_end ] --START--
INFO: Run Behavior\ShowPageTraceBehavior [ RunTime:0.006020s ]
INFO: [ app_end ] --END-- [ RunTime:0.006168s ]

[ 2015-04-19T11:10:53+08:00 ] 127.0.0.1 /index.php/Admin/Admin/lists.html
INFO: [ app_init ] --START--
INFO: Run Behavior\BuildLiteBehavior [ RunTime:0.000023s ]
INFO: [ app_init ] --END-- [ RunTime:0.000120s ]
INFO: [ app_begin ] --START--
INFO: Run Behavior\ReadHtmlCacheBehavior [ RunTime:0.002477s ]
INFO: [ app_begin ] --END-- [ RunTime:0.002593s ]
INFO: [ action_begin ] --START--
INFO: Run Admin\Behavior\CheckPermissionBehavior [ RunTime:0.004094s ]
INFO: [ action_begin ] --END-- [ RunTime:0.004243s ]
NOTIC: [2048] Declaration of Admin\Model\BaseModel::page() should be compatible with Think\Model::page($page, $listRows = NULL) F:\phpEnve\Apache\htdocs\lobster\Application\Admin\Model\BaseModel.class.php 第 16 行.
SQL: SHOW COLUMNS FROM `goods` [ RunTime:0.0113s ]
SQL: SELECT COUNT(*) AS tp_count FROM `goods` LIMIT 1   [ RunTime:0.0007s ]
SQL: SELECT * FROM `goods` LIMIT 0,10   [ RunTime:0.0006s ]
INFO: [ view_parse ] --START--
INFO: [ template_filter ] --START--
INFO: Run Behavior\ContentReplaceBehavior [ RunTime:0.000205s ]
INFO: [ template_filter ] --END-- [ RunTime:0.000306s ]
INFO: Run Behavior\ParseTemplateBehavior [ RunTime:0.047491s ]
INFO: [ view_parse ] --END-- [ RunTime:0.047639s ]
INFO: [ view_filter ] --START--
INFO: Run Behavior\WriteHtmlCacheBehavior [ RunTime:0.002072s ]
INFO: [ view_filter ] --END-- [ RunTime:0.002181s ]
INFO: [ app_end ] --START--
INFO: Run Behavior\ShowPageTraceBehavior [ RunTime:0.019885s ]
INFO: [ app_end ] --END-- [ RunTime:0.020022s ]

[ 2015-04-19T11:11:19+08:00 ] 127.0.0.1 /index.php/Admin/Admin/lists.html
INFO: [ app_init ] --START--
INFO: Run Behavior\BuildLiteBehavior [ RunTime:0.000024s ]
INFO: [ app_init ] --END-- [ RunTime:0.000120s ]
INFO: [ app_begin ] --START--
INFO: Run Behavior\ReadHtmlCacheBehavior [ RunTime:0.001545s ]
INFO: [ app_begin ] --END-- [ RunTime:0.001657s ]
INFO: [ action_begin ] --START--
INFO: Run Admin\Behavior\CheckPermissionBehavior [ RunTime:0.002798s ]
INFO: [ action_begin ] --END-- [ RunTime:0.002941s ]
NOTIC: [2048] Declaration of Admin\Model\BaseModel::page() should be compatible with Think\Model::page($page, $listRows = NULL) F:\phpEnve\Apache\htdocs\lobster\Application\Admin\Model\BaseModel.class.php 第 16 行.
SQL: SHOW COLUMNS FROM `goods` [ RunTime:0.0117s ]
SQL: SELECT COUNT(*) AS tp_count FROM `goods` LIMIT 1   [ RunTime:0.0007s ]
SQL: SELECT * FROM `goods` LIMIT 0,10   [ RunTime:0.0819s ]
INFO: [ view_parse ] --START--
INFO: [ template_filter ] --START--
INFO: Run Behavior\ContentReplaceBehavior [ RunTime:0.000215s ]
INFO: [ template_filter ] --END-- [ RunTime:0.000312s ]
INFO: Run Behavior\ParseTemplateBehavior [ RunTime:0.024963s ]
INFO: [ view_parse ] --END-- [ RunTime:0.025098s ]
INFO: [ view_filter ] --START--
INFO: Run Behavior\WriteHtmlCacheBehavior [ RunTime:0.001146s ]
INFO: [ view_filter ] --END-- [ RunTime:0.001228s ]
INFO: [ app_end ] --START--
INFO: Run Behavior\ShowPageTraceBehavior [ RunTime:0.004906s ]
INFO: [ app_end ] --END-- [ RunTime:0.005035s ]

[ 2015-04-19T11:11:37+08:00 ] 127.0.0.1 /index.php/Admin/Admin/lists.html
INFO: [ app_init ] --START--
INFO: Run Behavior\BuildLiteBehavior [ RunTime:0.000025s ]
INFO: [ app_init ] --END-- [ RunTime:0.000125s ]
INFO: [ app_begin ] --START--
INFO: Run Behavior\ReadHtmlCacheBehavior [ RunTime:0.001586s ]
INFO: [ app_begin ] --END-- [ RunTime:0.001698s ]
INFO: [ action_begin ] --START--
INFO: Run Admin\Behavior\CheckPermissionBehavior [ RunTime:0.002290s ]
INFO: [ action_begin ] --END-- [ RunTime:0.002410s ]
NOTIC: [2048] Declaration of Admin\Model\BaseModel::page() should be compatible with Think\Model::page($page, $listRows = NULL) F:\phpEnve\Apache\htdocs\lobster\Application\Admin\Model\BaseModel.class.php 第 16 行.
SQL: SHOW COLUMNS FROM `goods` [ RunTime:0.0195s ]
SQL: SELECT COUNT(*) AS tp_count FROM `goods` LIMIT 1   [ RunTime:0.0005s ]
SQL: SELECT * FROM `goods` LIMIT 0,10   [ RunTime:0.0009s ]
INFO: [ view_parse ] --START--
INFO: [ template_filter ] --START--
INFO: Run Behavior\ContentReplaceBehavior [ RunTime:0.000216s ]
INFO: [ template_filter ] --END-- [ RunTime:0.000313s ]
INFO: Run Behavior\ParseTemplateBehavior [ RunTime:0.026008s ]
INFO: [ view_parse ] --END-- [ RunTime:0.026155s ]
INFO: [ view_filter ] --START--
INFO: Run Behavior\WriteHtmlCacheBehavior [ RunTime:0.001444s ]
INFO: [ view_filter ] --END-- [ RunTime:0.001525s ]
INFO: [ app_end ] --START--
INFO: Run Behavior\ShowPageTraceBehavior [ RunTime:0.007469s ]
INFO: [ app_end ] --END-- [ RunTime:0.007597s ]

[ 2015-04-19T11:11:41+08:00 ] 127.0.0.1 /index.php/Admin/Admin/lists.html
INFO: [ app_init ] --START--
INFO: Run Behavior\BuildLiteBehavior [ RunTime:0.000049s ]
INFO: [ app_init ] --END-- [ RunTime:0.000326s ]
INFO: [ app_begin ] --START--
INFO: Run Behavior\ReadHtmlCacheBehavior [ RunTime:0.002943s ]
INFO: [ app_begin ] --END-- [ RunTime:0.003223s ]
INFO: [ action_begin ] --START--
INFO: Run Admin\Behavior\CheckPermissionBehavior [ RunTime:0.005479s ]
INFO: [ action_begin ] --END-- [ RunTime:0.005741s ]
NOTIC: [2048] Declaration of Admin\Model\BaseModel::page() should be compatible with Think\Model::page($page, $listRows = NULL) F:\phpEnve\Apache\htdocs\lobster\Application\Admin\Model\BaseModel.class.php 第 16 行.
SQL: SHOW COLUMNS FROM `goods` [ RunTime:0.0144s ]
SQL: SELECT COUNT(*) AS tp_count FROM `goods` LIMIT 1   [ RunTime:0.0005s ]
SQL: SELECT * FROM `goods` LIMIT 0,10   [ RunTime:0.0006s ]
INFO: [ view_parse ] --START--
INFO: [ template_filter ] --START--
INFO: Run Behavior\ContentReplaceBehavior [ RunTime:0.000228s ]
INFO: [ template_filter ] --END-- [ RunTime:0.000368s ]
INFO: Run Behavior\ParseTemplateBehavior [ RunTime:0.033431s ]
INFO: [ view_parse ] --END-- [ RunTime:0.033582s ]
INFO: [ view_filter ] --START--
INFO: Run Behavior\WriteHtmlCacheBehavior [ RunTime:0.001021s ]
INFO: [ view_filter ] --END-- [ RunTime:0.001108s ]
INFO: [ app_end ] --START--
INFO: Run Behavior\ShowPageTraceBehavior [ RunTime:0.003942s ]
INFO: [ app_end ] --END-- [ RunTime:0.004068s ]

[ 2015-04-19T11:12:22+08:00 ] 127.0.0.1 /index.php/Admin/Admin/lists.html
INFO: [ app_init ] --START--
INFO: Run Behavior\BuildLiteBehavior [ RunTime:0.000045s ]
INFO: [ app_init ] --END-- [ RunTime:0.000229s ]
INFO: [ app_begin ] --START--
INFO: Run Behavior\ReadHtmlCacheBehavior [ RunTime:0.001572s ]
INFO: [ app_begin ] --END-- [ RunTime:0.001689s ]
INFO: [ action_begin ] --START--
INFO: Run Admin\Behavior\CheckPermissionBehavior [ RunTime:0.001948s ]
INFO: [ action_begin ] --END-- [ RunTime:0.002065s ]
NOTIC: [2048] Declaration of Admin\Model\BaseModel::page() should be compatible with Think\Model::page($page, $listRows = NULL) F:\phpEnve\Apache\htdocs\lobster\Application\Admin\Model\BaseModel.class.php 第 16 行.
SQL: SHOW COLUMNS FROM `goods` [ RunTime:0.0096s ]
SQL: SELECT COUNT(*) AS tp_count FROM `goods` LIMIT 1   [ RunTime:0.0309s ]
SQL: SELECT * FROM `goods` LIMIT 0,10   [ RunTime:0.0016s ]
INFO: [ view_parse ] --START--
INFO: [ template_filter ] --START--
INFO: Run Behavior\ContentReplaceBehavior [ RunTime:0.000190s ]
INFO: [ template_filter ] --END-- [ RunTime:0.000282s ]
INFO: Run Behavior\ParseTemplateBehavior [ RunTime:0.025739s ]
INFO: [ view_parse ] --END-- [ RunTime:0.025882s ]
INFO: [ view_filter ] --START--
INFO: Run Behavior\WriteHtmlCacheBehavior [ RunTime:0.001217s ]
INFO: [ view_filter ] --END-- [ RunTime:0.001340s ]
INFO: [ app_end ] --START--
INFO: Run Behavior\ShowPageTraceBehavior [ RunTime:0.002465s ]
INFO: [ app_end ] --END-- [ RunTime:0.003369s ]

[ 2015-04-19T11:12:45+08:00 ] 127.0.0.1 /index.php/Admin/Admin/lists.html
INFO: [ app_init ] --START--
INFO: Run Behavior\BuildLiteBehavior [ RunTime:0.000044s ]
INFO: [ app_init ] --END-- [ RunTime:0.000223s ]
INFO: [ app_begin ] --START--
INFO: Run Behavior\ReadHtmlCacheBehavior [ RunTime:0.001091s ]
INFO: [ app_begin ] --END-- [ RunTime:0.001203s ]
INFO: [ action_begin ] --START--
INFO: Run Admin\Behavior\CheckPermissionBehavior [ RunTime:0.005038s ]
INFO: [ action_begin ] --END-- [ RunTime:0.005186s ]
NOTIC: [2048] Declaration of Admin\Model\BaseModel::page() should be compatible with Think\Model::page($page, $listRows = NULL) F:\phpEnve\Apache\htdocs\lobster\Application\Admin\Model\BaseModel.class.php 第 16 行.
SQL: SHOW COLUMNS FROM `goods` [ RunTime:0.0130s ]
SQL: SELECT COUNT(*) AS tp_count FROM `goods` LIMIT 1   [ RunTime:0.0009s ]
SQL: SELECT * FROM `goods` LIMIT 0,10   [ RunTime:0.0008s ]
INFO: [ view_parse ] --START--
INFO: [ template_filter ] --START--
INFO: Run Behavior\ContentReplaceBehavior [ RunTime:0.000192s ]
INFO: [ template_filter ] --END-- [ RunTime:0.000287s ]
INFO: Run Behavior\ParseTemplateBehavior [ RunTime:0.025879s ]
INFO: [ view_parse ] --END-- [ RunTime:0.026040s ]
INFO: [ view_filter ] --START--
INFO: Run Behavior\WriteHtmlCacheBehavior [ RunTime:0.000894s ]
INFO: [ view_filter ] --END-- [ RunTime:0.000978s ]
INFO: [ app_end ] --START--
INFO: Run Behavior\ShowPageTraceBehavior [ RunTime:0.002952s ]
INFO: [ app_end ] --END-- [ RunTime:0.003064s ]

[ 2015-04-19T11:12:46+08:00 ] 127.0.0.1 /index.php/Admin/Goods/findGoods.html
INFO: [ app_init ] --START--
INFO: Run Behavior\BuildLiteBehavior [ RunTime:0.000053s ]
INFO: [ app_init ] --END-- [ RunTime:0.000277s ]
INFO: [ app_begin ] --START--
INFO: Run Behavior\ReadHtmlCacheBehavior [ RunTime:0.006688s ]
INFO: [ app_begin ] --END-- [ RunTime:0.006946s ]
INFO: [ action_begin ] --START--
INFO: Run Admin\Behavior\CheckPermissionBehavior [ RunTime:0.006494s ]
INFO: [ action_begin ] --END-- [ RunTime:0.006707s ]
NOTIC: [2048] Declaration of Admin\Model\BaseModel::page() should be compatible with Think\Model::page($page, $listRows = NULL) F:\phpEnve\Apache\htdocs\lobster\Application\Admin\Model\BaseModel.class.php 第 16 行.
SQL: SHOW COLUMNS FROM `goods` [ RunTime:0.0192s ]
SQL: SELECT * FROM `goods` WHERE `id` = 5 LIMIT 1   [ RunTime:0.0267s ]

[ 2015-04-19T14:46:41+08:00 ] 127.0.0.1 /index.php/Admin/Admin/index.html
INFO: [ app_init ] --START--
INFO: Run Behavior\BuildLiteBehavior [ RunTime:0.000046s ]
INFO: [ app_init ] --END-- [ RunTime:0.000227s ]
INFO: [ app_begin ] --START--
INFO: Run Behavior\ReadHtmlCacheBehavior [ RunTime:0.002221s ]
INFO: [ app_begin ] --END-- [ RunTime:0.002414s ]
INFO: [ action_begin ] --START--
INFO: Run Admin\Behavior\CheckPermissionBehavior [ RunTime:0.018201s ]
INFO: [ action_begin ] --END-- [ RunTime:0.018438s ]
NOTIC: [2048] Declaration of Admin\Model\BaseModel::page() should be compatible with Think\Model::page($page, $listRows = NULL) F:\phpEnve\Apache\htdocs\lobster\Application\Admin\Model\BaseModel.class.php 第 16 行.
SQL: SHOW COLUMNS FROM `user` [ RunTime:0.0140s ]
SQL: SELECT COUNT(*) AS tp_count FROM `user` WHERE `status` >= 0 LIMIT 1   [ RunTime:0.0009s ]
SQL: SELECT * FROM `user` WHERE `status` >= 0 LIMIT 0,10   [ RunTime:0.0157s ]
INFO: [ view_parse ] --START--
INFO: [ template_filter ] --START--
INFO: Run Behavior\ContentReplaceBehavior [ RunTime:0.000341s ]
INFO: [ template_filter ] --END-- [ RunTime:0.000523s ]
INFO: Run Behavior\ParseTemplateBehavior [ RunTime:0.063311s ]
INFO: [ view_parse ] --END-- [ RunTime:0.063559s ]
INFO: [ view_filter ] --START--
INFO: Run Behavior\WriteHtmlCacheBehavior [ RunTime:0.001621s ]
INFO: [ view_filter ] --END-- [ RunTime:0.001781s ]
INFO: [ app_end ] --START--
INFO: Run Behavior\ShowPageTraceBehavior [ RunTime:0.007928s ]
INFO: [ app_end ] --END-- [ RunTime:0.008410s ]

[ 2015-04-19T14:46:45+08:00 ] 127.0.0.1 /index.php/Admin/Admin/lists.html
INFO: [ app_init ] --START--
INFO: Run Behavior\BuildLiteBehavior [ RunTime:0.000045s ]
INFO: [ app_init ] --END-- [ RunTime:0.000227s ]
INFO: [ app_begin ] --START--
INFO: Run Behavior\ReadHtmlCacheBehavior [ RunTime:0.003274s ]
INFO: [ app_begin ] --END-- [ RunTime:0.003476s ]
INFO: [ action_begin ] --START--
INFO: Run Admin\Behavior\CheckPermissionBehavior [ RunTime:0.004226s ]
INFO: [ action_begin ] --END-- [ RunTime:0.004438s ]
NOTIC: [2048] Declaration of Admin\Model\BaseModel::page() should be compatible with Think\Model::page($page, $listRows = NULL) F:\phpEnve\Apache\htdocs\lobster\Application\Admin\Model\BaseModel.class.php 第 16 行.
SQL: SHOW COLUMNS FROM `goods` [ RunTime:0.0088s ]
SQL: SELECT COUNT(*) AS tp_count FROM `goods` LIMIT 1   [ RunTime:0.0005s ]
SQL: SELECT * FROM `goods` LIMIT 0,10   [ RunTime:0.0006s ]
INFO: [ view_parse ] --START--
INFO: [ template_filter ] --START--
INFO: Run Behavior\ContentReplaceBehavior [ RunTime:0.000200s ]
INFO: [ template_filter ] --END-- [ RunTime:0.000295s ]
INFO: Run Behavior\ParseTemplateBehavior [ RunTime:0.022396s ]
INFO: [ view_parse ] --END-- [ RunTime:0.022560s ]
INFO: [ view_filter ] --START--
INFO: Run Behavior\WriteHtmlCacheBehavior [ RunTime:0.001295s ]
INFO: [ view_filter ] --END-- [ RunTime:0.001386s ]
INFO: [ app_end ] --START--
INFO: Run Behavior\ShowPageTraceBehavior [ RunTime:0.002819s ]
INFO: [ app_end ] --END-- [ RunTime:0.004822s ]

[ 2015-04-19T14:47:07+08:00 ] 127.0.0.1 /index.php/Admin/Goods/findGoods.html
INFO: [ app_init ] --START--
INFO: Run Behavior\BuildLiteBehavior [ RunTime:0.000047s ]
INFO: [ app_init ] --END-- [ RunTime:0.000250s ]
INFO: [ app_begin ] --START--
INFO: Run Behavior\ReadHtmlCacheBehavior [ RunTime:0.005097s ]
INFO: [ app_begin ] --END-- [ RunTime:0.005423s ]
INFO: [ action_begin ] --START--
INFO: Run Admin\Behavior\CheckPermissionBehavior [ RunTime:0.007580s ]
INFO: [ action_begin ] --END-- [ RunTime:0.007878s ]
NOTIC: [2048] Declaration of Admin\Model\BaseModel::page() should be compatible with Think\Model::page($page, $listRows = NULL) F:\phpEnve\Apache\htdocs\lobster\Application\Admin\Model\BaseModel.class.php 第 16 行.
SQL: SHOW COLUMNS FROM `goods` [ RunTime:0.0195s ]
SQL: SELECT * FROM `goods` WHERE `id` = 1 LIMIT 1   [ RunTime:0.0017s ]

[ 2015-04-19T14:47:53+08:00 ] 127.0.0.1 /index.php/Admin/Admin/lists.html
INFO: [ app_init ] --START--
INFO: Run Behavior\BuildLiteBehavior [ RunTime:0.000045s ]
INFO: [ app_init ] --END-- [ RunTime:0.000226s ]
INFO: [ app_begin ] --START--
INFO: Run Behavior\ReadHtmlCacheBehavior [ RunTime:0.004822s ]
INFO: [ app_begin ] --END-- [ RunTime:0.005042s ]
INFO: [ action_begin ] --START--
INFO: Run Admin\Behavior\CheckPermissionBehavior [ RunTime:0.004242s ]
INFO: [ action_begin ] --END-- [ RunTime:0.004455s ]
NOTIC: [2048] Declaration of Admin\Model\BaseModel::page() should be compatible with Think\Model::page($page, $listRows = NULL) F:\phpEnve\Apache\htdocs\lobster\Application\Admin\Model\BaseModel.class.php 第 16 行.
SQL: SHOW COLUMNS FROM `goods` [ RunTime:0.0081s ]
SQL: SELECT COUNT(*) AS tp_count FROM `goods` LIMIT 1   [ RunTime:0.0008s ]
SQL: SELECT * FROM `goods` LIMIT 0,10   [ RunTime:0.0393s ]
INFO: [ view_parse ] --START--
INFO: [ template_filter ] --START--
INFO: Run Behavior\ContentReplaceBehavior [ RunTime:0.000214s ]
INFO: [ template_filter ] --END-- [ RunTime:0.000337s ]
INFO: Run Behavior\ParseTemplateBehavior [ RunTime:0.023336s ]
INFO: [ view_parse ] --END-- [ RunTime:0.023487s ]
INFO: [ view_filter ] --START--
INFO: Run Behavior\WriteHtmlCacheBehavior [ RunTime:0.001317s ]
INFO: [ view_filter ] --END-- [ RunTime:0.001420s ]
INFO: [ app_end ] --START--
INFO: Run Behavior\ShowPageTraceBehavior [ RunTime:0.002787s ]
INFO: [ app_end ] --END-- [ RunTime:0.003680s ]

[ 2015-04-19T14:47:59+08:00 ] 127.0.0.1 /index.php/Admin/Goods/findGoods.html
INFO: [ app_init ] --START--
INFO: Run Behavior\BuildLiteBehavior [ RunTime:0.000035s ]
INFO: [ app_init ] --END-- [ RunTime:0.000173s ]
INFO: [ app_begin ] --START--
INFO: Run Behavior\ReadHtmlCacheBehavior [ RunTime:0.002859s ]
INFO: [ app_begin ] --END-- [ RunTime:0.003124s ]
INFO: [ action_begin ] --START--
INFO: Run Admin\Behavior\CheckPermissionBehavior [ RunTime:0.003077s ]
INFO: [ action_begin ] --END-- [ RunTime:0.003303s ]
NOTIC: [2048] Declaration of Admin\Model\BaseModel::page() should be compatible with Think\Model::page($page, $listRows = NULL) F:\phpEnve\Apache\htdocs\lobster\Application\Admin\Model\BaseModel.class.php 第 16 行.
SQL: SHOW COLUMNS FROM `goods` [ RunTime:0.0123s ]
SQL: SELECT * FROM `goods` WHERE `id` = 1 LIMIT 1   [ RunTime:0.0009s ]

[ 2015-04-19T14:48:20+08:00 ] 127.0.0.1 /index.php/Admin/Admin/lists.html
INFO: [ app_init ] --START--
INFO: Run Behavior\BuildLiteBehavior [ RunTime:0.000045s ]
INFO: [ app_init ] --END-- [ RunTime:0.000232s ]
INFO: [ app_begin ] --START--
INFO: Run Behavior\ReadHtmlCacheBehavior [ RunTime:0.004128s ]
INFO: [ app_begin ] --END-- [ RunTime:0.004341s ]
INFO: [ action_begin ] --START--
INFO: Run Admin\Behavior\CheckPermissionBehavior [ RunTime:0.002105s ]
INFO: [ action_begin ] --END-- [ RunTime:0.002322s ]
NOTIC: [2048] Declaration of Admin\Model\BaseModel::page() should be compatible with Think\Model::page($page, $listRows = NULL) F:\phpEnve\Apache\htdocs\lobster\Application\Admin\Model\BaseModel.class.php 第 16 行.
SQL: SHOW COLUMNS FROM `goods` [ RunTime:0.0140s ]
SQL: SELECT COUNT(*) AS tp_count FROM `goods` LIMIT 1   [ RunTime:0.0010s ]
SQL: SELECT * FROM `goods` LIMIT 0,10   [ RunTime:0.0010s ]
INFO: [ view_parse ] --START--
INFO: [ template_filter ] --START--
INFO: Run Behavior\ContentReplaceBehavior [ RunTime:0.000195s ]
INFO: [ template_filter ] --END-- [ RunTime:0.000289s ]
INFO: Run Behavior\ParseTemplateBehavior [ RunTime:0.027607s ]
INFO: [ view_parse ] --END-- [ RunTime:0.027861s ]
INFO: [ view_filter ] --START--
INFO: Run Behavior\WriteHtmlCacheBehavior [ RunTime:0.001760s ]
INFO: [ view_filter ] --END-- [ RunTime:0.001942s ]
INFO: [ app_end ] --START--
INFO: Run Behavior\ShowPageTraceBehavior [ RunTime:0.010213s ]
INFO: [ app_end ] --END-- [ RunTime:0.010380s ]

[ 2015-04-19T14:48:23+08:00 ] 127.0.0.1 /index.php/Admin/Goods/findGoods.html
INFO: [ app_init ] --START--
INFO: Run Behavior\BuildLiteBehavior [ RunTime:0.000066s ]
INFO: [ app_init ] --END-- [ RunTime:0.000350s ]
INFO: [ app_begin ] --START--
INFO: Run Behavior\ReadHtmlCacheBehavior [ RunTime:0.003138s ]
INFO: [ app_begin ] --END-- [ RunTime:0.003432s ]
INFO: [ action_begin ] --START--
INFO: Run Admin\Behavior\CheckPermissionBehavior [ RunTime:0.002972s ]
INFO: [ action_begin ] --END-- [ RunTime:0.003283s ]
NOTIC: [2048] Declaration of Admin\Model\BaseModel::page() should be compatible with Think\Model::page($page, $listRows = NULL) F:\phpEnve\Apache\htdocs\lobster\Application\Admin\Model\BaseModel.class.php 第 16 行.
SQL: SHOW COLUMNS FROM `goods` [ RunTime:0.0169s ]
SQL: SELECT * FROM `goods` WHERE `id` = 1 LIMIT 1   [ RunTime:0.0310s ]

[ 2015-04-19T14:49:55+08:00 ] 127.0.0.1 /index.php/Admin/Admin/lists.html
INFO: [ app_init ] --START--
INFO: Run Behavior\BuildLiteBehavior [ RunTime:0.000025s ]
INFO: [ app_init ] --END-- [ RunTime:0.000118s ]
INFO: [ app_begin ] --START--
INFO: Run Behavior\ReadHtmlCacheBehavior [ RunTime:0.001225s ]
INFO: [ app_begin ] --END-- [ RunTime:0.001326s ]
INFO: [ action_begin ] --START--
INFO: Run Admin\Behavior\CheckPermissionBehavior [ RunTime:0.001374s ]
INFO: [ action_begin ] --END-- [ RunTime:0.001486s ]
NOTIC: [2048] Declaration of Admin\Model\BaseModel::page() should be compatible with Think\Model::page($page, $listRows = NULL) F:\phpEnve\Apache\htdocs\lobster\Application\Admin\Model\BaseModel.class.php 第 16 行.
SQL: SHOW COLUMNS FROM `goods` [ RunTime:0.0080s ]
SQL: SELECT COUNT(*) AS tp_count FROM `goods` LIMIT 1   [ RunTime:0.0005s ]
SQL: SELECT * FROM `goods` LIMIT 0,10   [ RunTime:0.0008s ]
INFO: [ view_parse ] --START--
INFO: [ template_filter ] --START--
INFO: Run Behavior\ContentReplaceBehavior [ RunTime:0.000182s ]
INFO: [ template_filter ] --END-- [ RunTime:0.000273s ]
INFO: Run Behavior\ParseTemplateBehavior [ RunTime:0.020255s ]
INFO: [ view_parse ] --END-- [ RunTime:0.020423s ]
INFO: [ view_filter ] --START--
INFO: Run Behavior\WriteHtmlCacheBehavior [ RunTime:0.000994s ]
INFO: [ view_filter ] --END-- [ RunTime:0.001084s ]
INFO: [ app_end ] --START--
INFO: Run Behavior\ShowPageTraceBehavior [ RunTime:0.002182s ]
INFO: [ app_end ] --END-- [ RunTime:0.016632s ]

[ 2015-04-19T14:49:57+08:00 ] 127.0.0.1 /index.php/Admin/Goods/findGoods.html
INFO: [ app_init ] --START--
INFO: Run Behavior\BuildLiteBehavior [ RunTime:0.000067s ]
INFO: [ app_init ] --END-- [ RunTime:0.000402s ]
INFO: [ app_begin ] --START--
INFO: Run Behavior\ReadHtmlCacheBehavior [ RunTime:0.005532s ]
INFO: [ app_begin ] --END-- [ RunTime:0.005924s ]
INFO: [ action_begin ] --START--
INFO: Run Admin\Behavior\CheckPermissionBehavior [ RunTime:0.007296s ]
INFO: [ action_begin ] --END-- [ RunTime:0.007597s ]
NOTIC: [2048] Declaration of Admin\Model\BaseModel::page() should be compatible with Think\Model::page($page, $listRows = NULL) F:\phpEnve\Apache\htdocs\lobster\Application\Admin\Model\BaseModel.class.php 第 16 行.
SQL: SHOW COLUMNS FROM `goods` [ RunTime:0.0191s ]
SQL: SELECT * FROM `goods` WHERE `id` = 1 LIMIT 1   [ RunTime:0.0032s ]

[ 2015-04-19T20:41:31+08:00 ] 127.0.0.1 /index.php/Admin/Admin/index.html
INFO: [ app_init ] --START--
INFO: Run Behavior\BuildLiteBehavior [ RunTime:0.000050s ]
INFO: [ app_init ] --END-- [ RunTime:0.000251s ]
INFO: [ app_begin ] --START--
INFO: Run Behavior\ReadHtmlCacheBehavior [ RunTime:0.002507s ]
INFO: [ app_begin ] --END-- [ RunTime:0.002707s ]
INFO: [ action_begin ] --START--
INFO: Run Admin\Behavior\CheckPermissionBehavior [ RunTime:0.004656s ]
INFO: [ action_begin ] --END-- [ RunTime:0.004880s ]
NOTIC: [2048] Declaration of Admin\Model\BaseModel::page() should be compatible with Think\Model::page($page, $listRows = NULL) F:\phpEnve\Apache\htdocs\lobster\Application\Admin\Model\BaseModel.class.php 第 16 行.
SQL: SHOW COLUMNS FROM `user` [ RunTime:0.0164s ]
SQL: SELECT COUNT(*) AS tp_count FROM `user` WHERE `status` >= 0 LIMIT 1   [ RunTime:0.0254s ]
SQL: SELECT * FROM `user` WHERE `status` >= 0 LIMIT 0,10   [ RunTime:0.0007s ]
INFO: [ view_parse ] --START--
INFO: [ template_filter ] --START--
INFO: Run Behavior\ContentReplaceBehavior [ RunTime:0.000689s ]
INFO: [ template_filter ] --END-- [ RunTime:0.000786s ]
INFO: Run Behavior\ParseTemplateBehavior [ RunTime:0.045268s ]
INFO: [ view_parse ] --END-- [ RunTime:0.045395s ]
INFO: [ view_filter ] --START--
INFO: Run Behavior\WriteHtmlCacheBehavior [ RunTime:0.000746s ]
INFO: [ view_filter ] --END-- [ RunTime:0.000871s ]
INFO: [ app_end ] --START--
INFO: Run Behavior\ShowPageTraceBehavior [ RunTime:0.005382s ]
INFO: [ app_end ] --END-- [ RunTime:0.005505s ]

[ 2015-04-19T20:41:41+08:00 ] 127.0.0.1 /index.php/Admin/Admin/lists.html
INFO: [ app_init ] --START--
INFO: Run Behavior\BuildLiteBehavior [ RunTime:0.000045s ]
INFO: [ app_init ] --END-- [ RunTime:0.000233s ]
INFO: [ app_begin ] --START--
INFO: Run Behavior\ReadHtmlCacheBehavior [ RunTime:0.003010s ]
INFO: [ app_begin ] --END-- [ RunTime:0.003234s ]
INFO: [ action_begin ] --START--
INFO: Run Admin\Behavior\CheckPermissionBehavior [ RunTime:0.001674s ]
INFO: [ action_begin ] --END-- [ RunTime:0.001795s ]
NOTIC: [2048] Declaration of Admin\Model\BaseModel::page() should be compatible with Think\Model::page($page, $listRows = NULL) F:\phpEnve\Apache\htdocs\lobster\Application\Admin\Model\BaseModel.class.php 第 16 行.
SQL: SHOW COLUMNS FROM `goods` [ RunTime:0.0398s ]
SQL: SELECT COUNT(*) AS tp_count FROM `goods` LIMIT 1   [ RunTime:0.0005s ]
SQL: SELECT * FROM `goods` LIMIT 0,10   [ RunTime:0.0006s ]
INFO: [ view_parse ] --START--
INFO: [ template_filter ] --START--
INFO: Run Behavior\ContentReplaceBehavior [ RunTime:0.000199s ]
INFO: [ template_filter ] --END-- [ RunTime:0.000295s ]
INFO: Run Behavior\ParseTemplateBehavior [ RunTime:0.021441s ]
INFO: [ view_parse ] --END-- [ RunTime:0.021578s ]
INFO: [ view_filter ] --START--
INFO: Run Behavior\WriteHtmlCacheBehavior [ RunTime:0.001288s ]
INFO: [ view_filter ] --END-- [ RunTime:0.001379s ]
INFO: [ app_end ] --START--
INFO: Run Behavior\ShowPageTraceBehavior [ RunTime:0.006081s ]
INFO: [ app_end ] --END-- [ RunTime:0.006205s ]

[ 2015-04-19T20:41:43+08:00 ] 127.0.0.1 /index.php/Admin/Admin/orders.html
INFO: [ app_init ] --START--
INFO: Run Behavior\BuildLiteBehavior [ RunTime:0.000054s ]
INFO: [ app_init ] --END-- [ RunTime:0.000334s ]
INFO: [ app_begin ] --START--
INFO: Run Behavior\ReadHtmlCacheBehavior [ RunTime:0.003391s ]
INFO: [ app_begin ] --END-- [ RunTime:0.003620s ]
INFO: [ action_begin ] --START--
INFO: Run Admin\Behavior\CheckPermissionBehavior [ RunTime:0.003435s ]
INFO: [ action_begin ] --END-- [ RunTime:0.003659s ]
NOTIC: [2048] Declaration of Admin\Model\BaseModel::page() should be compatible with Think\Model::page($page, $listRows = NULL) F:\phpEnve\Apache\htdocs\lobster\Application\Admin\Model\BaseModel.class.php 第 16 行.
SQL: SHOW COLUMNS FROM `orders` [ RunTime:0.0737s ]
SQL: SELECT COUNT(*) AS tp_count FROM `orders` LIMIT 1   [ RunTime:0.0005s ]
SQL: SELECT * FROM `orders` LIMIT 0,10   [ RunTime:0.0006s ]
NOTIC: [8] Undefined variable: rows F:\phpEnve\Apache\htdocs\lobster\Application\Admin\Model\OrdersModel.class.php 第 19 行.
NOTIC: [2] Invalid argument supplied for foreach() F:\phpEnve\Apache\htdocs\lobster\Application\Admin\Model\OrdersModel.class.php 第 19 行.
INFO: [ view_parse ] --START--
INFO: [ template_filter ] --START--
INFO: Run Behavior\ContentReplaceBehavior [ RunTime:0.000134s ]
INFO: [ template_filter ] --END-- [ RunTime:0.000249s ]
INFO: Run Behavior\ParseTemplateBehavior [ RunTime:0.021437s ]
INFO: [ view_parse ] --END-- [ RunTime:0.021601s ]
INFO: [ view_filter ] --START--
INFO: Run Behavior\WriteHtmlCacheBehavior [ RunTime:0.001143s ]
INFO: [ view_filter ] --END-- [ RunTime:0.001241s ]
INFO: [ app_end ] --START--
INFO: Run Behavior\ShowPageTraceBehavior [ RunTime:0.002041s ]
INFO: [ app_end ] --END-- [ RunTime:0.002144s ]

[ 2015-04-19T20:41:48+08:00 ] 127.0.0.1 /index.php/Admin/Admin/lists.html
INFO: [ app_init ] --START--
INFO: Run Behavior\BuildLiteBehavior [ RunTime:0.000061s ]
INFO: [ app_init ] --END-- [ RunTime:0.000355s ]
INFO: [ app_begin ] --START--
INFO: Run Behavior\ReadHtmlCacheBehavior [ RunTime:0.002746s ]
INFO: [ app_begin ] --END-- [ RunTime:0.002964s ]
INFO: [ action_begin ] --START--
INFO: Run Admin\Behavior\CheckPermissionBehavior [ RunTime:0.002516s ]
INFO: [ action_begin ] --END-- [ RunTime:0.002723s ]
NOTIC: [2048] Declaration of Admin\Model\BaseModel::page() should be compatible with Think\Model::page($page, $listRows = NULL) F:\phpEnve\Apache\htdocs\lobster\Application\Admin\Model\BaseModel.class.php 第 16 行.
SQL: SHOW COLUMNS FROM `goods` [ RunTime:0.0137s ]
SQL: SELECT COUNT(*) AS tp_count FROM `goods` LIMIT 1   [ RunTime:0.0010s ]
SQL: SELECT * FROM `goods` LIMIT 0,10   [ RunTime:0.0010s ]
INFO: [ view_parse ] --START--
INFO: [ template_filter ] --START--
INFO: Run Behavior\ContentReplaceBehavior [ RunTime:0.000203s ]
INFO: [ template_filter ] --END-- [ RunTime:0.000300s ]
INFO: Run Behavior\ParseTemplateBehavior [ RunTime:0.029635s ]
INFO: [ view_parse ] --END-- [ RunTime:0.029826s ]
INFO: [ view_filter ] --START--
INFO: Run Behavior\WriteHtmlCacheBehavior [ RunTime:0.000959s ]
INFO: [ view_filter ] --END-- [ RunTime:0.001040s ]
INFO: [ app_end ] --START--
INFO: Run Behavior\ShowPageTraceBehavior [ RunTime:0.003983s ]
INFO: [ app_end ] --END-- [ RunTime:0.004126s ]

[ 2015-04-19T20:41:50+08:00 ] 127.0.0.1 /index.php/Admin/Admin/orders.html
INFO: [ app_init ] --START--
INFO: Run Behavior\BuildLiteBehavior [ RunTime:0.000045s ]
INFO: [ app_init ] --END-- [ RunTime:0.000227s ]
INFO: [ app_begin ] --START--
INFO: Run Behavior\ReadHtmlCacheBehavior [ RunTime:0.002434s ]
INFO: [ app_begin ] --END-- [ RunTime:0.002634s ]
INFO: [ action_begin ] --START--
INFO: Run Admin\Behavior\CheckPermissionBehavior [ RunTime:0.002465s ]
INFO: [ action_begin ] --END-- [ RunTime:0.002671s ]
NOTIC: [2048] Declaration of Admin\Model\BaseModel::page() should be compatible with Think\Model::page($page, $listRows = NULL) F:\phpEnve\Apache\htdocs\lobster\Application\Admin\Model\BaseModel.class.php 第 16 行.
SQL: SHOW COLUMNS FROM `orders` [ RunTime:0.0086s ]
SQL: SELECT COUNT(*) AS tp_count FROM `orders` LIMIT 1   [ RunTime:0.0005s ]
SQL: SELECT * FROM `orders` LIMIT 0,10   [ RunTime:0.0006s ]
NOTIC: [8] Undefined variable: rows F:\phpEnve\Apache\htdocs\lobster\Application\Admin\Model\OrdersModel.class.php 第 19 行.
NOTIC: [2] Invalid argument supplied for foreach() F:\phpEnve\Apache\htdocs\lobster\Application\Admin\Model\OrdersModel.class.php 第 19 行.
INFO: [ view_parse ] --START--
INFO: [ template_filter ] --START--
INFO: Run Behavior\ContentReplaceBehavior [ RunTime:0.000118s ]
INFO: [ template_filter ] --END-- [ RunTime:0.000223s ]
INFO: Run Behavior\ParseTemplateBehavior [ RunTime:0.020855s ]
INFO: [ view_parse ] --END-- [ RunTime:0.020989s ]
INFO: [ view_filter ] --START--
INFO: Run Behavior\WriteHtmlCacheBehavior [ RunTime:0.001050s ]
INFO: [ view_filter ] --END-- [ RunTime:0.001133s ]
INFO: [ app_end ] --START--
INFO: Run Behavior\ShowPageTraceBehavior [ RunTime:0.001451s ]
INFO: [ app_end ] --END-- [ RunTime:0.001536s ]

[ 2015-04-19T21:29:58+08:00 ] 127.0.0.1 /index.php/Admin/Admin/orders.html
INFO: [ app_init ] --START--
INFO: Run Behavior\BuildLiteBehavior [ RunTime:0.000057s ]
INFO: [ app_init ] --END-- [ RunTime:0.043992s ]
INFO: [ app_begin ] --START--
INFO: Run Behavior\ReadHtmlCacheBehavior [ RunTime:0.020082s ]
INFO: [ app_begin ] --END-- [ RunTime:0.020313s ]
INFO: [ action_begin ] --START--

[ 2015-04-19T21:30:36+08:00 ] 127.0.0.1 /index.php/Admin/Admin/index.html
INFO: [ app_init ] --START--
INFO: Run Behavior\BuildLiteBehavior [ RunTime:0.000044s ]
INFO: [ app_init ] --END-- [ RunTime:0.000222s ]
INFO: [ app_begin ] --START--
INFO: Run Behavior\ReadHtmlCacheBehavior [ RunTime:0.002578s ]
INFO: [ app_begin ] --END-- [ RunTime:0.002773s ]
INFO: [ action_begin ] --START--
INFO: Run Admin\Behavior\CheckPermissionBehavior [ RunTime:0.002530s ]
INFO: [ action_begin ] --END-- [ RunTime:0.002745s ]
NOTIC: [2048] Declaration of Admin\Model\BaseModel::page() should be compatible with Think\Model::page($page, $listRows = NULL) F:\phpEnve\Apache\htdocs\lobster\Application\Admin\Model\BaseModel.class.php 第 16 行.
SQL: SHOW COLUMNS FROM `user` [ RunTime:0.0176s ]
SQL: SELECT COUNT(*) AS tp_count FROM `user` WHERE `status` >= 0 LIMIT 1   [ RunTime:0.1419s ]
SQL: SELECT * FROM `user` WHERE `status` >= 0 LIMIT 0,10   [ RunTime:0.0014s ]
INFO: [ view_parse ] --START--
INFO: [ template_filter ] --START--
INFO: Run Behavior\ContentReplaceBehavior [ RunTime:0.000363s ]
INFO: [ template_filter ] --END-- [ RunTime:0.000553s ]
INFO: Run Behavior\ParseTemplateBehavior [ RunTime:0.223878s ]
INFO: [ view_parse ] --END-- [ RunTime:0.224125s ]
INFO: [ view_filter ] --START--
INFO: Run Behavior\WriteHtmlCacheBehavior [ RunTime:0.001872s ]
INFO: [ view_filter ] --END-- [ RunTime:0.002719s ]
INFO: [ app_end ] --START--
INFO: Run Behavior\ShowPageTraceBehavior [ RunTime:0.003345s ]
INFO: [ app_end ] --END-- [ RunTime:0.003760s ]

[ 2015-04-19T21:30:39+08:00 ] 127.0.0.1 /index.php/Admin/Admin/orders.html
INFO: [ app_init ] --START--
INFO: Run Behavior\BuildLiteBehavior [ RunTime:0.000045s ]
INFO: [ app_init ] --END-- [ RunTime:0.000224s ]
INFO: [ app_begin ] --START--
INFO: Run Behavior\ReadHtmlCacheBehavior [ RunTime:0.002468s ]
INFO: [ app_begin ] --END-- [ RunTime:0.002680s ]
INFO: [ action_begin ] --START--
INFO: Run Admin\Behavior\CheckPermissionBehavior [ RunTime:0.002806s ]
INFO: [ action_begin ] --END-- [ RunTime:0.003040s ]
NOTIC: [2048] Declaration of Admin\Model\BaseModel::page() should be compatible with Think\Model::page($page, $listRows = NULL) F:\phpEnve\Apache\htdocs\lobster\Application\Admin\Model\BaseModel.class.php 第 16 行.
SQL: SHOW COLUMNS FROM `orders` [ RunTime:0.0117s ]
SQL: SELECT COUNT(*) AS tp_count FROM `orders` LIMIT 1   [ RunTime:0.0007s ]
SQL: SELECT * FROM `orders` LIMIT 0,10   [ RunTime:0.0096s ]
NOTIC: [8] Undefined variable: rows F:\phpEnve\Apache\htdocs\lobster\Application\Admin\Model\OrdersModel.class.php 第 19 行.
NOTIC: [2] Invalid argument supplied for foreach() F:\phpEnve\Apache\htdocs\lobster\Application\Admin\Model\OrdersModel.class.php 第 19 行.

[ 2015-04-19T21:32:42+08:00 ] 127.0.0.1 /index.php/Admin/Admin/orders.html
INFO: [ app_init ] --START--
INFO: Run Behavior\BuildLiteBehavior [ RunTime:0.000046s ]
INFO: [ app_init ] --END-- [ RunTime:0.000235s ]
INFO: [ app_begin ] --START--
INFO: Run Behavior\ReadHtmlCacheBehavior [ RunTime:0.003039s ]
INFO: [ app_begin ] --END-- [ RunTime:0.003272s ]
INFO: [ action_begin ] --START--
INFO: Run Admin\Behavior\CheckPermissionBehavior [ RunTime:0.004493s ]
INFO: [ action_begin ] --END-- [ RunTime:0.004746s ]
NOTIC: [2048] Declaration of Admin\Model\BaseModel::page() should be compatible with Think\Model::page($page, $listRows = NULL) F:\phpEnve\Apache\htdocs\lobster\Application\Admin\Model\BaseModel.class.php 第 16 行.
SQL: SHOW COLUMNS FROM `orders` [ RunTime:0.0113s ]
SQL: SELECT COUNT(*) AS tp_count FROM `orders` LIMIT 1   [ RunTime:0.0007s ]
SQL: SELECT * FROM `orders` LIMIT 0,10   [ RunTime:0.0007s ]
NOTIC: [8] Undefined variable: rows F:\phpEnve\Apache\htdocs\lobster\Application\Admin\Model\OrdersModel.class.php 第 19 行.
NOTIC: [2] Invalid argument supplied for foreach() F:\phpEnve\Apache\htdocs\lobster\Application\Admin\Model\OrdersModel.class.php 第 19 行.

[ 2015-04-19T21:35:11+08:00 ] 127.0.0.1 /index.php/Admin/Admin/orders.html
INFO: [ app_init ] --START--
INFO: Run Behavior\BuildLiteBehavior [ RunTime:0.000045s ]
INFO: [ app_init ] --END-- [ RunTime:0.000231s ]
INFO: [ app_begin ] --START--
INFO: Run Behavior\ReadHtmlCacheBehavior [ RunTime:0.002874s ]
INFO: [ app_begin ] --END-- [ RunTime:0.003078s ]
INFO: [ action_begin ] --START--
INFO: Run Admin\Behavior\CheckPermissionBehavior [ RunTime:0.003756s ]
INFO: [ action_begin ] --END-- [ RunTime:0.003995s ]
NOTIC: [2048] Declaration of Admin\Model\BaseModel::page() should be compatible with Think\Model::page($page, $listRows = NULL) F:\phpEnve\Apache\htdocs\lobster\Application\Admin\Model\BaseModel.class.php 第 16 行.
SQL: SHOW COLUMNS FROM `orders` [ RunTime:0.0098s ]
SQL: SELECT COUNT(*) AS tp_count FROM `orders` LIMIT 1   [ RunTime:0.0012s ]
SQL: SELECT * FROM `orders` LIMIT 0,10   [ RunTime:0.0007s ]
NOTIC: [8] Undefined variable: rows F:\phpEnve\Apache\htdocs\lobster\Application\Admin\Model\OrdersModel.class.php 第 19 行.
NOTIC: [2] Invalid argument supplied for foreach() F:\phpEnve\Apache\htdocs\lobster\Application\Admin\Model\OrdersModel.class.php 第 19 行.
NOTIC: [8] Undefined variable: rows F:\phpEnve\Apache\htdocs\lobster\Application\Admin\Model\OrdersModel.class.php 第 26 行.

[ 2015-04-19T21:36:14+08:00 ] 127.0.0.1 /index.php/Admin/Admin/orders.html
INFO: [ app_init ] --START--
INFO: Run Behavior\BuildLiteBehavior [ RunTime:0.000051s ]
INFO: [ app_init ] --END-- [ RunTime:0.000259s ]
INFO: [ app_begin ] --START--
INFO: Run Behavior\ReadHtmlCacheBehavior [ RunTime:0.003197s ]
INFO: [ app_begin ] --END-- [ RunTime:0.003569s ]
INFO: [ action_begin ] --START--
INFO: Run Admin\Behavior\CheckPermissionBehavior [ RunTime:0.003962s ]
INFO: [ action_begin ] --END-- [ RunTime:0.004198s ]
NOTIC: [2048] Declaration of Admin\Model\BaseModel::page() should be compatible with Think\Model::page($page, $listRows = NULL) F:\phpEnve\Apache\htdocs\lobster\Application\Admin\Model\BaseModel.class.php 第 16 行.
SQL: SHOW COLUMNS FROM `orders` [ RunTime:0.0153s ]
SQL: SELECT COUNT(*) AS tp_count FROM `orders` LIMIT 1   [ RunTime:0.0006s ]
SQL: SELECT * FROM `orders` LIMIT 0,10   [ RunTime:0.0007s ]
NOTIC: [8] Undefined variable: rows F:\phpEnve\Apache\htdocs\lobster\Application\Admin\Model\OrdersModel.class.php 第 19 行.
NOTIC: [2] Invalid argument supplied for foreach() F:\phpEnve\Apache\htdocs\lobster\Application\Admin\Model\OrdersModel.class.php 第 19 行.

[ 2015-04-19T21:38:06+08:00 ] 127.0.0.1 /index.php/Admin/Admin/orders.html
INFO: [ app_init ] --START--
INFO: Run Behavior\BuildLiteBehavior [ RunTime:0.000045s ]
INFO: [ app_init ] --END-- [ RunTime:0.000233s ]
INFO: [ app_begin ] --START--
INFO: Run Behavior\ReadHtmlCacheBehavior [ RunTime:0.002866s ]
INFO: [ app_begin ] --END-- [ RunTime:0.003077s ]
INFO: [ action_begin ] --START--
INFO: Run Admin\Behavior\CheckPermissionBehavior [ RunTime:0.003356s ]
INFO: [ action_begin ] --END-- [ RunTime:0.003565s ]
NOTIC: [2048] Declaration of Admin\Model\BaseModel::page() should be compatible with Think\Model::page($page, $listRows = NULL) F:\phpEnve\Apache\htdocs\lobster\Application\Admin\Model\BaseModel.class.php 第 16 行.
SQL: SHOW COLUMNS FROM `orders` [ RunTime:0.0096s ]
SQL: SELECT COUNT(*) AS tp_count FROM `orders` LIMIT 1   [ RunTime:0.0006s ]
SQL: SELECT * FROM `orders` LIMIT 0,10   [ RunTime:0.0006s ]
NOTIC: [8] Undefined variable: rows F:\phpEnve\Apache\htdocs\lobster\Application\Admin\Model\OrdersModel.class.php 第 19 行.
NOTIC: [2] Invalid argument supplied for foreach() F:\phpEnve\Apache\htdocs\lobster\Application\Admin\Model\OrdersModel.class.php 第 19 行.

[ 2015-04-19T21:40:50+08:00 ] 127.0.0.1 /index.php/Admin/Admin/orders.html
INFO: [ app_init ] --START--
INFO: Run Behavior\BuildLiteBehavior [ RunTime:0.000044s ]
INFO: [ app_init ] --END-- [ RunTime:0.000229s ]
INFO: [ app_begin ] --START--
INFO: Run Behavior\ReadHtmlCacheBehavior [ RunTime:0.002973s ]
INFO: [ app_begin ] --END-- [ RunTime:0.003197s ]
INFO: [ action_begin ] --START--
INFO: Run Admin\Behavior\CheckPermissionBehavior [ RunTime:0.003339s ]
INFO: [ action_begin ] --END-- [ RunTime:0.003551s ]
NOTIC: [2048] Declaration of Admin\Model\BaseModel::page() should be compatible with Think\Model::page($page, $listRows = NULL) F:\phpEnve\Apache\htdocs\lobster\Application\Admin\Model\BaseModel.class.php 第 16 行.
SQL: SHOW COLUMNS FROM `orders` [ RunTime:0.0345s ]
SQL: SELECT COUNT(*) AS tp_count FROM `orders` LIMIT 1   [ RunTime:0.0017s ]
SQL: SELECT * FROM `orders` LIMIT 0,10   [ RunTime:0.0014s ]
SQL: select g.name as goods_name from goods as g join orders as o on g.id=o.goods_id [ RunTime:0.0011s ]
NOTIC: [8] Undefined index: goods_name F:\phpEnve\Apache\htdocs\lobster\Application\Admin\Model\OrdersModel.class.php 第 23 行.
SQL: select g.name as goods_name from goods as g join orders as o on g.id=o.goods_id [ RunTime:0.0009s ]
NOTIC: [8] Undefined index: goods_name F:\phpEnve\Apache\htdocs\lobster\Application\Admin\Model\OrdersModel.class.php 第 23 行.

[ 2015-04-19T21:41:48+08:00 ] 127.0.0.1 /index.php/Admin/Admin/orders.html
INFO: [ app_init ] --START--
INFO: Run Behavior\BuildLiteBehavior [ RunTime:0.000044s ]
INFO: [ app_init ] --END-- [ RunTime:0.000230s ]
INFO: [ app_begin ] --START--
INFO: Run Behavior\ReadHtmlCacheBehavior [ RunTime:0.002630s ]
INFO: [ app_begin ] --END-- [ RunTime:0.003012s ]
INFO: [ action_begin ] --START--
INFO: Run Admin\Behavior\CheckPermissionBehavior [ RunTime:0.002744s ]
INFO: [ action_begin ] --END-- [ RunTime:0.002963s ]
NOTIC: [2048] Declaration of Admin\Model\BaseModel::page() should be compatible with Think\Model::page($page, $listRows = NULL) F:\phpEnve\Apache\htdocs\lobster\Application\Admin\Model\BaseModel.class.php 第 16 行.
SQL: SHOW COLUMNS FROM `orders` [ RunTime:0.0152s ]
SQL: SELECT COUNT(*) AS tp_count FROM `orders` LIMIT 1   [ RunTime:0.0006s ]
SQL: SELECT * FROM `orders` LIMIT 0,10   [ RunTime:0.0008s ]
SQL: select g.name as goods_name from goods as g join orders as o on g.id=o.goods_id [ RunTime:0.0007s ]
NOTIC: [8] Undefined index: goods_name F:\phpEnve\Apache\htdocs\lobster\Application\Admin\Model\OrdersModel.class.php 第 23 行.
SQL: select g.name as goods_name from goods as g join orders as o on g.id=o.goods_id [ RunTime:0.0005s ]
NOTIC: [8] Undefined index: goods_name F:\phpEnve\Apache\htdocs\lobster\Application\Admin\Model\OrdersModel.class.php 第 23 行.

[ 2015-04-19T21:44:23+08:00 ] 127.0.0.1 /index.php/Admin/Admin/orders.html
INFO: [ app_init ] --START--
INFO: Run Behavior\BuildLiteBehavior [ RunTime:0.000045s ]
INFO: [ app_init ] --END-- [ RunTime:0.000230s ]
INFO: [ app_begin ] --START--
INFO: Run Behavior\ReadHtmlCacheBehavior [ RunTime:0.002870s ]
INFO: [ app_begin ] --END-- [ RunTime:0.003082s ]
INFO: [ action_begin ] --START--
INFO: Run Admin\Behavior\CheckPermissionBehavior [ RunTime:0.003881s ]
INFO: [ action_begin ] --END-- [ RunTime:0.004109s ]
NOTIC: [2048] Declaration of Admin\Model\BaseModel::page() should be compatible with Think\Model::page($page, $listRows = NULL) F:\phpEnve\Apache\htdocs\lobster\Application\Admin\Model\BaseModel.class.php 第 16 行.
SQL: SHOW COLUMNS FROM `orders` [ RunTime:0.0104s ]
SQL: SELECT COUNT(*) AS tp_count FROM `orders` LIMIT 1   [ RunTime:0.0008s ]
SQL: SELECT * FROM `orders` LIMIT 0,10   [ RunTime:0.0006s ]
SQL: select g.name as goods_name from goods as g join orders as o on g.id=o.goods_id [ RunTime:0.0005s ]

[ 2015-04-19T21:46:17+08:00 ] 127.0.0.1 /index.php/Admin/Admin/orders.html
INFO: [ app_init ] --START--
INFO: Run Behavior\BuildLiteBehavior [ RunTime:0.000045s ]
INFO: [ app_init ] --END-- [ RunTime:0.000228s ]
INFO: [ app_begin ] --START--
INFO: Run Behavior\ReadHtmlCacheBehavior [ RunTime:0.002774s ]
INFO: [ app_begin ] --END-- [ RunTime:0.002997s ]
INFO: [ action_begin ] --START--
INFO: Run Admin\Behavior\CheckPermissionBehavior [ RunTime:0.002948s ]
INFO: [ action_begin ] --END-- [ RunTime:0.003191s ]
NOTIC: [2048] Declaration of Admin\Model\BaseModel::page() should be compatible with Think\Model::page($page, $listRows = NULL) F:\phpEnve\Apache\htdocs\lobster\Application\Admin\Model\BaseModel.class.php 第 16 行.
SQL: SHOW COLUMNS FROM `orders` [ RunTime:0.0168s ]
SQL: SELECT COUNT(*) AS tp_count FROM `orders` LIMIT 1   [ RunTime:0.0009s ]
SQL: SELECT * FROM `orders` LIMIT 0,10   [ RunTime:0.0010s ]
SQL: select g.name as goods_name from goods as g join orders as o on o.goods_id=1 [ RunTime:0.0009s ]

[ 2015-04-19T21:48:14+08:00 ] 127.0.0.1 /index.php/Admin/Admin/orders.html
INFO: [ app_init ] --START--
INFO: Run Behavior\BuildLiteBehavior [ RunTime:0.000046s ]
INFO: [ app_init ] --END-- [ RunTime:0.000234s ]
INFO: [ app_begin ] --START--
INFO: Run Behavior\ReadHtmlCacheBehavior [ RunTime:0.002856s ]
INFO: [ app_begin ] --END-- [ RunTime:0.003070s ]
INFO: [ action_begin ] --START--
INFO: Run Admin\Behavior\CheckPermissionBehavior [ RunTime:0.003630s ]
INFO: [ action_begin ] --END-- [ RunTime:0.003965s ]
NOTIC: [2048] Declaration of Admin\Model\BaseModel::page() should be compatible with Think\Model::page($page, $listRows = NULL) F:\phpEnve\Apache\htdocs\lobster\Application\Admin\Model\BaseModel.class.php 第 16 行.
SQL: SHOW COLUMNS FROM `orders` [ RunTime:0.0135s ]
SQL: SELECT COUNT(*) AS tp_count FROM `orders` LIMIT 1   [ RunTime:0.0006s ]
SQL: SELECT * FROM `orders` LIMIT 0,10   [ RunTime:0.0006s ]
SQL: select g.name as goods_name from goods as g join orders as o on o.goods_id=1 [ RunTime:0.0005s ]

[ 2015-04-19T21:55:35+08:00 ] 127.0.0.1 /index.php/Admin/Admin/orders.html
INFO: [ app_init ] --START--
INFO: Run Behavior\BuildLiteBehavior [ RunTime:0.000046s ]
INFO: [ app_init ] --END-- [ RunTime:0.000235s ]
INFO: [ app_begin ] --START--
INFO: Run Behavior\ReadHtmlCacheBehavior [ RunTime:0.002859s ]
INFO: [ app_begin ] --END-- [ RunTime:0.003066s ]
INFO: [ action_begin ] --START--
INFO: Run Admin\Behavior\CheckPermissionBehavior [ RunTime:0.003320s ]
INFO: [ action_begin ] --END-- [ RunTime:0.003528s ]
NOTIC: [2048] Declaration of Admin\Model\BaseModel::page() should be compatible with Think\Model::page($page, $listRows = NULL) F:\phpEnve\Apache\htdocs\lobster\Application\Admin\Model\BaseModel.class.php 第 16 行.
SQL: SHOW COLUMNS FROM `orders` [ RunTime:0.0201s ]
SQL: SELECT COUNT(*) AS tp_count FROM `orders` LIMIT 1   [ RunTime:0.0013s ]
SQL: SELECT * FROM `orders` LIMIT 0,10   [ RunTime:0.0006s ]

[ 2015-04-19T22:00:33+08:00 ] 127.0.0.1 /index.php/Admin/Admin/orders.html
INFO: [ app_init ] --START--
INFO: Run Behavior\BuildLiteBehavior [ RunTime:0.000044s ]
INFO: [ app_init ] --END-- [ RunTime:0.000230s ]
INFO: [ app_begin ] --START--
INFO: Run Behavior\ReadHtmlCacheBehavior [ RunTime:0.002882s ]
INFO: [ app_begin ] --END-- [ RunTime:0.003089s ]
INFO: [ action_begin ] --START--
INFO: Run Admin\Behavior\CheckPermissionBehavior [ RunTime:0.003363s ]
INFO: [ action_begin ] --END-- [ RunTime:0.003572s ]

[ 2015-04-19T22:02:15+08:00 ] 127.0.0.1 /index.php/Admin/Admin/orders.html
INFO: [ app_init ] --START--
INFO: Run Behavior\BuildLiteBehavior [ RunTime:0.000046s ]
INFO: [ app_init ] --END-- [ RunTime:0.000229s ]
INFO: [ app_begin ] --START--
INFO: Run Behavior\ReadHtmlCacheBehavior [ RunTime:0.002426s ]
INFO: [ app_begin ] --END-- [ RunTime:0.002623s ]
INFO: [ action_begin ] --START--
INFO: Run Admin\Behavior\CheckPermissionBehavior [ RunTime:0.003585s ]
INFO: [ action_begin ] --END-- [ RunTime:0.003820s ]
NOTIC: [2048] Declaration of Admin\Model\BaseModel::page() should be compatible with Think\Model::page($page, $listRows = NULL) F:\phpEnve\Apache\htdocs\lobster\Application\Admin\Model\BaseModel.class.php 第 16 行.
SQL: SHOW COLUMNS FROM `orders` [ RunTime:0.0107s ]
SQL: SELECT COUNT(*) AS tp_count FROM `orders` LIMIT 1   [ RunTime:0.0006s ]
SQL: SELECT * FROM `orders` LIMIT 0,10   [ RunTime:0.0006s ]
SQL: select * from goods where id=1 [ RunTime:0.0005s ]
NOTIC: [8] Undefined index: goods_name F:\phpEnve\Apache\htdocs\lobster\Application\Admin\Model\OrdersModel.class.php 第 24 行.
SQL: select * from goods where id=5 [ RunTime:0.0005s ]
NOTIC: [8] Undefined index: goods_name F:\phpEnve\Apache\htdocs\lobster\Application\Admin\Model\OrdersModel.class.php 第 24 行.

[ 2015-04-19T22:04:02+08:00 ] 127.0.0.1 /index.php/Admin/Admin/orders.html
INFO: [ app_init ] --START--
INFO: Run Behavior\BuildLiteBehavior [ RunTime:0.000046s ]
INFO: [ app_init ] --END-- [ RunTime:0.000238s ]
INFO: [ app_begin ] --START--
INFO: Run Behavior\ReadHtmlCacheBehavior [ RunTime:0.003139s ]
INFO: [ app_begin ] --END-- [ RunTime:0.003565s ]
INFO: [ action_begin ] --START--
INFO: Run Admin\Behavior\CheckPermissionBehavior [ RunTime:0.005004s ]
INFO: [ action_begin ] --END-- [ RunTime:0.005219s ]
NOTIC: [2048] Declaration of Admin\Model\BaseModel::page() should be compatible with Think\Model::page($page, $listRows = NULL) F:\phpEnve\Apache\htdocs\lobster\Application\Admin\Model\BaseModel.class.php 第 16 行.
SQL: SHOW COLUMNS FROM `orders` [ RunTime:0.0097s ]
SQL: SELECT COUNT(*) AS tp_count FROM `orders` LIMIT 1   [ RunTime:0.0005s ]
SQL: SELECT * FROM `orders` LIMIT 0,10   [ RunTime:0.0005s ]
SQL: select * from goods where id=1 [ RunTime:0.0007s ]
NOTIC: [8] Undefined index: goods_name F:\phpEnve\Apache\htdocs\lobster\Application\Admin\Model\OrdersModel.class.php 第 23 行.
SQL: select * from goods where id=5 [ RunTime:0.0006s ]
NOTIC: [8] Undefined index: goods_name F:\phpEnve\Apache\htdocs\lobster\Application\Admin\Model\OrdersModel.class.php 第 23 行.

[ 2015-04-19T22:04:04+08:00 ] 127.0.0.1 /index.php/Admin/Admin/orders.html
INFO: [ app_init ] --START--
INFO: Run Behavior\BuildLiteBehavior [ RunTime:0.000024s ]
INFO: [ app_init ] --END-- [ RunTime:0.000119s ]
INFO: [ app_begin ] --START--
INFO: Run Behavior\ReadHtmlCacheBehavior [ RunTime:0.001152s ]
INFO: [ app_begin ] --END-- [ RunTime:0.001256s ]
INFO: [ action_begin ] --START--
INFO: Run Admin\Behavior\CheckPermissionBehavior [ RunTime:0.001236s ]
INFO: [ action_begin ] --END-- [ RunTime:0.001351s ]
NOTIC: [2048] Declaration of Admin\Model\BaseModel::page() should be compatible with Think\Model::page($page, $listRows = NULL) F:\phpEnve\Apache\htdocs\lobster\Application\Admin\Model\BaseModel.class.php 第 16 行.
SQL: SHOW COLUMNS FROM `orders` [ RunTime:0.0097s ]
SQL: SELECT COUNT(*) AS tp_count FROM `orders` LIMIT 1   [ RunTime:0.0006s ]
SQL: SELECT * FROM `orders` LIMIT 0,10   [ RunTime:0.0006s ]
SQL: select * from goods where id=1 [ RunTime:0.0005s ]
NOTIC: [8] Undefined index: goods_name F:\phpEnve\Apache\htdocs\lobster\Application\Admin\Model\OrdersModel.class.php 第 23 行.
SQL: select * from goods where id=5 [ RunTime:0.0004s ]
NOTIC: [8] Undefined index: goods_name F:\phpEnve\Apache\htdocs\lobster\Application\Admin\Model\OrdersModel.class.php 第 23 行.

[ 2015-04-19T22:04:34+08:00 ] 127.0.0.1 /index.php/Admin/Admin/orders.html
INFO: [ app_init ] --START--
INFO: Run Behavior\BuildLiteBehavior [ RunTime:0.000051s ]
INFO: [ app_init ] --END-- [ RunTime:0.000291s ]
INFO: [ app_begin ] --START--
INFO: Run Behavior\ReadHtmlCacheBehavior [ RunTime:0.002885s ]
INFO: [ app_begin ] --END-- [ RunTime:0.003104s ]
INFO: [ action_begin ] --START--
INFO: Run Admin\Behavior\CheckPermissionBehavior [ RunTime:0.002973s ]
INFO: [ action_begin ] --END-- [ RunTime:0.003196s ]
NOTIC: [2048] Declaration of Admin\Model\BaseModel::page() should be compatible with Think\Model::page($page, $listRows = NULL) F:\phpEnve\Apache\htdocs\lobster\Application\Admin\Model\BaseModel.class.php 第 16 行.
SQL: SHOW COLUMNS FROM `orders` [ RunTime:0.0211s ]
SQL: SELECT COUNT(*) AS tp_count FROM `orders` LIMIT 1   [ RunTime:0.0021s ]
SQL: SELECT * FROM `orders` LIMIT 0,10   [ RunTime:0.0011s ]
SQL: select * from goods where id=1 [ RunTime:0.0011s ]
NOTIC: [8] Undefined index: goods_name F:\phpEnve\Apache\htdocs\lobster\Application\Admin\Model\OrdersModel.class.php 第 23 行.
SQL: select * from goods where id=5 [ RunTime:0.0010s ]
NOTIC: [8] Undefined index: goods_name F:\phpEnve\Apache\htdocs\lobster\Application\Admin\Model\OrdersModel.class.php 第 23 行.

[ 2015-04-19T22:05:24+08:00 ] 127.0.0.1 /index.php/Admin/Admin/orders.html
INFO: [ app_init ] --START--
INFO: Run Behavior\BuildLiteBehavior [ RunTime:0.000046s ]
INFO: [ app_init ] --END-- [ RunTime:0.000227s ]
INFO: [ app_begin ] --START--
INFO: Run Behavior\ReadHtmlCacheBehavior [ RunTime:0.002420s ]
INFO: [ app_begin ] --END-- [ RunTime:0.002619s ]
INFO: [ action_begin ] --START--
INFO: Run Admin\Behavior\CheckPermissionBehavior [ RunTime:0.002783s ]
INFO: [ action_begin ] --END-- [ RunTime:0.003009s ]
NOTIC: [2048] Declaration of Admin\Model\BaseModel::page() should be compatible with Think\Model::page($page, $listRows = NULL) F:\phpEnve\Apache\htdocs\lobster\Application\Admin\Model\BaseModel.class.php 第 16 行.
NOTIC: [2048] Declaration of Admin\Model\OrdersModel::_goodsName() should be compatible with Admin\Model\BaseModel::_goodsName() F:\phpEnve\Apache\htdocs\lobster\Application\Admin\Model\OrdersModel.class.php 第 16 行.
SQL: SHOW COLUMNS FROM `orders` [ RunTime:0.0218s ]
SQL: SELECT COUNT(*) AS tp_count FROM `orders` LIMIT 1   [ RunTime:0.0013s ]
SQL: SELECT * FROM `orders` LIMIT 0,10   [ RunTime:0.0011s ]
SQL: select * from goods where id=1 [ RunTime:0.0010s ]
NOTIC: [8] Undefined index: goods_name F:\phpEnve\Apache\htdocs\lobster\Application\Admin\Model\OrdersModel.class.php 第 23 行.
SQL: select * from goods where id=5 [ RunTime:0.0010s ]
NOTIC: [8] Undefined index: goods_name F:\phpEnve\Apache\htdocs\lobster\Application\Admin\Model\OrdersModel.class.php 第 23 行.

[ 2015-04-19T22:06:17+08:00 ] 127.0.0.1 /index.php/Admin/Admin/orders.html
INFO: [ app_init ] --START--
INFO: Run Behavior\BuildLiteBehavior [ RunTime:0.000045s ]
INFO: [ app_init ] --END-- [ RunTime:0.000233s ]
INFO: [ app_begin ] --START--
INFO: Run Behavior\ReadHtmlCacheBehavior [ RunTime:0.003090s ]
INFO: [ app_begin ] --END-- [ RunTime:0.003324s ]
INFO: [ action_begin ] --START--
INFO: Run Admin\Behavior\CheckPermissionBehavior [ RunTime:0.004349s ]
INFO: [ action_begin ] --END-- [ RunTime:0.004572s ]
NOTIC: [2048] Declaration of Admin\Model\BaseModel::page() should be compatible with Think\Model::page($page, $listRows = NULL) F:\phpEnve\Apache\htdocs\lobster\Application\Admin\Model\BaseModel.class.php 第 16 行.
NOTIC: [2048] Declaration of Admin\Model\OrdersModel::_goodsName() should be compatible with Admin\Model\BaseModel::_goodsName() F:\phpEnve\Apache\htdocs\lobster\Application\Admin\Model\OrdersModel.class.php 第 16 行.
SQL: SHOW COLUMNS FROM `orders` [ RunTime:0.0092s ]
SQL: SELECT COUNT(*) AS tp_count FROM `orders` LIMIT 1   [ RunTime:0.0006s ]
SQL: SELECT * FROM `orders` LIMIT 0,10   [ RunTime:0.0006s ]
SQL: select * from goods where id=1 [ RunTime:0.0005s ]

[ 2015-04-19T22:06:48+08:00 ] 127.0.0.1 /index.php/Admin/Admin/orders.html
INFO: [ app_init ] --START--
INFO: Run Behavior\BuildLiteBehavior [ RunTime:0.000043s ]
INFO: [ app_init ] --END-- [ RunTime:0.000218s ]
INFO: [ app_begin ] --START--
INFO: Run Behavior\ReadHtmlCacheBehavior [ RunTime:0.002436s ]
INFO: [ app_begin ] --END-- [ RunTime:0.002636s ]
INFO: [ action_begin ] --START--
INFO: Run Admin\Behavior\CheckPermissionBehavior [ RunTime:0.002738s ]
INFO: [ action_begin ] --END-- [ RunTime:0.002958s ]
NOTIC: [2048] Declaration of Admin\Model\BaseModel::page() should be compatible with Think\Model::page($page, $listRows = NULL) F:\phpEnve\Apache\htdocs\lobster\Application\Admin\Model\BaseModel.class.php 第 16 行.
NOTIC: [2048] Declaration of Admin\Model\OrdersModel::_goodsName() should be compatible with Admin\Model\BaseModel::_goodsName() F:\phpEnve\Apache\htdocs\lobster\Application\Admin\Model\OrdersModel.class.php 第 16 行.
SQL: SHOW COLUMNS FROM `orders` [ RunTime:0.0662s ]
SQL: SELECT COUNT(*) AS tp_count FROM `orders` LIMIT 1   [ RunTime:0.0009s ]
SQL: SELECT * FROM `orders` LIMIT 0,10   [ RunTime:0.0007s ]
SQL: select * from goods where id=1 [ RunTime:0.0260s ]
NOTIC: [8] Undefined index: name F:\phpEnve\Apache\htdocs\lobster\Application\Admin\Model\OrdersModel.class.php 第 23 行.
SQL: select * from goods where id=5 [ RunTime:0.0005s ]
NOTIC: [8] Undefined index: name F:\phpEnve\Apache\htdocs\lobster\Application\Admin\Model\OrdersModel.class.php 第 23 行.

[ 2015-04-19T22:07:05+08:00 ] 127.0.0.1 /index.php/Admin/Admin/orders.html
INFO: [ app_init ] --START--
INFO: Run Behavior\BuildLiteBehavior [ RunTime:0.000067s ]
INFO: [ app_init ] --END-- [ RunTime:0.000273s ]
INFO: [ app_begin ] --START--
INFO: Run Behavior\ReadHtmlCacheBehavior [ RunTime:0.002572s ]
INFO: [ app_begin ] --END-- [ RunTime:0.002788s ]
INFO: [ action_begin ] --START--
INFO: Run Admin\Behavior\CheckPermissionBehavior [ RunTime:0.003045s ]
INFO: [ action_begin ] --END-- [ RunTime:0.003292s ]
NOTIC: [2048] Declaration of Admin\Model\BaseModel::page() should be compatible with Think\Model::page($page, $listRows = NULL) F:\phpEnve\Apache\htdocs\lobster\Application\Admin\Model\BaseModel.class.php 第 16 行.
NOTIC: [2048] Declaration of Admin\Model\OrdersModel::_goodsName() should be compatible with Admin\Model\BaseModel::_goodsName() F:\phpEnve\Apache\htdocs\lobster\Application\Admin\Model\OrdersModel.class.php 第 16 行.
SQL: SHOW COLUMNS FROM `orders` [ RunTime:0.0104s ]
SQL: SELECT COUNT(*) AS tp_count FROM `orders` LIMIT 1   [ RunTime:0.0010s ]
SQL: SELECT * FROM `orders` LIMIT 0,10   [ RunTime:0.0006s ]
SQL: select * from goods where id=1 [ RunTime:0.0005s ]
NOTIC: [8] Undefined index: name F:\phpEnve\Apache\htdocs\lobster\Application\Admin\Model\OrdersModel.class.php 第 23 行.
SQL: select * from goods where id=5 [ RunTime:0.0351s ]
NOTIC: [8] Undefined index: name F:\phpEnve\Apache\htdocs\lobster\Application\Admin\Model\OrdersModel.class.php 第 23 行.

[ 2015-04-19T22:09:59+08:00 ] 127.0.0.1 /index.php/Admin/Admin/orders.html
INFO: [ app_init ] --START--
INFO: Run Behavior\BuildLiteBehavior [ RunTime:0.000050s ]
INFO: [ app_init ] --END-- [ RunTime:0.000256s ]
INFO: [ app_begin ] --START--
INFO: Run Behavior\ReadHtmlCacheBehavior [ RunTime:0.003088s ]
INFO: [ app_begin ] --END-- [ RunTime:0.003319s ]
INFO: [ action_begin ] --START--
INFO: Run Admin\Behavior\CheckPermissionBehavior [ RunTime:0.003560s ]
INFO: [ action_begin ] --END-- [ RunTime:0.003780s ]
NOTIC: [2048] Declaration of Admin\Model\BaseModel::page() should be compatible with Think\Model::page($page, $listRows = NULL) F:\phpEnve\Apache\htdocs\lobster\Application\Admin\Model\BaseModel.class.php 第 16 行.
NOTIC: [2048] Declaration of Admin\Model\OrdersModel::_goodsName() should be compatible with Admin\Model\BaseModel::_goodsName() F:\phpEnve\Apache\htdocs\lobster\Application\Admin\Model\OrdersModel.class.php 第 16 行.
SQL: SHOW COLUMNS FROM `orders` [ RunTime:0.0133s ]
SQL: SELECT COUNT(*) AS tp_count FROM `orders` LIMIT 1   [ RunTime:0.0007s ]
SQL: SELECT * FROM `orders` LIMIT 0,10   [ RunTime:0.0007s ]
SQL: select * from goods where id=1 [ RunTime:0.0007s ]
SQL: select * from goods where id=5 [ RunTime:0.0368s ]

[ 2015-04-19T22:10:22+08:00 ] 127.0.0.1 /index.php/Admin/Admin/orders.html
INFO: [ app_init ] --START--
INFO: Run Behavior\BuildLiteBehavior [ RunTime:0.000043s ]
INFO: [ app_init ] --END-- [ RunTime:0.000221s ]
INFO: [ app_begin ] --START--
INFO: Run Behavior\ReadHtmlCacheBehavior [ RunTime:0.002459s ]
INFO: [ app_begin ] --END-- [ RunTime:0.002658s ]
INFO: [ action_begin ] --START--
INFO: Run Admin\Behavior\CheckPermissionBehavior [ RunTime:0.002687s ]
INFO: [ action_begin ] --END-- [ RunTime:0.002917s ]
NOTIC: [2048] Declaration of Admin\Model\BaseModel::page() should be compatible with Think\Model::page($page, $listRows = NULL) F:\phpEnve\Apache\htdocs\lobster\Application\Admin\Model\BaseModel.class.php 第 16 行.
NOTIC: [2048] Declaration of Admin\Model\OrdersModel::_goodsName() should be compatible with Admin\Model\BaseModel::_goodsName() F:\phpEnve\Apache\htdocs\lobster\Application\Admin\Model\OrdersModel.class.php 第 16 行.
SQL: SHOW COLUMNS FROM `orders` [ RunTime:0.0159s ]
SQL: SELECT COUNT(*) AS tp_count FROM `orders` LIMIT 1   [ RunTime:0.0009s ]
SQL: SELECT * FROM `orders` LIMIT 0,10   [ RunTime:0.0009s ]
SQL: select * from goods where id=1 [ RunTime:0.0008s ]
SQL: select * from goods where id=5 [ RunTime:0.0007s ]

[ 2015-04-19T22:10:39+08:00 ] 127.0.0.1 /index.php/Admin/Admin/orders.html
INFO: [ app_init ] --START--
INFO: Run Behavior\BuildLiteBehavior [ RunTime:0.000044s ]
INFO: [ app_init ] --END-- [ RunTime:0.000225s ]
INFO: [ app_begin ] --START--
INFO: Run Behavior\ReadHtmlCacheBehavior [ RunTime:0.002571s ]
INFO: [ app_begin ] --END-- [ RunTime:0.002805s ]
INFO: [ action_begin ] --START--
INFO: Run Admin\Behavior\CheckPermissionBehavior [ RunTime:0.004075s ]
INFO: [ action_begin ] --END-- [ RunTime:0.004310s ]
NOTIC: [2048] Declaration of Admin\Model\BaseModel::page() should be compatible with Think\Model::page($page, $listRows = NULL) F:\phpEnve\Apache\htdocs\lobster\Application\Admin\Model\BaseModel.class.php 第 16 行.
SQL: SHOW COLUMNS FROM `orders` [ RunTime:0.0102s ]
SQL: SELECT COUNT(*) AS tp_count FROM `orders` LIMIT 1   [ RunTime:0.0248s ]
SQL: SELECT * FROM `orders` LIMIT 0,10   [ RunTime:0.0006s ]
SQL: select * from goods where id=1 [ RunTime:0.0005s ]
SQL: select * from goods where id=5 [ RunTime:0.0004s ]

[ 2015-04-19T22:10:39+08:00 ] 127.0.0.1 /index.php/Admin/Admin/orders.html
INFO: [ app_init ] --START--
INFO: Run Behavior\BuildLiteBehavior [ RunTime:0.000046s ]
INFO: [ app_init ] --END-- [ RunTime:0.000240s ]
INFO: [ app_begin ] --START--
INFO: Run Behavior\ReadHtmlCacheBehavior [ RunTime:0.002457s ]
INFO: [ app_begin ] --END-- [ RunTime:0.002672s ]
INFO: [ action_begin ] --START--
INFO: Run Admin\Behavior\CheckPermissionBehavior [ RunTime:0.002550s ]
INFO: [ action_begin ] --END-- [ RunTime:0.002769s ]
NOTIC: [2048] Declaration of Admin\Model\BaseModel::page() should be compatible with Think\Model::page($page, $listRows = NULL) F:\phpEnve\Apache\htdocs\lobster\Application\Admin\Model\BaseModel.class.php 第 16 行.
SQL: SHOW COLUMNS FROM `orders` [ RunTime:0.0222s ]
SQL: SELECT COUNT(*) AS tp_count FROM `orders` LIMIT 1   [ RunTime:0.0288s ]
SQL: SELECT * FROM `orders` LIMIT 0,10   [ RunTime:0.0010s ]
SQL: select * from goods where id=1 [ RunTime:0.0012s ]
SQL: select * from goods where id=5 [ RunTime:0.0009s ]

[ 2015-04-19T22:11:10+08:00 ] 127.0.0.1 /index.php/Admin/Admin/orders.html
INFO: [ app_init ] --START--
INFO: Run Behavior\BuildLiteBehavior [ RunTime:0.000025s ]
INFO: [ app_init ] --END-- [ RunTime:0.000115s ]
INFO: [ app_begin ] --START--
INFO: Run Behavior\ReadHtmlCacheBehavior [ RunTime:0.001198s ]
INFO: [ app_begin ] --END-- [ RunTime:0.001355s ]
INFO: [ action_begin ] --START--
INFO: Run Admin\Behavior\CheckPermissionBehavior [ RunTime:0.001298s ]
INFO: [ action_begin ] --END-- [ RunTime:0.001414s ]
NOTIC: [2048] Declaration of Admin\Model\BaseModel::page() should be compatible with Think\Model::page($page, $listRows = NULL) F:\phpEnve\Apache\htdocs\lobster\Application\Admin\Model\BaseModel.class.php 第 16 行.
NOTIC: [2048] Declaration of Admin\Model\OrdersModel::_goodsName() should be compatible with Admin\Model\BaseModel::_goodsName() F:\phpEnve\Apache\htdocs\lobster\Application\Admin\Model\OrdersModel.class.php 第 16 行.
SQL: SHOW COLUMNS FROM `orders` [ RunTime:0.0087s ]
SQL: SELECT COUNT(*) AS tp_count FROM `orders` LIMIT 1   [ RunTime:0.0006s ]
SQL: SELECT * FROM `orders` LIMIT 0,10   [ RunTime:0.0307s ]
NOTIC: [2] Missing argument 1 for Admin\Model\OrdersModel::_goodsName(), called in F:\phpEnve\Apache\htdocs\lobster\Application\Admin\Model\BaseModel.class.php on line 39 and defined F:\phpEnve\Apache\htdocs\lobster\Application\Admin\Model\OrdersModel.class.php 第 18 行.
NOTIC: [8] Undefined variable: rows F:\phpEnve\Apache\htdocs\lobster\Application\Admin\Model\OrdersModel.class.php 第 19 行.
NOTIC: [2] Invalid argument supplied for foreach() F:\phpEnve\Apache\htdocs\lobster\Application\Admin\Model\OrdersModel.class.php 第 19 行.

[ 2015-04-19T22:11:11+08:00 ] 127.0.0.1 /index.php/Admin/Admin/orders.html
INFO: [ app_init ] --START--
INFO: Run Behavior\BuildLiteBehavior [ RunTime:0.000044s ]
INFO: [ app_init ] --END-- [ RunTime:0.000224s ]
INFO: [ app_begin ] --START--
INFO: Run Behavior\ReadHtmlCacheBehavior [ RunTime:0.002407s ]
INFO: [ app_begin ] --END-- [ RunTime:0.002602s ]
INFO: [ action_begin ] --START--
INFO: Run Admin\Behavior\CheckPermissionBehavior [ RunTime:0.002526s ]
INFO: [ action_begin ] --END-- [ RunTime:0.002748s ]
NOTIC: [2048] Declaration of Admin\Model\BaseModel::page() should be compatible with Think\Model::page($page, $listRows = NULL) F:\phpEnve\Apache\htdocs\lobster\Application\Admin\Model\BaseModel.class.php 第 16 行.
NOTIC: [2048] Declaration of Admin\Model\OrdersModel::_goodsName() should be compatible with Admin\Model\BaseModel::_goodsName() F:\phpEnve\Apache\htdocs\lobster\Application\Admin\Model\OrdersModel.class.php 第 16 行.
SQL: SHOW COLUMNS FROM `orders` [ RunTime:0.0174s ]
SQL: SELECT COUNT(*) AS tp_count FROM `orders` LIMIT 1   [ RunTime:0.0005s ]
SQL: SELECT * FROM `orders` LIMIT 0,10   [ RunTime:0.0008s ]
NOTIC: [2] Missing argument 1 for Admin\Model\OrdersModel::_goodsName(), called in F:\phpEnve\Apache\htdocs\lobster\Application\Admin\Model\BaseModel.class.php on line 39 and defined F:\phpEnve\Apache\htdocs\lobster\Application\Admin\Model\OrdersModel.class.php 第 18 行.
NOTIC: [8] Undefined variable: rows F:\phpEnve\Apache\htdocs\lobster\Application\Admin\Model\OrdersModel.class.php 第 19 行.
NOTIC: [2] Invalid argument supplied for foreach() F:\phpEnve\Apache\htdocs\lobster\Application\Admin\Model\OrdersModel.class.php 第 19 行.

[ 2015-04-19T22:17:02+08:00 ] 127.0.0.1 /index.php/Admin/Admin/orders.html
INFO: [ app_init ] --START--
INFO: Run Behavior\BuildLiteBehavior [ RunTime:0.000055s ]
INFO: [ app_init ] --END-- [ RunTime:0.000317s ]
INFO: [ app_begin ] --START--
INFO: Run Behavior\ReadHtmlCacheBehavior [ RunTime:0.002924s ]
INFO: [ app_begin ] --END-- [ RunTime:0.003144s ]
INFO: [ action_begin ] --START--
INFO: Run Admin\Behavior\CheckPermissionBehavior [ RunTime:0.003620s ]
INFO: [ action_begin ] --END-- [ RunTime:0.003852s ]
NOTIC: [2048] Declaration of Admin\Model\BaseModel::page() should be compatible with Think\Model::page($page, $listRows = NULL) F:\phpEnve\Apache\htdocs\lobster\Application\Admin\Model\BaseModel.class.php 第 16 行.
NOTIC: [2048] Declaration of Admin\Model\OrdersModel::_goodsName() should be compatible with Admin\Model\BaseModel::_goodsName(&$rows) F:\phpEnve\Apache\htdocs\lobster\Application\Admin\Model\OrdersModel.class.php 第 16 行.
SQL: SHOW COLUMNS FROM `orders` [ RunTime:0.0097s ]
SQL: SELECT COUNT(*) AS tp_count FROM `orders` LIMIT 1   [ RunTime:0.0008s ]
SQL: SELECT * FROM `orders` LIMIT 0,10   [ RunTime:0.0197s ]
SQL: select * from goods where id=1 [ RunTime:0.0006s ]
SQL: select * from goods where id=5 [ RunTime:0.0005s ]

[ 2015-04-19T22:17:06+08:00 ] 127.0.0.1 /index.php/Admin/Admin/orders.html
INFO: [ app_init ] --START--
INFO: Run Behavior\BuildLiteBehavior [ RunTime:0.000044s ]
INFO: [ app_init ] --END-- [ RunTime:0.000227s ]
INFO: [ app_begin ] --START--
INFO: Run Behavior\ReadHtmlCacheBehavior [ RunTime:0.002420s ]
INFO: [ app_begin ] --END-- [ RunTime:0.002619s ]
INFO: [ action_begin ] --START--
INFO: Run Admin\Behavior\CheckPermissionBehavior [ RunTime:0.002500s ]
INFO: [ action_begin ] --END-- [ RunTime:0.002715s ]
NOTIC: [2048] Declaration of Admin\Model\BaseModel::page() should be compatible with Think\Model::page($page, $listRows = NULL) F:\phpEnve\Apache\htdocs\lobster\Application\Admin\Model\BaseModel.class.php 第 16 行.
NOTIC: [2048] Declaration of Admin\Model\OrdersModel::_goodsName() should be compatible with Admin\Model\BaseModel::_goodsName(&$rows) F:\phpEnve\Apache\htdocs\lobster\Application\Admin\Model\OrdersModel.class.php 第 16 行.
SQL: SHOW COLUMNS FROM `orders` [ RunTime:0.0173s ]
SQL: SELECT COUNT(*) AS tp_count FROM `orders` LIMIT 1   [ RunTime:0.0009s ]
SQL: SELECT * FROM `orders` LIMIT 0,10   [ RunTime:0.0009s ]
SQL: select * from goods where id=1 [ RunTime:0.0316s ]
SQL: select * from goods where id=5 [ RunTime:0.0005s ]

[ 2015-04-19T22:20:16+08:00 ] 127.0.0.1 /index.php/Admin/Admin/orders.html
INFO: [ app_init ] --START--
INFO: Run Behavior\BuildLiteBehavior [ RunTime:0.000044s ]
INFO: [ app_init ] --END-- [ RunTime:0.000235s ]
INFO: [ app_begin ] --START--
INFO: Run Behavior\ReadHtmlCacheBehavior [ RunTime:0.003015s ]
INFO: [ app_begin ] --END-- [ RunTime:0.003244s ]
INFO: [ action_begin ] --START--
INFO: Run Admin\Behavior\CheckPermissionBehavior [ RunTime:0.003365s ]
INFO: [ action_begin ] --END-- [ RunTime:0.003584s ]
NOTIC: [2048] Declaration of Admin\Model\BaseModel::page() should be compatible with Think\Model::page($page, $listRows = NULL) F:\phpEnve\Apache\htdocs\lobster\Application\Admin\Model\BaseModel.class.php 第 16 行.
SQL: SHOW COLUMNS FROM `orders` [ RunTime:0.0237s ]
SQL: SELECT COUNT(*) AS tp_count FROM `orders` LIMIT 1   [ RunTime:0.0009s ]
SQL: SELECT * FROM `orders` LIMIT 0,10   [ RunTime:0.0010s ]
SQL: select * from goods where id=1 [ RunTime:0.0008s ]
SQL: select * from goods where id=5 [ RunTime:0.0300s ]

[ 2015-04-19T22:31:39+08:00 ] 127.0.0.1 /index.php/Admin/Admin/orders.html
INFO: [ app_init ] --START--
INFO: Run Behavior\BuildLiteBehavior [ RunTime:0.000045s ]
INFO: [ app_init ] --END-- [ RunTime:0.000232s ]
INFO: [ app_begin ] --START--
INFO: Run Behavior\ReadHtmlCacheBehavior [ RunTime:0.002889s ]
INFO: [ app_begin ] --END-- [ RunTime:0.003095s ]
INFO: [ action_begin ] --START--
INFO: Run Admin\Behavior\CheckPermissionBehavior [ RunTime:0.003881s ]
INFO: [ action_begin ] --END-- [ RunTime:0.004105s ]
NOTIC: [2048] Declaration of Admin\Model\BaseModel::page() should be compatible with Think\Model::page($page, $listRows = NULL) F:\phpEnve\Apache\htdocs\lobster\Application\Admin\Model\BaseModel.class.php 第 16 行.
SQL: SHOW COLUMNS FROM `orders` [ RunTime:0.0095s ]
SQL: SELECT COUNT(*) AS tp_count FROM `orders` LIMIT 1   [ RunTime:0.0022s ]
SQL: SELECT * FROM `orders` LIMIT 0,10   [ RunTime:0.0006s ]
SQL: select * from goods where id=1 [ RunTime:0.0007s ]
SQL: select * from goods where id=5 [ RunTime:0.0005s ]
INFO: [ view_parse ] --START--
INFO: [ template_filter ] --START--
INFO: Run Behavior\ContentReplaceBehavior [ RunTime:0.000108s ]
INFO: [ template_filter ] --END-- [ RunTime:0.000206s ]
INFO: Run Behavior\ParseTemplateBehavior [ RunTime:0.089316s ]
INFO: [ view_parse ] --END-- [ RunTime:0.089456s ]
INFO: [ view_filter ] --START--
INFO: Run Behavior\WriteHtmlCacheBehavior [ RunTime:0.014826s ]
INFO: [ view_filter ] --END-- [ RunTime:0.014921s ]
INFO: [ app_end ] --START--
INFO: Run Behavior\ShowPageTraceBehavior [ RunTime:0.009115s ]
INFO: [ app_end ] --END-- [ RunTime:0.009213s ]

[ 2015-04-19T22:32:57+08:00 ] 127.0.0.1 /index.php/Admin/Admin/orders.html
INFO: [ app_init ] --START--
INFO: Run Behavior\BuildLiteBehavior [ RunTime:0.000082s ]
INFO: [ app_init ] --END-- [ RunTime:0.000311s ]
INFO: [ app_begin ] --START--
INFO: Run Behavior\ReadHtmlCacheBehavior [ RunTime:0.002456s ]
INFO: [ app_begin ] --END-- [ RunTime:0.002660s ]
INFO: [ action_begin ] --START--
INFO: Run Admin\Behavior\CheckPermissionBehavior [ RunTime:0.002563s ]
INFO: [ action_begin ] --END-- [ RunTime:0.002775s ]
NOTIC: [2048] Declaration of Admin\Model\BaseModel::page() should be compatible with Think\Model::page($page, $listRows = NULL) F:\phpEnve\Apache\htdocs\lobster\Application\Admin\Model\BaseModel.class.php 第 16 行.
SQL: SHOW COLUMNS FROM `orders` [ RunTime:0.0173s ]
SQL: SELECT COUNT(*) AS tp_count FROM `orders` LIMIT 1   [ RunTime:0.0010s ]
SQL: SELECT * FROM `orders` LIMIT 0,10   [ RunTime:0.0010s ]
SQL: select * from goods where id=1 [ RunTime:0.0009s ]
SQL: select * from goods where id=5 [ RunTime:0.0009s ]

[ 2015-04-19T22:33:49+08:00 ] 127.0.0.1 /index.php/Admin/Admin/orders.html
INFO: [ app_init ] --START--
INFO: Run Behavior\BuildLiteBehavior [ RunTime:0.000048s ]
INFO: [ app_init ] --END-- [ RunTime:0.000253s ]
INFO: [ app_begin ] --START--
INFO: Run Behavior\ReadHtmlCacheBehavior [ RunTime:0.002893s ]
INFO: [ app_begin ] --END-- [ RunTime:0.003102s ]
INFO: [ action_begin ] --START--
INFO: Run Admin\Behavior\CheckPermissionBehavior [ RunTime:0.004390s ]
INFO: [ action_begin ] --END-- [ RunTime:0.004619s ]
NOTIC: [2048] Declaration of Admin\Model\BaseModel::page() should be compatible with Think\Model::page($page, $listRows = NULL) F:\phpEnve\Apache\htdocs\lobster\Application\Admin\Model\BaseModel.class.php 第 16 行.
SQL: SHOW COLUMNS FROM `orders` [ RunTime:0.0103s ]
SQL: SELECT COUNT(*) AS tp_count FROM `orders` LIMIT 1   [ RunTime:0.0006s ]
SQL: SELECT * FROM `orders` LIMIT 0,10   [ RunTime:0.0006s ]
SQL: select * from goods where id=1 [ RunTime:0.0005s ]
SQL: select * from goods where id=5 [ RunTime:0.0005s ]
INFO: [ view_parse ] --START--
INFO: [ template_filter ] --START--
INFO: Run Behavior\ContentReplaceBehavior [ RunTime:0.000113s ]
INFO: [ template_filter ] --END-- [ RunTime:0.000213s ]
INFO: Run Behavior\ParseTemplateBehavior [ RunTime:0.017483s ]
INFO: [ view_parse ] --END-- [ RunTime:0.017624s ]
INFO: [ view_filter ] --START--
INFO: Run Behavior\WriteHtmlCacheBehavior [ RunTime:0.001141s ]
INFO: [ view_filter ] --END-- [ RunTime:0.001301s ]
INFO: [ app_end ] --START--
INFO: Run Behavior\ShowPageTraceBehavior [ RunTime:0.001811s ]
INFO: [ app_end ] --END-- [ RunTime:0.001923s ]

