[ 2015-04-29T09:27:17+08:00 ] 127.0.0.1 /index.php/Admin/Admin/reservation.html
INFO: [ app_init ] --START--
INFO: Run Behavior\BuildLiteBehavior [ RunTime:0.000048s ]
INFO: [ app_init ] --END-- [ RunTime:0.000252s ]
INFO: [ app_begin ] --START--
INFO: Run Behavior\ReadHtmlCacheBehavior [ RunTime:0.041149s ]
INFO: [ app_begin ] --END-- [ RunTime:0.041406s ]
INFO: [ action_begin ] --START--
INFO: Run Admin\Behavior\CheckPermissionBehavior [ RunTime:0.060107s ]
INFO: [ action_begin ] --END-- [ RunTime:0.060332s ]
NOTIC: [2048] Declaration of Admin\Model\BaseModel::page() should be compatible with Think\Model::page($page, $listRows = NULL) F:\phpEnve\Apache\htdocs\lobster\Application\Admin\Model\BaseModel.class.php 第 16 行.
SQL: SHOW COLUMNS FROM `reservation` [ RunTime:0.0235s ]
SQL: SELECT COUNT(*) AS tp_count FROM `reservation` LIMIT 1   [ RunTime:0.0011s ]
SQL: SELECT * FROM `reservation` LIMIT 0,10   [ RunTime:0.0011s ]
SQL: select * from seats where seat_number=9 [ RunTime:0.0027s ]
INFO: [ view_parse ] --START--
INFO: [ template_filter ] --START--
INFO: Run Behavior\ContentReplaceBehavior [ RunTime:0.000162s ]
INFO: [ template_filter ] --END-- [ RunTime:0.000261s ]
INFO: Run Behavior\ParseTemplateBehavior [ RunTime:0.061911s ]
INFO: [ view_parse ] --END-- [ RunTime:0.062069s ]
INFO: [ view_filter ] --START--
INFO: Run Behavior\WriteHtmlCacheBehavior [ RunTime:0.000941s ]
INFO: [ view_filter ] --END-- [ RunTime:0.001017s ]
INFO: [ app_end ] --START--
INFO: Run Behavior\ShowPageTraceBehavior [ RunTime:0.001447s ]
INFO: [ app_end ] --END-- [ RunTime:0.001531s ]

